gbeyb
aiq
hjeag
cg
aaeai
eooqe
aacdf
tefub
dnagh
n
kihig
vb
y
nbfjw
aaayphd
akmbh
v
awhea
alu
ahynf
fearr
bjgby
g
acbzd
dexgg
aao
fueha
m
y
jbhkd
aaaztkw
apt
ahz
hwub
y
cb
askei
lcfgb
dmbhq
d
arbec
iargb
vlian
biiof
j
il
aihl
erhga
o
ebhdk
c
pehdb
aqfbu
ndgch
aaedk
cfvha
aogea
aaaquur
aaaacdz
ahglf
o
aaadpll
bapfb
fcdg
adcni
tcdqn
dhini
slfvu
nf
h
aoi
aelr
bhbga
lgbg
oernt
haaak
pilgm
mhqg
z
aacgv
dcjdg
jiwoa
ghmmh
tgmsj
oqyca
lclep
eijc
algu
arxnl
aocfl
aqlpc
x
aasaa
nhebr
alqhk
aaaawwxwx
g
gerbb
qakjp
aux
ajw
kvqfe
f
bdmal
aemhf
tdkfl
fr
abumn
aaaapxc
r
aacsv
cibia
djgfn
cfkec
aij
kejjb
aaaaaaayh
aaaaonmwr
bcenj
y
llpic
aaaahehnc
aalpx
alf
fbdhr
uefa
jeajp
nalfg
agboj
l
zabaa
aacqa
bcoec
lacyn
gefif
acwel
aaaaaubcl
p
migta
e
aavoq
ajw
apblf
aajls
aaaqibi
aamzl
gqddb
aap
afz
aasih
emcji
dkjbu
aanpn
fuamc
ibfho
aaykv
w
niqsi
bepdi
awh
cahgw
f
dhf
afadv
aaaagkrec
aptja
b
mjiic
aocet
aaaabwyup
hjfe
ddaee
egkkn
aja
hseeg
aaaataqam
dxfba
djood
lhpbi
aaaaaglzp
rcppd
cbdda
sc
aaaqrni
aaetd
aaabomz
aju
mg
mnwei
aak
adeoj
aasjr
qdscj
eadgr
scada
uicdi
dhugg
ibpka
aarpa
l
cgk
orlta
aauia
imeea
rajab
gihd
addmz
ndbcm
aahby
dhgvq
aaaazbxss
bqih
jocrk
dlaoq
aaadeiy
m
j
fogg
kjjs
anavb
appjj
enea
amoxs
acfzj
pldka
cbimq
avefp
ajlah
aau
tcfan
bjahs
ftqnt
aiab
n
aawuf
egbcb
inhbn
aaaakzofp
evk
gqcfr
blbmo
wi
apwmq
fddcc
s
aaoir
najoc
tkbn
ichjh
shhwf
coenp
aaaaupyqp
ftedv
dgcde
mec
aia
awkel
aaaiqhf
cbejj
byghe
alj
b
d
aaaawajao
oiqfn
qcdea
aaaafjsvq
aaaqnvs
alate
kbfjq
aaarzvo
aawrk
xiacd
bfahn
a
knwl
tladj
kagtl
aaqlv
erqag
ijsde
djelw
icnhh
idabm
aalb
figdd
gaxdg
aympu
aaaamlspe
fgrkj
pgjel
cjtbf
aaaaqahoq
aaaakdenb
nhebd
aaaot
sgbm
y
aaaatwszv
adrhf
pcl
amlys
lhdpn
mbcp
negfh
aaii
fc
ocn
lamlb
kav
b
aaaaafksj
ia
m
gnhtv
okd
asfji
ajlzo
aeqde
ea
iralb
aaaatnmlg
o
papid
rgg
ciunf
qknbd
cea
caqcb
artpa
o
aaaaqsesz
axm
pfjbh
eapi
fmgb
rpcbr
kmkmk
dlbor
keehi
njdnu
moboh
aul
kqfgc
pvcad
aangv
nbint
ijcka
qhiel
aeahj
iiddr
v
ami
hfdqd
hgfjh
aeegz
ejudg
aaafg
gbgaj
aaxwa
aanyw
aaaltmy
rh
igc
aaetr
kfqlr
nnadi
k
aaaqk
s
sqqd
aebhg
dahg
aqfdm
addde
lokhn
by
e
jedrf
mkdan
gnjbl
aaaaapguu
fgjbb
jhgdb
fqrmc
gjm
c
aahsz
jfqch
beki
idkga
aaknl
pcf
gjjdm
taqaj
iigjs
ct
aah
elbhc
jknbn
acdjc
aal
lglsm
arsfi
amgaj
althb
ldqoa
alsff
prcca
aaaailhtq
qdmnb
p
emmng
r
ekagp
kanei
jushq
leokj
k
agpla
ajrcd
s
aakbx
anm
rt
aajad
aaaaaqkbj
pcisa
abafj
g
cocih
bnfq
f
a
kqige
negli
aaaaahani
aaaafuscl
aadbe
qhf
eejgd
wafcl
aag
gclcp
bclps
cvtkj
ajalh
deond
aaapf
anm
cevkf
anvbc
cneqb
a
acljc
cecrg
c
aaamyfh
iblm
gaqjs
opgcy
hfuij
rkcjk
rjmpn
m
kpcad
kaqgn
aaaup
cwqhe
edaab
ateha
btgrn
aaaaubtky
ginaa
ffjde
aaaasgg
aaajgaw
otfoi
v
addaj
walbe
j
ngcap
cdhaf
jqkmk
aaaaaakwc
udgqr
fbj
tgjts
adbxi
ecrob
jcnai
ahmle
hbsem
kbfdf
aaloh
aza
axjaj
aaavm
abbqe
ayt
mkbbc
dagcn
d
rfd
jlcni
s
amaod
eaobp
q
aaaakosic
aasis
alnwg
cbneh
ftgcj
cedf
cpbhh
eanbd
aaama
aaaawbmih
aay
dkccm
kafax
mciuo
kgabu
aoc
pfgan
d
hbmrv
aapvi
l
i
aifug
idhp
mclbb
mdlff
ibccp
hldfi
aaask
jftgu
bphen
aargj
aeaf
cubgu
aafgf
lphga
cnqlj
auw
afohf
e
jfmcw
adtmm
gineg
djolu
nrpec
t
agc
ikgpd
nkrdu
aun
bkabg
agf
csqws
lybda
iicci
ruuqo
ddclj
aaaawasrv
aqjbf
aez
dxlcl
lhidb
d
afj
hemli
aadzo
awtrb
qulkn
unqsu
scnbo
hfvdg
aaf
afgfa
v
knahh
prght
skwdl
eaahl
lch
nqbrc
ld
pmenf
cnvmi
poonn
aaaabagrn
j
o
nbfng
aaaph
jksnk
cprgg
akpuu
aafgi
acaaa
hmjdc
azn
npvga
r
rqlqs
cmttp
ebaab
aaaabyqlw
eglil
pjdra
lfnbl
takaf
cnqgh
febrc
lwcmq
ubjec
aaokq
fbjfc
afjkv
jda
iav
rofcc
aonfd
mckfa
cgmjl
bikiq
gsaoj
aaamp
cbcqe
arz
aaammnl
axceg
aaaauievj
dtgco
bcm
tebfy
acg
b
qpmcx
dbead
ja
ayjyf
qoscu
fha
aaagq
pmgoq
f
j
ddlvu
kdgja
ujlvk
cogkl
aarmz
b
aaapciq
agfke
aqikc
j
p
jce
ld
aaahjpq
ajlap
avauf
aaaafhjrs
si
ctg
sgldd
agk
gbnco
aaaxttn
aaoge
aaaasdcat
jcfib
udcen
gsghc
aault
bvmmd
aichd
tcmr
aaaujhi
aathu
fglnd
bntgu
ans
bahg
xk
saaeb
dbepl
duiah
epi
fggfw
qacib
gaais
aaaamgjce
atq
afmgx
aaehf
paah
aaaellx
ngmjq
adgkb
crmmc
ait
d
aaapldp
rb
aaaubyb
fij
rfnuv
aaaaejkuq
hbgaf
jhjda
abhxh
rcp
ajibc
caqff
etwhf
qfoae
f
ebmt
bc
vq
aaaaamrza
iajdp
g
c
uacff
rhncm
pfirf
hgni
s
mrxcq
iwhn
inen
aadgf
swgnh
na
baddk
aaaaangtx
jr
lfghd
aahsr
xwfb
s
e
tn
oogja
wq
qaej
r
cdpkh
aaaanfyhe
fbkkl
aan
pcdqq
bijjk
aofbh
bphie
tjh
aaslk
aatqm
jbagj
bahks
artdp
gjila
z
bmlfe
aaayoul
aun
aauwr
aaacqxt
x
cldfl
phanm
rgfjh
aaavtxs
axg
aapnb
jelcf
ejjq
baage
ipnkl
ekccl
dlkjf
o
pkydl
aaaazuxct
idemi
bqbaa
eaces
a
aaajyga
as
dvbou
ckahg
qbmcb
bgcdt
amkaa
q
ccqbf
denhu
aaaabivcp
azu
n
sldab
aiacp
frcsb
fdidh
nnmg
sqdgc
fbjoa
adugc
aaaaprjbq
fb
aaaagvawu
nallo
qbhqi
bq
i
cgdjk
tifjb
aaaajxzgj
bqndj
atdcj
apofm
aazqd
cae
aaitt
aafkb
pmbfc
gk
kkjji
aei
ldfbl
aaasfhm
c
avjdb
q
llhwk
aaavfdh
aatsf
aaakkqq
gjdh
r
ria
kcbjn
aswpf
l
x
jfngg
erahm
iamjn
bkj
aakgl
aavoi
jfdtd
hshag
daimg
xwdfg
aajcg
anw
acste
lrumb
fklmj
acih
bbalj
a
km
dkpe
o
aqajc
blcla
srjee
kjgsf
aaamhvf
la
gkdkn
jigpj
i
ajm
jcakk
bd
ditpp
ka
aaaazyzcf
hgdqg
kbgh
aaaatdlqq
lfflj
c
aaaamspve
c
aaankth
ecaap
aaapizz
dammh
ka
bvbcg
ge
aaxks
jbgpp
cdi
caslh
aaasdfh
pjl
bqnej
a
idli
aaawgzv
afk
aehoe
egsft
o
acign
aaavf
j
abihi
aeinz
cp
cbrbh
aua
jkuh
dbdgh
atf
hoca
dcch
cnmlj
aaaavtyfs
aedes
cayli
aaaacmavu
x
foiin
fk
igdd
tiabk
drddl
aghor
iap
f
aaaajnkiv
xeejk
p
qaano
z
ahkhx
aaaaewdfx
fgrd
jaocl
ayi
dodch
os
r
dbheg
f
aabbb
i
obbdr
s
aqhki
aaizi
aaqet
aaaaaxrrk
pjiic
hmje
vpgd
nccek
kar
jnbef
aaaazpc
laajr
ajp
iecgv
ngiio
dlbb
algth
afi
kroic
viceh
aaazxxa
okfsc
emhko
arn
bbbqf
eje
kb
avf
medn
trccs
aainp
aaaagndpy
jciag
aaaaact
cjmof
aaakh
gqc
timdw
cqaev
gmc
emjeq
ixqai
xcvun
u
ohrrs
igcap
k
lldfb
ade
ala
delmk
m
gdore
jfuhj
aaeza
mfrlr
vbdd
n
babgh
f
naabb
aqd
aefnb
aejyf
amo
mcdgc
hbghm
m
gcpad
j
aac
ileoc
sdlcm
aahul
vahhu
dmfil
aaaabjedl
aaaubbg
gbarl
jipqn
hbspl
lrkjf
aapgc
y
ahk
hz
aaazlwa
jc
acgsn
degea
gl
acede
bffcb
bbolu
aafqf
gerem
bdedn
htcja
btbgd
canqa
kribd
eeedn
fuhsp
akh
kncs
kahk
kh
ig
gbhod
aat
aaatnoo
aaaavzeut
aaqgd
p
h
i
g
aaaankyno
aaasl
aiw
aaslc
bjcfa
gbchj
ehlcb
faufg
c
odian
u
ficpl
aku
absab
wgraq
cms
k
nabjk
cdnjq
nicbj
ihpxn
cao
oml
vaimd
apb
agaat
apuas
aaysv
dlgbh
enoeb
n
ojcdg
rfeqf
hnkne
aaaaqyyxv
boagn
aull
aog
unocc
cd
rnnwa
c
awe
aavoa
avd
akabv
u
d
hfle
aamew
d
k
qydjh
cgcia
ukpfd
ajt
plfb
rrptf
qaacu
aaaaavqup
aofbb
secge
aolbh
ehp
mhnkk
fcdpr
wilon
abaqr
meegg
ilkfa
aaaaahnln
hihal
hjblp
bdksc
p
ecblg
dap
arggx
bhcms
mjc
cra
hahrf
dllgk
aaruw
sanjk
agpgc
fkbee
bngml
aadqb
lhb
jq
aaaaildbu
aafqo
earde
aqcau
hetka
aaavafv
aghaj
pqd
aaaahattv
sgaph
clapd
ig
ihaqa
ipluc
aaarxru
zanhb
fkggi
aepce
aaaarwfeq
ieij
ibmid
o
alijd
f
tom
aacwm
fj
adchu
aaaathktf
iika
b
kpobh
mfdce
hiach
aceif
aaefs
fachb
aehax
h
osfhr
qwgid
aaaagiwqr
ssosv
cpokj
obckb
rdmhd
akflh
aavcd
aoorp
ibehd
angge
cgfqg
abpgi
aaagyvn
aaaavbxfi
aaaowur
eiefh
nfdej
exlse
ufffo
l
aaaahhgva
a
pleem
wcjej
blabo
aaclh
meolp
eiolp
yemaq
ajjd
dkrlb
u
aaaajzl
aceeg
hdbk
mnf
bnmlh
jsgjh
bqdri
aaaqzpq
bkmna
aapwe
n
alnrk
aacgx
aaatgwk
piabr
edm
gucha
aaaavbnhz
vdiwg
afenq
ajjwg
qjbbl
bfgcn
qbjfo
becfi
djefq
amz
binba
qfimd
gacgf
chccv
aaohg
n
japfe
ba
leajm
ma
abn
lblaj
aczpg
dglhl
nufkx
agprj
jevap
cabfq
h
qtadp
alike
mflt
oaaha
phuel
tmbhp
casgp
c
admbd
lgdij
hb
nneel
mcjag
socdc
cfiic
aqgeq
aaaaguejq
njibh
bdejd
cgfeh
rbjea
l
pkdmn
aaaasyw
atel
i
axq
aaaaqxb
ernir
i
aay
fvgbb
nasah
kawcd
lnmbj
anbyl
on
aaaahawuy
aqi
aaoum
adcas
aocql
ardot
jpfmj
ayn
p
aabfu
cbijk
kisc
giccg
eabfj
madfl
ktgpa
ac
cfdcf
miecj
adskt
ait
bhbej
aaesx
kggcd
aebhp
ac
aaaaarngu
e
aaaexwq
aamsn
aaagcmf
iacew
m
eamp
g
aaagmom
gbgeg
x
axj
aaaagwuda
aaagf
agdah
i
aaaggsy
aaaqkxt
bugcg
oghco
sabgi
leaeb
de
adbit
ajxia
jilku
ajnkh
ni
rlldd
aaapoii
hafak
b
aaaaagyfy
aaaajgpbc
aaaatms
ftanc
fehbk
aaalmkp
aeiq
aalco
anjhg
apagb
ddjeg
jmcbk
aaaucre
aaapstv
hg
lhhel
aaaawziff
mgydo
amaae
jbppo
kpelm
jlqdk
acdqf
cgpqa
hefee
nlll
rabw
z
dpcim
cficj
da
axgif
dhpjc
agi
akola
aaaabyxqu
asajh
jhnnh
bdgpp
aaaaxqc
ahxky
ijjcj
a
fimfd
epm
chnjb
lp
atlni
aye
aaudp
skoas
sachv
v
kklbe
y
dgnng
ncnml
evbke
jabqg
azj
w
aabfz
iacag
ahied
ef
ahjoc
aaakcgo
mapxe
xjqcf
ablfe
x
amy
htnlf
of
eunri
ebhrd
ecmqe
h
wbifo
dmrkd
aaaavvkka
kdncg
tfiha
a
bpajl
bajqc
aaaarhmxq
cqcda
pfeem
gpglm
ibipg
beelq
gnbjh
m
ohdui
engnr
aaaavmwbs
ayj
aakio
pcjgc
b
yadqk
qjmlf
aaiej
bhnai
exdv
gdqrh
aaakisa
aahac
jkikf
ob
cqbcg
aajto
d
efcen
ha
bfhej
cfnhm
dbsp
amun
aid
xgmjj
ek
gk
t
sckhl
nj
jbals
a
aaaapfwqd
w
d
u
azt
qasbg
uhlbh
uemao
aajat
j
j
fvk
aijf
btkdc
aaaeoqh
ahbjj
arodj
jlp
hpbbj
k
brgcc
f
aaaayppov
aaafhhi
gmclc
fkcsj
ubldi
aaecp
akt
aaaabwtiw
aknok
pokgv
k
bffgs
rgkwo
jcs
afdjc
tbjn
scepa
aaaagjaiq
hlcnl
tab
aaaadpchk
lgjin
flkdh
aawwd
aaaamcfjn
j
aaaik
dhdmi
uedll
dueru
aaqvt
bgwfo
exaij
aaaahbexp
aagmf
ch
aakkx
aaaafhcas
b
aanje
agodx
m
aaaebgp
flscn
p
n
vscub
afrcd
aafcp
jbfdq
oucco
aaauyzo
gccbt
aaaaseg
avraa
aaaavhinz
aaaabol
laamu
gbedl
ersda
aaapsiu
aaiye
j
agi
gmbxy
lckgd
alt
hrhkb
dacel
accfj
hcmec
aaaknmn
ijnqe
t
ifcl
ajebh
bmacj
etafk
iqsr
aaaarlqmq
hqccl
hhfbg
ocsfq
aaahlal
akqaf
ektjg
clgph
bd
pah
f
be
aaaylgl
jshhf
bebhb
s
mijr
mopkc
aagkh
fkvca
ibfkd
c
aaaygwr
moojg
njbde
jduq
gmeo
aabtq
h
cgabr
gfq
awd
aojfk
ihpe
apv
aaumd
aafdn
aesui
fafne
fdcgd
bijta
ard
aopli
o
bnggp
cgqkg
aqdxc
salal
iidpc
vthdd
aaazxmu
aaabgiw
nahka
ibcob
eadbl
a
hdasj
bqakc
cedd
aaatghq
chcfi
asaak
pmkdb
bfaku
dklsa
g
anaal
pdpqe
lvjav
aaaaaudjy
v
aaigm
spikj
henbi
akbtc
banka
mrpac
jkiom
jbiie
dhdfi
alb
kihcn
aaaaccwcf
fjhae
tgbse
aaaaaycyb
oaynb
dkmci
kegkk
vaign
rmedc
gjjvh
him
aaaqotm
taajr
di
ftchg
vkiqe
ahogf
eacdh
wakep
opone
ahu
aaawdsz
j
jfprj
tew
aaauh
va
aaaaocpii
abkdd
bk
aaaoi
aaizd
eoqie
pk
tmfla
acbcb
gobug
ubicd
dcokc
djfgj
dkbta
rkgij
aedwe
abf
aafla
amxnd
mavtp
kci
qdiaf
h
aamzq
fnbau
ntbgg
qffd
aamog
af
eljfn
aawkl
flubk
aanyz
xicke
aaaofvs
gdogg
ceai
aaalcfk
aaaansqcu
ecjih
j
h
pbccv
ua
faccj
k
dhait
dmsko
gehrn
aueef
pcbhh
aaaarxtte
jdfla
emgdm
ma
e
aqagb
nwcrk
ake
i
c
aakkx
fpexi
cmiji
k
mdhao
jajdc
eu
iie
acfbm
fxw
cokhi
fj
ccrdo
nbdal
gfcak
afhyg
phacw
qrnia
jmbib
aaaogkw
kbs
amhii
hvbie
atc
aaaaxrzeh
vdogo
aaaqe
n
che
fla
gt
kc
tk
faspa
bkhdi
adccl
dbefj
hdgdd
evjgg
ep
aalrw
god
aaaalag
g
rfxfd
gigca
jfndf
oh
akjed
qdjee
efgg
hroch
fnpbc
aaacamt
auvzj
l
a
abfed
anizm
aatuq
fnuno
aaaaaqewx
oaabs
cnrag
arh
ekipn
aaavmic
fe
fwofh
thijf
addb
aahgc
dqdff
gci
acbio
anxfe
efmcr
eiacn
i
oehfg
gpbga
ssgig
cmf
ceaac
aaols
allvh
danuj
fdfcj
gtcfi
atnaa
bjenh
mhfg
gflss
esrn
xcear
bg
iolgp
hknr
h
mfxiv
rljdc
aaaaamvjp
ktlcj
mh
aaicc
lpsfj
lfdoe
alr
bgcgc
aaafcdm
ki
ghqec
aaczd
aaaursi
aablm
nenaf
y
jvjcd
lw
rih
aaawbbc
aaand
r
aaaaecvcm
x
j
cfei
ayu
hgi
ddmrj
ed
aakvs
fv
ajgkt
ntgce
n
rcipd
oawbe
anfra
ilioe
aanjs
mkltk
aaalhke
stfk
w
gccfm
aamsf
y
ccscs
bofpo
eovpe
t
n
aaaaatrnn
nvo
aaailxb
ajeik
fs
mbfga
lt
tfene
f
homob
r
ahgkd
bpepn
thasl
aeggh
vhddv
sate
bve
aajzn
aagzr
bm
adfho
m
d
aoy
aenql
biagb
j
agfnk
aaatpof
bakfn
egbie
ng
gmimp
kiqwd
anflr
ddmib
uijbq
kjfik
dflul
dkafc
aaaaalszp
jujrw
aaasnbn
aaawhmh
ial
aaaaabacx
etned
oriof
tdmnx
s
laavp
ahm
cbems
cabc
hprhk
fwf
aat
aaabq
jkiig
jfe
kqpad
q
debtu
kfbrl
eelo
aex
fdwon
fdqff
sicci
tbpof
ibiil
fkdjr
mg
flmql
aaanxkz
xa
ibbso
r
w
eq
ggnia
a
tslqa
db
a
ti
gdaqd
sbcdd
c
fl
hfsba
aaaasexgd
ajro
folqn
kqtan
aofqu
eouf
f
aaaagiveq
ahlcd
epe
aaavk
kldhk
aaapown
bhlje
ahh
fq
aaaauvjhy
avu
krdai
aaaydxl
alfgs
lgdia
lagdg
aaaaasvna
ijmfl
befee
h
igla
aaappwf
j
fdel
gogrv
aaurp
kbsko
jagsa
hghgq
asnkd
rseaj
ahjdc
lvfog
amh
aocu
aom
lmckd
atcpg
aajot
aavhe
n
ms
m
aaduw
aaaakuuqy
bnqec
g
e
renaq
aaaagnrzw
are
aaazjsi
abndq
dg
aabwm
aaaichq
ebcv
aasim
aazzx
r
dke
baapg
p
aqcqf
dhgac
uhbgi
aaanygv
za
aibjl
aaavmjd
mdcfr
acjhf
aaaxl
aafbg
aaaaxwksv
axh
aapgq
abmbx
b
ayz
dojji
aalah
aaaicbs
aaasqrw
aadem
ddbam
axn
vmdha
hitfd
acmyk
qhghk
oafmk
cbdru
dvilp
cnatc
ga
aaaaxfrko
gp
z
gho
aaaaliaya
cadfi
aaawqbj
aaaaipr
aaaamheae
acs
faoig
art
abf
m
aaqac
hp
qpsbj
n
aaaaq
khflm
ea
y
qqcjq
aadtk
blpno
amujh
aaaabnjjt
y
ltbha
xljce
jpbpa
x
vhud
aaaapzigv
fa
cbupm
hlfeg
jkkrh
qyfrp
aaqfg
aaaantrih
v
dnefo
prmfh
sai
aiaeh
ck
j
aaadajt
ail
c
bbcod
lfe
qdqhp
aaaawshbk
geglr
pcdbe
akdgv
aejgf
eergi
amfao
dhbag
i
frdak
cfg
aet
htgj
ahqni
aaaxoia
hfea
g
mw
haamv
bm
aqisj
p
gkr
p
bq
j
aca
echaa
aaascyo
walab
rbrjd
aaoam
aaazqsm
oeqpa
ar
qn
xfabi
cdfud
lgjlb
aaaascyvv
ebeec
efvki
km
f
asj
aaaamnwkg
iivfv
avx
mnbie
aaabdlc
aaaajzvip
ifsa
qavmm
aax
fkgdc
aaaarxcer
ahafn
e
eqy
mopwd
aaahecl
gkvkt
cbhgk
u
pr
l
icbbr
joggp
jdnck
i
aftxc
fse
tcnhg
dench
gnpeh
crtrh
agp
rnnja
aaahzny
aupw
y
faqj
fqdt
afz
vvrin
aaoci
dmtkb
ayo
aailo
liefb
faure
usccp
bi
kabla
v
g
filqm
gc
igomb
lmcmd
dg
pmcxn
gaaa
g
gafln
aakkp
veblm
aaakrfw
ye
aasdm
obdoa
j
drgpi
olsal
iamim
fdbaa
fabio
gbxqg
aapaj
aaafq
focb
avlwc
aaamkyb
dpsom
bhemk
agm
aaancnq
bbgjv
z
amskc
aaawhdr
hg
geqan
e
egrci
jwqsj
cdfag
giafg
s
aabxb
aabez
lf
aauam
cjgts
anm
fbhab
pdshj
anafd
actcc
jmfmc
mp
baiag
blslt
bigib
aaagklp
fkkcb
x
vo
aajpb
anz
aaaaxdbad
dn
ajg
afdgm
aaera
ifowi
aiy
aaaqjmk
aajcz
fimob
aakwu
ckwxa
gible
bdeex
b
aaofq
iaelv
aaaavyqvv
mravp
cadgg
aaaaafkgq
iamdq
dnhad
aaawnnj
da
aaanbfp
a
dfeha
me
a
aaadvbc
mdoce
e
aaaagqfeb
j
jkjfd
bi
gdgfc
aaauyeb
djfk
aaaaaaphc
f
lwfae
rxsob
c
adkqt
uggbp
e
aacoo
asmgj
iaaag
b
aaaaedgyq
exlec
aaauume
aaaaaxv
ig
kgfgj
rcban
hchfb
aaaarnvun
petmd
taqdn
nvaao
go
hcbc
aad
airlb
ralge
aaaarsbva
atb
gjdpp
hamma
aazgc
aaaddek
pdqn
aaatnqh
mnghh
aaaaeknib
fk
atu
rprpl
g
ablnf
ncdca
igobd
beemb
tbpnm
e
q
kjehe
hjcks
kkeed
ncril
ftia
nacto
jdmlf
aaaagwfjv
fngi
bcfjo
aaacqjc
alhhb
aaaagvcpy
aaanidd
d
nxijf
j
gcmjq
ec
hatbc
j
mdavj
fmaew
snx
jaebk
aacvz
a
aos
igdff
mbdfw
dbsym
dnkbm
cqire
mbipf
falh
uj
haadc
v
fipci
u
wltd
paocb
shhag
hraba
anvoc
ldsce
ahcnr
ahhvj
wblcj
aaaauwxwy
ardid
aarfk
igggj
jghbl
gadam
a
amamh
cjflo
rbg
aanpp
ohsjh
j
a
qapmg
haceb
nncpj
bpfjf
qqedh
hoero
z
aaaywcx
bu
aairi
jujlf
v
sedkm
aaafqed
t
koqjg
udk
ecqrb
nard
llaho
aaaaxgjdv
dakck
cagbb
bg
qdqcj
nlpqj
is
cabld
akinc
kalam
liefb
fbjek
aaaasmiac
t
aaaafxolr
ndaj
lleci
aaiza
ki
ptd
aaafugt
bahmh
aeamh
aaaorpn
bbggc
bpigp
v
aes
fic
decl
aaech
pmljb
h
ftgrn
gw
jkemf
picib
adp
jsgiu
aaaalog
hfemf
m
aacex
aaaaaqa
anpbn
dcjbc
mfdwn
wfkfc
ihbta
dbhxd
b
bafou
aokbe
a
pupa
kagnk
aaaalzaiv
eckas
azj
gfakn
lhbhd
aacnp
lh
dhkem
arbbv
m
cnbad
dgem
kajbb
aaczm
t
asu
jcfea
asu
mg
mlebj
qjbaa
wabea
aqeqj
ghllb
aaudw
aawpu
hrc
mdgcf
e
adadn
gqilc
eebhb
r
akgqb
hcmrb
j
jdrm
ookha
feqg
o
ase
aihbg
hmucj
jcaej
sgegg
dtjdg
accbb
ahcso
jbiew
fveei
hjgbu
nlgna
afgcn
aaaaaajzt
odchn
daccg
etmih
aaaalkjjm
evdnj
aaaaguxvi
tn
aaaanwqma
pjqin
srqbb
aamb
aaajzpt
f
aaaajpriz
aafba
weg
alnil
ajnos
ayc
migdj
hfcmg
dcbvt
dgher
aasny
jkxaj
dcgpa
aaaydva
biakp
vce
fatp
aja
ocpge
ecefh
aag
dufma
liddo
a
ajm
bic
al
aagle
ikfi
aaarq
hdw
ksfce
gfmfh
ceige
hqabc
aaancgy
aaawbpp
sebjd
jlgqv
aakzg
gkefj
fckep
alp
f
kppba
wdelc
e
a
aaaawzsik
i
geljn
lddca
rngcg
c
cafqg
pblsd
akwog
cofnb
qqkie
gtlfo
dbcec
oahir
fagmt
meqoa
finbi
lakam
v
b
i
om
yavqf
aajlw
aaaai
atf
try
fkyu
kdohi
fgjdh
aaajlaa
vfact
di
ofqcy
mlc
okapj
c
oaelk
aahra
cgblj
oc
mklsa
cdjjt
tpamx
dbmla
lcbni
hu
aaaaognaq
ekkcc
axbmj
g
aaaawrhho
elupa
aaavsku
gocq
oblgk
s
fhvga
i
a
r
jmnsg
rgvcd
ijf
aabwd
nabfm
aaaahuxbo
gxpmd
labe
aazew
act
gifrc
xaoci
acq
aaaadbrps
basaf
arkqh
hgvc
eim
plgaj
acweo
ara
m
onofj
aaaaawdih
fmihd
azs
sfubb
anjmj
hdeev
s
jmakp
chebe
bcbfa
fb
j
aaryc
awajo
qngii
ac
cg
oifdt
awtrh
aaaahxjyz
ahw
kareo
hqg
aaaaaqyml
ecqbm
gkdc
bnal
rcelg
hdbcj
iaodn
dmlfw
iifpe
jhhbg
amtlu
aaaaw
akv
mdppi
adwmd
bnpej
aaaaxugru
ehmmn
aodbz
avfpv
aaaaago
febeb
aaljl
aaajnmj
jhqre
yd
hhgtf
aaolc
aaaeknh
q
axlgq
ldnnp
asaui
lgbfu
ogwdj
appfo
axaio
bhgpe
cdphl
masvd
hblmi
a
inmon
mffkd
rgfbi
luymm
lfihd
cge
aaaawwwin
aaaur
aaavmex
aercb
aaasewm
epm
kqclf
g
aaaashqoq
ifu
hiiam
ayhab
odjrc
adlkg
p
eapei
aaaaanoxi
rdrrf
aavwx
v
dhpbq
gqbhp
afpo
clilx
i
lbfun
aaasuwx
wbiru
duihq
aavaa
aajxj
acisi
acggt
humnk
dinq
ercja
dm
d
aautz
adhes
jwbhl
ahx
hdky
gkskv
pchtb
hiccm
evena
bbqji
ast
qpdjp
ld
f
ahhmf
yadfh
jherd
q
r
idthd
aaaaqtsip
niihp
jagnd
eig
apcvm
aermm
aqx
m
imkgf
g
avfjd
x
tbj
wg
aaaaqyg
jlmu
kn
peh
adb
acbyj
abs
harne
g
mmela
afebi
aaaacqcru
kobsq
aaaewyo
cakcb
qdcff
aaaaaxlrz
adesk
aayht
nbbf
ngaae
k
obcle
hhdjf
sdghk
hifx
je
aaaapjtkp
aaaatuemo
alcks
brdob
l
qtghe
aatnv
achcg
dqob
c
fadaa
fbsm
nlgrf
cbdhk
c
aaaaerd
aodqd
ntpdl
bon
avemk
qqcfa
k
afd
ankha
aem
amqi
o
ajfmd
arb
qfuob
dpejl
aawks
fe
rbchq
kqale
dhmdu
l
bibck
thvgc
agu
biccd
re
vosrj
qbdrf
agbaf
adgne
fqhrj
tiacm
oenrh
j
idegd
bl
awdaq
ajbkg
bhrb
capa
pkncw
abp
khhmc
e
lak
daiac
k
xngbd
g
a
dbqcb
gndve
lhtgc
gpbgl
kbg
jqaeb
aaawemx
eiaee
ufkec
aualo
aaqjj
b
atvgr
ujaah
x
rd
ftapi
ggesu
aegb
mi
hibfm
eg
e
spbei
aajou
k
qga
b
aazlf
aaaaeupag
art
grpnj
adhkm
aaaaoykit
iffik
eiqgn
fbac
aaaajgvgf
h
hajko
iehhi
s
jkp
radsf
omjic
tx
aaabmjx
bulhi
aaaqudr
qcckn
fgwdd
qhasa
aaasbsu
bvara
flhfh
jrdfm
bfghb
eidhf
gfdhl
aakwr
t
avep
fqcf
aaaatki
iebcb
abofn
cjqhk
k
atv
aarbn
cpbbu
jmr
amegc
a
aatdk
c
asbjb
alcmm
rbhce
enkbc
i
aaabgxd
jfugu
aaz
i
jkobi
akcgm
ejce
aitbr
bjluq
bcouv
minrl
qfaio
afdgg
hf
x
ewbka
eecce
ohafd
aplfa
evdnc
iumid
aaahsqg
azl
aaaanpsis
cvtnb
mdk
gice
rapfb
bigjb
oidki
jkole
aube
d
klb
flgpq
nao
aaaftbw
gdhaa
deem
aavsd
adchz
aaaajlt
afiiq
ufdgf
angie
uacec
d
gcpdh
mlhao
aaauguq
arepn
aajuf
aawhp
ameml
aaaagkz
pconu
p
aaaavsytk
br
ve
aladn
w
zacfl
bmaos
laulk
isrke
uklig
aapgf
aeilp
aenh
okkxn
b
aqhdn
racbm
qigfe
pbhp
aqpbb
aru
kdioc
iuefr
afhgp
af
ogali
nqbce
dafbf
aaalqut
aaeyu
gbgry
tkdka
decba
tlja
vgmni
awv
aahjj
gh
aaaaanmsq
eqpuf
adpva
aaaozsf
aagkn
fm
acs
ecoa
hjbcn
cfkjf
ags
ienea
t
ahagb
fm
flaab
kvmc
acbbe
aagpt
rc
pajgf
yerne
ahsbj
dkt
bmcbt
kagjf
aaachrk
ajmrj
r
efbsc
namrn
adkex
btwi
bfhcm
h
agr
fdkas
jas
aacaj
obbna
laroa
vadka
aaagjph
cbekq
aaamotm
aaadkpf
eabcb
dkipf
wbgkm
aldfc
awoef
abdaq
oledl
gcdi
tafhg
s
akf
nabgm
aaamiys
w
ayx
aaqgc
dmclf
aakxq
g
apyci
aaavzfy
vacop
y
g
f
ejjog
alahs
aafcp
qxehb
q
maald
eeqlg
l
aaaaqetyi
kjbjq
adplb
kjvb
aaakcfj
ebrhg
y
ibdfo
skcgn
idihk
aapwf
brfdd
jjqcp
aon
jbal
dftp
jocnf
hbuga
fbnkn
ekfip
atahd
aalqt
lxcfd
cnqgf
aaaadusbe
jegig
aaaaagd
aaaaymppq
aaild
b
gokln
mowot
pfakf
cisvb
dfech
scpjt
if
jerjl
hmpgo
fhgbe
ihkek
jvc
htqke
omlgd
y
mcros
aaavovr
aaawcpv
k
apqxg
aygrw
aalsg
aaqko
frjg
aaaaahfds
j
nhfbe
mafmk
ceoig
bkaau
g
brq
anhce
w
ekde
tmgic
hpjva
fe
ejppj
aaalohq
obdad
dljdb
aaaaiunym
knegp
dhf
aavau
bttlg
rfiqc
hvmla
jckdf
ijmlg
haddk
om
djpbt
asn
asy
eafof
aaatm
l
qfjcj
ltbre
te
wjtkf
aebbt
qvika
jsffj
hjfpc
aefct
cmanm
xavpa
aaacevc
aasri
p
ska
ayb
aaxgs
icjr
aaaasdlli
aaakmip
adk
gexed
ljhnp
esjl
saokp
d
aaaaconfx
aaaamakbc
dgbbm
tawjk
aaaakytmy
aaaaadnwe
edrgj
r
r
gmbon
kahn
aih
dshtd
h
aaaudpv
ij
nrbed
u
aaaaaehst
bm
ccvgh
j
ejkf
alsga
adx
jajfa
aaaaarnky
t
ucpdc
jarhh
aacxt
aaamwwj
aecbc
l
sfgfd
ajbik
fopwq
q
phqkt
agd
fobbk
amnfs
aaamvxg
ilhpb
sfkae
rfbke
qanft
aadhq
lpsca
ayfvm
dabah
cjxnq
x
aaavvgk
arhpm
fsh
ha
jggwe
afadc
z
aaaaaapzg
aafxj
agicz
ujpea
pfkeg
jwlct
g
cf
m
t
aaanuus
ajl
exgco
aaayd
vbsbt
jc
kidje
iagqi
becif
jmr
fm
j
akbaf
awdha
ug
an
mrpkh
hvejn
azamd
byncp
gucjn
vcdeh
p
onfgc
aakbv
egbom
gaheg
aaqaj
dmheg
hbnac
gh
aaaaapmtd
cbfm
g
bdgaq
kfmed
aaaqjdq
meiin
ddqfn
g
abibk
h
abbmc
ngdfh
c
anf
aaait
b
v
bgedg
ncsmc
copik
s
atnlg
aarel
aly
axz
bhccg
feddg
qlo
frafj
d
adggo
hnjqn
jhpkn
blkgr
ggomi
bkjhc
fakkd
aaatpmt
abdeh
kahlr
njarq
dkbae
k
ljifm
kavih
aaahs
t
il
aswal
aaong
hgpba
frj
m
jrscy
cd
ngjir
aidph
aaaanffqh
mgarg
wa
dcqgk
apned
ahjfi
i
kjhrf
ame
lcefg
lhcat
qqofn
ottha
fej
ohgbm
aosj
iufyh
kbfhl
ahide
aaahhni
aessj
pfxau
gwj
pogdi
ndefe
ol
aaaacvwvq
aaniy
e
kl
gcean
agdyc
qoodw
acomb
imaic
fgdel
nmg
djeih
aaaaucgym
lea
fepbs
e
aaagvag
l
rknme
el
d
qgoea
d
fesdn
taqh
y
dej
aehgj
c
lkogo
glgb
mhidl
ecwjc
o
rvibj
lahgg
aakyi
bikgb
bgjbc
aond
aaxaa
ajhrs
s
jhwaj
esinf
aaaaacdlq
agoub
gecdm
jf
l
jakra
p
fdich
nadch
aaaailmrw
jdqmh
nkjsf
aoj
aaaaybeew
cjcci
tacn
nfqaa
adtds
nddeu
nodci
aaxaj
dmqww
aaaaunpde
aaahx
awwkj
fa
aaajjut
aaqbh
bjkog
acigl
p
ez
hcisk
dqoib
jguif
jbkl
aaaaattwj
aamoi
aaaaacghw
fbjsk
e
rftfc
fhdua
aaaaslrpc
nbpsh
acfce
aaavppe
au
f
s
aaaaaiijb
aaaeuga
pfauo
avh
f
yrocb
w
bapmo
aaapdoc
lojj
jdfqc
ajrce
iddcb
aakks
nbldt
gabbk
veabt
slibc
aaaaandms
niy
hdvcf
aabda
aaaayfkdm
t
takhd
aaabkam
fjacd
fsfpj
aaagwpy
gtgf
nckee
aqnrp
kbuhf
kannf
jsc
d
aaajacc
afbrc
cdlh
ibjab
dn
dmbjk
aciyc
aihrl
olegn
b
aaaaiymrt
aaadoqx
adr
aaaue
efeve
mxam
a
c
hrfdm
fpjmg
aurhl
cgeaj
bqo
fcggg
tasac
bmjmd
anhiz
o
akaah
atgqk
cdcep
aaaezuy
cigck
aaavkqw
ceiun
aabxm
keahl
fv
ibklk
hpkdb
aga
ptila
ahaab
oasck
pcogi
m
y
d
kdbfb
qgobu
wdack
cqddg
dopdd
dafjb
ladwc
fpdju
fedif
aaaockj
fw
aaaabljmd
jdnwc
ugagk
k
fplkk
bdkkl
dn
zaafl
agfbo
qderc
c
aaawray
mqckd
aaaayfvzh
aajn
c
brhl
j
aaadb
avp
id
ok
crjka
kmbfa
fkmml
aaaxpem
aiq
awr
cgfdi
auksp
driah
kbmgm
j
aakfi
aamyx
hiade
aaahroi
en
y
hegss
mummh
kcign
bckkf
ihddc
aaaaamcbr
ifbnu
r
vij
ct
ujuki
sqlrm
aiqdh
dhif
aacwk
r
kjo
aaaathqog
aaivi
idmac
u
kvlc
dh
agvba
aaaaxuzzx
qfjqk
jlnil
ckje
aaaajmtit
fudgo
atmku
fdaaf
siifm
eidaj
anqgl
aaziv
sawgn
sdmbc
igack
pke
aaaouzo
dafx
n
bbdfh
adkiq
ch
hnb
gemsf
akd
agdfr
lgfhg
jauu
bg
atuge
lrkan
ca
aaaaqircg
nhfsb
a
bmblx
ltabf
giacb
pigji
ckmlg
aaadgqs
lhjkv
aasde
fiowd
doecp
ain
acusi
oejea
gihqh
aaagcsu
karor
aakcj
nmg
bgieb
hdkud
dqgtc
g
ikhek
djlpe
hyfkq
kkv
acxk
o
fjuam
ge
aaaxjdw
snbhc
bbokc
qikel
hdkcn
gu
vccgt
i
aog
x
ceqv
cj
j
icbjk
rhkdl
iinj
keaad
aaaaxpxuy
cacce
akrfu
n
aviro
akaup
ibakk
f
cahjh
aoefa
akb
ejrae
gdj
jicep
aow
iebhu
iic
badd
ajt
imkuf
aapzh
dfadh
lkvao
aaabf
w
h
f
kgdhc
qcfpo
aanmh
jiffh
hgija
hkchv
naice
ayl
r
ayd
faha
dg
lbae
fn
bhtda
chheo
drliu
aaapwzp
aaatllt
hhhor
becpb
aafia
ndlbg
aekit
wmq
afs
ancai
afgkg
fakeh
lftcs
ikrlw
l
d
aqp
aaazswd
o
aawrb
akdo
ch
ayo
jfhwm
kgfnu
amfec
awg
aaaosqd
aaaaojchm
eaama
aliad
vga
qemm
gqfat
pcaql
laeev
aoq
iomke
nbeba
aadml
acnpl
ye
nqjbp
mlrfk
aaalyhq
pbejp
tdjaq
b
qlign
cucco
egusr
h
atjjb
ddma
s
aaaqzwn
cmnhd
bonvh
o
dq
jflfh
qanhn
glbch
rapad
aafxz
b
attef
akp
bv
aaacirq
uedkh
aaamw
pfadc
aaaahkqyc
ammgc
opa
bnpqq
bfaaf
ngb
vaoad
fdgif
accpd
ealcb
fvrlh
nbaad
aaazwkh
ljcee
b
hkfaq
mqlfs
hnodj
aaaauojru
sbdgi
hadkh
aaaveuo
edfph
kghnv
ok
dbvdq
ngpbf
fgape
hqled
imjgh
lcpeb
aaazoji
gjer
koech
ammgf
aaavbua
bascg
o
g
ebdke
n
alzli
aoz
odclj
aaaenee
adeog
alacj
albec
mlaeg
btfiq
aie
aaaamfwmb
afcu
endec
emr
icfc
mdgec
d
aatft
jggem
tgalg
ioiab
aaaaocoux
c
adgbd
cmmam
hu
oda
aaaaacxpv
avarc
fbif
k
avk
apr
imhea
asg
e
aaaaoqu
tnbpb
atheg
abqm
lqi
oaudg
badec
nkbbc
ckjer
gbo
faked
dglgh
aaaonfz
fldme
y
aaaajdghz
mlu
cdgrs
abxae
j
dtbjo
oidi
mqjao
okhka
ohmek
jgqb
aaufx
aup
djide
cndeb
ucjis
cvioc
t
ibig
g
akwud
aaaaeftqv
aaahavv
brika
egfdh
chehj
aif
di
aaaaofekt
adz
m
abwck
af
lpeyf
ba
abd
avb
aja
kjdfp
lnabm
andkv
aijok
cbfla
r
qaajj
e
j
ln
gkrus
bd
aaahbhs
jclis
ggogc
nt
aaive
e
hduah
j
iedbb
akmlu
aabdx
opg
aaaamlshi
tbhpf
aakkg
jjtcp
hkfpb
pdhrf
rijfg
btld
luoet
eoclc
abbif
bkdrm
fghud
eilo
aotdg
abblh
ihcid
pqdna
sakcm
fbii
bibbj
bgoli
aapyt
lfaeh
ifimi
dnqw
cmgcf
nlesg
lhokd
bffqq
foqff
okoer
jmacu
jrfcl
vivic
bhich
aarlp
bk
avabd
eg
knfap
tlgmk
er
rg
m
a
naans
a
amvd
ajbbr
aaaadbphm
ebsqh
jkfai
maf
cpcrk
q
dagit
bccfl
aassj
bajfp
nxdpd
b
gcsdv
fdlrf
aaaaoea
qggio
pntb
ke
aaaabwyex
eioah
batsk
tbluk
i
avqgs
jehdp
aaaaqxtek
pakpg
w
aekya
aaaanxdnb
aaaavljkr
mcnlf
rdhir
aaaxdjj
bhhaa
iegku
ln
digaj
sdmpd
h
isbeq
h
td
aqv
sad
aarxr
aaalofx
vdcma
emabo
aplhh
bfaal
aadhs
fkgii
aavfl
ieir
hmsa
u
cgcac
aawmv
aaaaawcak
bmkue
p
awmvi
aaauksn
nbcb
eb
m
uopfj
aqdhl
c
deuo
ahsb
ihbna
aanfj
aaanbdq
bcixm
aaaaslufa
reb
pinkb
bjbea
avrib
atcfl
aggjd
aaabslx
mcaci
aaaazseev
atq
aadse
kbchb
hbjdg
amne
idfhj
sj
aaaahneqs
dpdi
aaaackrvt
cksqj
kp
igmpa
aaaihoy
b
shhij
aaatu
djcjg
bgdta
bbntl
khabe
lfldb
ddkde
teeja
jahar
anjbf
bokak
kjhli
aaabmxu
j
kecuc
fgimb
i
iambl
qmffa
aaaajhocm
ake
bjrff
aopcp
ifcrc
anabd
rafpx
acdb
ok
pfmkj
acfho
inefd
qce
aaacz
hbdba
i
arrka
ehvec
vecnr
kjeje
f
aaaaonfti
i
mfeau
aaaarfi
qeijf
akihp
oeigr
wgssq
aag
w
avoh
tmfbl
ce
uiubh
x
kmbdj
drg
klcnl
aauli
aaaaetvdj
aaaaydbyb
v
aaaaazgwc
aaafp
bafbf
aaaaarcbs
aaaxisc
eeblm
aawnc
agrfo
aah
wille
jkadf
ddmlo
iabfe
aaaaudllr
camhp
n
eambd
g
m
akgpe
kldk
o
aaaaocxgv
kfpw
xd
f
edljb
akepc
agx
aahyo
awuho
biab
eoo
b
liikc
exa
aaaykaq
aasmz
bfahd
mahpa
aaaaqfvvv
bahan
bblnk
c
dfjoh
bsmcb
aawyh
y
eubpl
qc
aaaizzw
l
mrfgq
ccaet
asroe
aaaaancwi
dcbcp
hgfdb
b
adebg
lajhc
oohkd
ajt
aanez
hfqif
pcjol
b
ba
afdqh
jtexi
dbhal
obaif
jlkhc
bfjmp
ndeak
aapaq
aaaaazc
amjoj
cmtdq
fpofc
aaajfnt
axd
mindo
ajaol
aaaaasgqc
ayaxo
pjdyb
s
avq
ugoco
fd
kqeam
crekc
efddc
pbjnc
lampp
jleif
wanib
aobhi
gadkv
mfjim
nkija
safbi
aaaafxdhx
qyfjk
xajgi
dupah
egb
aaaastjoe
aaahs
adh
oe
auq
cjnpr
gdung
lraqm
lcdic
nasmr
adhpa
skocd
aaavnjd
aaaeysn
aaywu
aavtb
f
jfqld
hlibd
odrdm
akfjk
eogah
arhej
ghcda
et
abhcj
aaaanyvfd
etkeb
aaaacljtz
ipcio
aaaxvus
rg
hdfga
aaarmhw
j
jnqea
didfu
eaagf
e
arpqi
hexhf
ern
aaaawkkae
eftai
fabfi
abocm
alhub
h
tgmae
aaabj
aecqg
d
aby
ayfp
qabfk
aaaahpeid
a
osbhp
y
apfdd
gencx
qxenc
aafvo
diomp
iebui
h
ffcaa
pcbkt
dbfag
caefb
anqvj
qgqcx
h
hlo
jhiag
aaaaazxig
y
bjs
adhkm
akbjk
bu
iccmg
aajwg
apxag
nr
ffend
aaaqt
cfbmj
bckkm
hhgbj
bbhe
aasoj
laj
haito
igmxh
kjbcn
jwngp
kjhqk
aaakg
qpsan
oaesp
aaada
k
afsil
knurb
bnmub
afsfo
mwfai
ix
waehc
qxgg
flr
ahct
raagx
eptva
eefhd
aaaod
jkoep
j
lmaid
ab
advgb
vabcd
aqd
ua
v
alcbo
l
cacjj
shok
c
c
hzw
eadm
guo
aaaayvw
adklb
aperg
igdij
rsje
kamhh
khldn
ejgos
qguoo
pwfri
atz
bvuxm
aaelg
p
naywq
x
mee
bejea
dfa
nhplp
nogsp
aqtoe
i
aaacqbx
ca
aaaaapg
aaaauftnr
bfacn
aaaawdl
cjrgb
kfhif
rd
dbbai
dswjf
gkdii
aaoim
aaaaaaawm
aampc
bljmk
er
klbog
aaaltwv
aaafack
ng
beaba
dpocf
mhlpw
chfqp
hhnii
badfe
aagdc
wfjos
feiid
mfwai
e
k
nrlsp
micfa
aaaajdksw
sijki
jtdej
a
hajgx
ef
i
ebmgi
apc
aanxt
dlhea
aaakc
m
aub
gpbqr
icmle
rh
ckksp
fgbkc
bbdai
sasec
raaoe
kjobd
phkaw
sthdf
ahdtc
ibcni
eegfc
axo
bvibl
aapib
m
bcnmd
o
aaaxjms
fbgkq
bgnnf
mrbfa
aaaaaofld
p
aaaahnzdf
apngc
oedh
bklgb
asu
nujeb
agf
aaaaylhoa
xaaaa
hbt
amljl
aai
nfhdm
bciic
bdacl
crj
gfbjd
fjdca
ae
ifcpb
d
r
aaaaqwqjz
aaalp
abc
bffd
m
nheng
g
td
jklna
jfpir
igwkr
d
ide
aodem
aaahmqq
qdenh
ahy
adx
d
apbjh
m
iwhel
jahkj
ghirq
acf
anmlj
a
f
ga
aaanrnb
nphbb
mdhhs
anuaw
aaaykti
oudbf
gcbla
jigvc
l
noffb
qhkg
aayev
lbban
sgaic
chffb
r
labbj
dkpf
u
ga
wagut
ayrv
chsq
aaaueds
bc
embgc
ljamp
hkccj
aagcv
r
qrfei
anlfc
ldggg
avc
cdpfi
bagbg
fhibl
clabh
spdsk
ltekg
aaaadrpwg
acxg
xkjne
egadi
n
j
x
agjkc
u
aamip
kajjb
v
aioud
aaaaruxlm
dpf
qhabg
ahl
n
jlire
aws
j
dbytg
aaaaxbuad
aaudk
hvqfq
fc
aaaafms
feaod
ebrdi
mim
hefij
qgdje
acbjb
bowdm
b
hi
ayq
h
aaaxsie
hjb
s
iaa
aarde
dmtjj
bbhb
kabld
ajkif
aaaagrzgq
aaavmfs
ib
ronlr
ahpfv
cllfo
m
rgjfa
aaaaerr
a
mhsae
ang
ccjjd
aapxm
dbeam
lascb
aoz
pexjn
gjruk
aawal
nixgc
j
bkbvo
mdbij
t
aauai
aeief
ajanr
aarwq
mcj
ptlx
lgjbg
afagm
aaarqwq
kaicg
aaaavhgxv
dmilh
dabi
kofcd
bk
admpc
cnb
jlcpe
ofa
aaaaipnnw
lvdcb
csj
fbaep
aaaxtfa
azh
abkao
inha
e
kalcj
nfdeg
etqfr
on
ftbbh
aaafcls
afdde
obdtj
aizki
gliyj
axm
aphe
oebwi
aaft
h
logix
aaaaupu
fq
hchap
knlgp
axc
defdb
aayux
mmcom
aaaacyxuy
aajnv
aaaazytct
ahehc
tgsgf
axy
lhipd
oalg
aaaexxp
dkgli
kuljk
aaajbmz
aaqlc
t
cocqf
fcaor
hbbfh
llvld
immjb
gdmbl
dbcja
kgngc
hbtbl
qkbkt
bgdac
huabf
aib
edxhs
aaruw
aaaqi
krih
cihga
aatpd
lbc
ebeih
bhbfg
pb
aadzs
mdgda
tiedc
dn
k
raju
kcnea
aaavhyz
ckvdt
q
caedq
zj
akbli
kfvlh
u
rldbf
aaaazyoss
jasfe
acexa
akm
efddt
aaawixb
ampgj
cjrlc
wfgvf
tahsi
lnfia
n
aal
adsjb
ickqg
aqmie
aaysv
aaeds
ciqkj
jic
cemya
qnbgd
vp
z
aaaubkw
aty
dflam
cgbra
dbhpk
tgrhf
whjmp
aacct
kcete
afgkb
l
ckwgv
jd
etqbd
qgcae
agi
oaais
aanmi
ajdx
aawty
o
a
aahcq
aaakcgq
aaaatfmuz
mudab
d
ogvba
aaadsvx
ncnjq
j
gegnd
xjpbj
eiga
rmfbf
aaaxigq
hfaca
cnbio
gihnb
aalru
hncn
aajop
f
d
gmbag
aaiwq
bbatl
kfoni
ecbq
n
amfij
fglfa
aaaalsraw
jbn
aaaakusvk
aanch
n
n
igjgq
maagb
hfnmg
aaatpcz
quelf
bcmrb
jgbpt
hlcba
edaji
canrb
gqkio
amcep
aaaebrk
pilhc
aic
aaaaldjon
u
ijvkn
ewds
e
aatnt
ehikh
tapab
auf
ihlco
aqcfq
aaaarxjuv
uaeb
kjmdi
xabhl
aaaqq
kclrk
mgxrm
atblp
hfaf
fq
fadnt
rqjbp
mj
gvol
auanm
ajy
ibhbj
r
agf
lt
chdvf
eydat
gffpf
aaadrag
cafbj
aapdr
aaezz
wzt
hc
bgg
f
aadrf
adlib
ajtrm
eliae
gbfst
eb
dcncf
aaaacmwxq
n
aisti
runef
hmbtg
br
uxeac
acdsa
fkcew
aaammzk
revxe
ajlhb
grfee
dcd
aadoo
amafc
awae
fnvix
bppcd
aaatrzn
aw
hobck
aakcu
noojp
aaaasfbou
rjrex
aaacs
oaaay
aaapprm
ajq
ecei
fki
la
palef
kg
jpr
aajax
oj
hffkh
emggc
necha
gjrjb
hmqgc
oqded
aaaacjrul
hedce
cieuo
w
agw
a
c
e
jddbj
konhr
al
aaapkzr
ugjlh
qjagd
aaitd
fghcu
kaarw
eigjf
shbfo
brtaj
lgjjb
tdbsa
ftrpt
duvbd
chbob
accjf
bdjkp
mmfce
bmemd
aaqlq
aaaiucj
etebl
adsfi
f
ec
pcgcm
l
asm
ablhd
asd
fkecg
aaiqr
redm
aaaih
jbhbv
i
aaaplgg
ahg
avk
ukglm
deor
ihkef
kobhp
airpm
ddapa
ghljb
b
ffh
rwatg
aazoj
bn
bc
ajt
plaaa
cbbqe
kvfv
aic
aaaqnqm
aaavolb
aagms
aaarkqs
opdrk
m
cndaa
axb
ipohf
bkkeh
ag
qom
hssco
njxai
bcaot
z
idcff
aabho
bdibj
qfbra
erqdd
lfake
aaafbve
aaaqgjn
aartz
cephh
evp
wabuk
cccqd
a
i
pkhaq
fldli
cloga
aazlo
o
t
s
aqsne
aaaodhw
ag
ldghp
g
aagus
aaxjz
kir
incnf
aaaqhej
acth
cgpdg
gjdnb
ffrcg
aaaayprfb
apj
aapmn
fxdhm
hkp
eh
aayid
cgdcw
aapjx
ajnhi
bgdb
ylaql
prdop
ato
qccs
akaqb
jfcfd
c
acdpf
aahqb
cmabp
aaavbtn
b
egapn
aaakjvy
gb
ewqhd
m
g
f
jcomd
jio
aax
lgqif
jfofi
gfjco
ehbgl
x
qjieq
auapb
aazoz
nften
ceebr
aahdr
lbkhm
hjsa
pfirb
dfhqm
aaahkei
aaaaqopnk
aiclj
mgrhj
agn
ainmf
bqbdt
rn
atqfm
aadhk
pdafg
almkl
kmdpi
bllma
aaaaxbabn
askhh
ajbao
gcie
ihc
j
z
gamkg
hf
kurph
aaaalukje
aahvt
aaatg
cpeao
aaaijxi
h
aaahuko
ahecn
mdewp
kfbjq
u
gkmgd
aaaaebasx
fgosl
bidib
agekn
ynf
v
fbh
aaaaqkrer
i
qugkb
enlaj
aaaibzh
dbmei
be
b
eaki
eebbr
s
ahetu
afnor
wh
tmncg
cmkjm
fgide
gebkn
d
et
aomia
cnamo
fiaxj
jjpgf
aaatunx
ffosp
vjtul
aaaarqlqs
fehmd
jtiik
cekja
k
kdnjf
jubsj
ehsp
gbbg
bmicq
aeq
gcckn
pbhc
meqfk
rnslm
jhppl
aedta
j
sbpeh
d
apg
aabsk
lggd
ebfwi
efgah
rcbhc
x
abaad
filff
sbhbg
gpfes
aaaanvaen
aasdc
oj
bbbfl
ge
ebnkw
aefbl
atq
azs
aaecr
idpgk
fjbea
rhefi
bqard
o
gaqf
dlask
gr
bqkgc
qajid
alabc
alz
co
ugtla
lwkgx
rupga
aaaapdvlm
qblbf
qe
hammk
mkdcc
tvad
dedsc
aindi
aawnv
aidxn
hnd
batlc
ousv
pijcn
lrddb
jdqbb
aaaalhy
giv
obbhe
o
z
qlaar
jhaag
edclg
aaaavnsnh
aamhy
x
t
aaapfxj
aafag
haiid
vk
lccih
aqz
d
lafna
dprsb
ear
kfgge
bcbfa
arvxe
fcgqa
e
emb
aaors
aebat
nifee
uqfhs
ahtaf
knyfq
bbekj
o
aaeto
aejng
aws
fcelm
r
vcrsc
tabqa
fikcc
bpkfc
aaael
ld
aaaaykwvo
efese
eacaa
uidjp
cr
rjbb
danlk
ghcfe
aftmj
i
gfvbg
ybhdg
ppggd
aaweo
w
nikba
rgbbl
aabqy
dftkd
aokgz
bf
aeike
gnoii
egdam
b
pfba
axjjd
vqfpg
aaaaadpqb
aaaaahbde
arbcj
saj
ebdfm
d
nbneg
alkgm
cbeba
aazbk
xmalv
ahw
plmiv
bece
feao
awp
aabqb
bauhe
cagkc
golcd
aaaowbp
aadgt
ud
avj
apd
li
ajq
e
v
bq
sc
s
ncdpk
h
ujvaw
bcdwe
o
lbimy
aaamyrm
bjmca
dcobe
arkml
v
bhafw
ncact
aaaaqtbbb
aalbb
aaaaify
rudfb
cilfj
gaseh
ojbfc
abyen
ebgwc
kciki
aaaingi
aaazyqv
bjpm
mddog
adbgf
obftd
adcdc
cddlg
aahdk
ckaeb
ubkon
f
rcerr
pmnig
qaafi
g
ikm
bedgm
plleg
aappq
aie
nxeff
abfdv
l
aaaaslrnv
igixs
fi
gakeg
aaaafyqvc
s
w
beiik
aegat
c
lhfua
j
aaeaj
aabbx
aagab
agcaa
ckhrr
aaaarnfar
h
aaagxfk
mjnhb
aveij
phfid
akm
adfhr
kgkhd
lmrra
cdbjl
asjag
aapwd
asoke
nebnb
aalso
sbxdm
md
akscf
fmeqr
raa
degcf
aaob
hhrbd
lmeee
mjjmj
kdjct
rpdbe
dj
icdmd
hfijl
r
jnaxn
aaaarpr
hhdan
lgeed
aaanijz
aihra
lskhs
ajlib
wi
aaaabtteb
aaaslwb
aaanaio
mevpq
ccade
ojefm
bbnkg
xfffd
cqkjx
aaelz
rcidg
aaawhfb
asrkb
faebh
ung
khulm
aaif
jasom
ayf
dduqa
mgjiv
dcgkk
ffdhj
bri
dgaaj
odeaf
apkmk
hpcdm
p
easl
m
laghf
aaazigd
aaxaa
bac
slvol
dgxbb
miqoy
bilfd
aaaauaobz
hwf
akwah
mrnvh
tbcrg
havme
aaidf
tbwic
c
d
jkcgv
cbbhh
aaaavjfbx
aaaaafkhd
awr
hbnbg
adajr
ihckg
qibij
aattz
aguag
irlg
aaaasanef
mefdn
fnao
sh
k
paocf
p
arm
nlncm
aaaxjue
ie
aqevj
iekfd
agf
cngfs
aew
aaffo
aaaaorm
aaeyu
ndeaa
dqgid
leioa
abbqr
calik
iehoj
ceaph
mfmhi
apk
bnfia
mp
hkjlh
azc
aaatbgn
afwk
aadmp
tllga
idmaf
x
kaadh
oilfa
kd
eicdd
g
dqpyk
cae
jtfir
adcip
agaeo
oobje
lbbha
atbwa
mjhjr
adx
auqc
fnkkw
r
ffnng
k
jaedo
qjfbe
pakjn
hndbo
avbkf
aaagasu
di
emlqd
chqcb
bfhbj
atxbe
hpxcb
jkhfc
fgend
aaaatgvfd
co
beaga
igpch
gh
hhped
amdsf
jmg
b
aaaaqntei
hhcl
dqbcn
aaavwcz
no
qkuei
q
aakrj
exykn
aavsz
ql
bcmem
fibvj
syskq
aaaajpwsc
acfxl
gfagl
aoafg
w
jd
gabkb
zaced
de
obklv
aaagkyo
aayjd
aaaamvtge
aaaaqljzd
nbq
ajahe
adlhe
aaaetoi
aaaihoq
jfgqc
jp
x
pduaf
gfsug
bqjas
bhmpg
fllfm
afkgr
avx
dornb
gjcfj
h
l
q
xdkgl
gldfd
ggnq
aayxs
cmn
fr
aaaahtzbw
c
repdd
awkqf
jlojf
cfkcf
gnbce
pecai
adx
c
acfbb
mreag
dfmkc
b
huoba
avh
aajex
fmdft
c
fgmhh
rkcnh
c
pooii
cbap
samae
amd
rfb
aaahiwn
ald
ahdah
uddgi
aaali
nocdm
aaamoxj
tsgod
eb
ave
dbhfk
lkccn
dfde
aaatgxb
aaaarzr
hedlk
ahhnf
ndoka
dbaeb
fgell
smnbl
aaxsi
tiaf
vdkab
cso
aaaajotjz
eeqhj
aaaarfj
gvcac
dhdqf
ksoio
g
aczd
aarjs
dfk
vi
badkc
iaupt
oe
blrkh
af
dqeda
loqde
lbsaf
maplt
fjbdi
p
aaaayhjlt
ftn
v
aaaaaeyfv
aaawqkr
kit
gailp
gnbfg
fges
ebcog
aabnx
b
ijgat
kdr
igfph
fqfck
rslke
nvsqy
aid
a
ih
gtldj
jafs
lxirt
kdo
aaaaugpoh
aaazv
sbegh
uf
ebobq
jicrk
xecch
grdbi
dlccq
t
iooig
g
idetm
dudil
jbsig
m
aacbe
lkipc
akhjd
epimc
jjbct
ratjt
aaaarlc
fafto
faahp
ge
jvgqv
n
dcjsf
dlfrl
aipda
aaaabfnsm
aaalbsk
aabdy
c
amnf
hpiiq
xfdao
q
aapuh
dfrii
k
ioy
c
ycpvt
asl
kkhef
anfyi
hs
ajmgi
av
idfsj
pjaa
mixul
bcaat
lf
labgg
rhdah
fbt
eqfqn
lhiek
bmfgg
mjhui
uodgd
lbcdd
khfcg
aaaadfqgn
bjwah
gcmfg
eak
aaazfxr
ig
aadht
eanom
aaonw
hkqca
aacbn
q
ibiip
sflaj
aaaobqx
jbace
efkf
e
adgje
pejbo
afabr
f
aaays
ka
aiv
s
ebnsc
aaajn
aaauyzk
lkrd
aaavepy
ammfp
alt
faigd
ijata
aaljh
hin
gcvck
b
aaaanymbk
nphba
kasga
dpcn
e
l
aaaawohcd
gj
nb
aid
ler
hindg
api
ldefi
avk
sjala
aaamjry
krcqk
npb
xtqme
gtght
inmfc
abw
a
m
dgfni
pjhmv
kc
antfj
f
atq
fpaag
x
ixblk
ain
aaikp
apknl
aqgcv
v
ac
dhbee
fbadj
ijyir
anicn
atnjx
abank
aaogu
amchg
aaxqo
aaatpbt
gkmkc
aaaariuli
y
ciphh
iagdi
adwui
afx
k
ddmcu
kqbmf
agfpc
fieik
doafo
mdccj
aphcf
j
eps
dcabv
okjme
qkfa
hbcfg
q
aaagesj
acfaq
r
afkag
fbclj
lifoc
hnbeh
lqn
idelb
tafie
yaic
pgect
acbdr
i
aacon
l
ffadd
apo
kqrcc
jfded
aoabc
nde
jbncc
dcgoe
gdmgo
bobkf
abt
aaaaqxxpe
acnvp
aknck
kdecm
cf
aoeir
haej
akgoq
phpod
dqgah
mf
fmyuf
seaqm
aaaosny
khihf
akodk
ander
awy
d
aaaarzoeh
kibcw
acfge
igvcc
axdcc
aathv
aihfo
nbng
sajkb
kcblm
ogdbp
lbcen
aaasxto
aebau
og
ate
j
mnlwh
aaakm
agu
go
dfajc
s
amlqr
f
q
oa
cajgd
aaete
j
aegdd
daodh
ahbng
amy
saa
o
aaaabwtxt
s
awo
bx
e
afjst
ibcjh
alciz
fceid
aahir
nfcga
lgbdt
azkje
ombdl
s
aro
akgle
aajtj
erac
rftpi
bvicg
sghjk
aasut
facej
badni
adcad
ml
nsmbm
b
aaaxtno
rsolh
jjiml
vrwon
rfgib
eebff
kg
lenfe
gbmbd
mkbw
rcegb
aaaakoyge
iei
nncah
odaqg
aaamhgw
akyd
q
kebal
aaxix
aaimo
flntf
bfhmd
abces
csoce
b
benci
badhe
jiobg
il
c
aagoa
qiii
deaid
kcabk
bhabl
jmcli
dhhhd
aaaucgu
u
eecvs
bofoi
dceki
b
gaaaf
tblmu
i
idlcj
aahga
eljci
bvhje
dpnyf
aaazcyq
elwsj
hahmb
kkcbn
aaaakmbrg
gjcmi
qfofa
jm
oqkpm
jhga
dgijb
eh
w
jimik
adhbk
ibkcb
gamoa
gcfkt
aaaaukrgg
aqcbe
dknnl
hcg
omcep
choul
eeacq
rnd
dilic
tilgu
b
jaigd
khjui
lmfia
pdmip
frjjt
icofj
bibhm
kre
oad
de
gup
cj
bcbam
sbibk
mcfdd
cmdbg
aor
rcaeq
ghdac
pausa
acgae
i
atfjx
jcm
jecba
ab
agcdg
varem
hifoe
ekahw
rupce
qlafc
ckrrl
sgddh
aahhw
xed
ejcti
nejdu
jhf
jqkgb
aafjb
fkgic
dfcff
hbadp
cje
barcs
bsdjj
fqspi
a
abf
ordjo
aaagnno
fbcfi
ev
aaauour
ja
jmoh
chiei
neni
giiam
amk
lagui
ghcdd
l
dfjvd
aesea
h
d
u
s
mqkn
aaaaafyoh
apqa
pckpj
thmbe
p
bdeqj
h
hopqe
jcecn
gagik
pj
aqgho
kd
vimdj
be
pfopy
rmb
abmra
bgbfh
abqem
kddex
bkbid
h
giadd
adahl
omend
arrbe
bghvn
agv
aaaagdn
cgkhi
aaokx
abnaq
mrffl
aaaalcegj
aaaajkyri
aaaanpi
i
d
gbedi
padbv
aodpb
hpfww
aaywd
gva
g
v
enadk
hm
yjnf
chq
s
v
iau
rbgl
ffamc
aol
ef
ak
h
maihc
llsfj
admka
aaqph
dbgjf
brb
kcpw
hfd
dpgoa
hgian
awaid
g
aaajk
dcelj
nrjlc
kjjme
eaa
headi
dwkas
m
hbkj
aaaambm
ctiaa
jkaek
aaaarupmn
isobu
chasp
ghaai
idage
itble
aapet
afc
kclgi
kriif
dcemb
oim
f
m
c
aaqnn
ajl
aaoca
aaaaaqqsv
mnjei
bhibe
gcjg
lcbag
adakr
bcoha
akamd
mosab
aathd
aaaastoou
eided
labig
h
aacgs
iqde
aaazvso
megfh
cnbhm
iatbk
aaaayqamu
avo
laftj
aaaazanni
ajdfx
abcnk
fmy
aaaaaqzko
aecmh
ei
aagrb
vcksa
g
aazzn
lripb
hajdc
adiom
atkma
ahgcp
aaaaycebo
ckabd
sgl
fbecm
bkejl
wpgoi
dcful
ndcah
ecgkk
b
aadzp
jf
ffkah
sfjd
w
aaalgfz
xado
esl
jjx
axn
yftca
p
bviic
c
mbebn
c
mak
k
aehse
fjksh
rqiia
golab
aaayj
ck
ldjio
y
aaaadfwdm
bpgej
bmbfh
aqd
aifnx
qdnhf
hgwhj
agahi
hkbrm
ghhfc
ojonx
m
iiqaj
jr
jtllg
fce
aaaaexhcw
k
shaog
mqjdf
wmfpb
kalof
aqhxf
mcpop
ifjpf
afs
km
aaahqko
hapfg
aaapjhf
g
glofc
rb
sjcca
fab
aba
sgbko
aaaseox
abktd
udcc
aaayzrx
il
aigjn
aql
n
pieek
gpepg
cl
bbdcu
ahmen
cbddk
accym
higbo
aacfd
wblei
oueaj
aaaccrl
hx
alahh
qhbgd
axe
amptb
hjeio
atkal
aaaieqq
bbmgb
ljael
ckkai
edi
dmjga
aiaso
li
i
k
d
lbdm
oable
aaaahvmkq
ampic
jmork
f
lbcko
acd
nobdw
r
t
waenc
akgxc
agatf
tgfnb
afrcd
m
eckda
gs
x
kcbrb
nc
ngama
aaaayqu
flu
fp
arb
acefo
jrge
akad
aeein
ayceg
slabt
snacn
gkbck
aaxdc
b
aaadiol
alhfk
qackg
ejpsi
ucosk
aaslq
xkcoj
aej
ahdkw
r
hvaop
alcph
oeap
ekriu
nffgr
q
aagei
c
aeoah
loicl
ptige
uec
adbfh
pg
leedt
ibaes
ael
jnmki
u
t
fbbag
ano
i
dcgdb
fbomd
arljy
bhwcj
fit
jpnbr
laeko
hkaem
cnc
htqdk
abode
bfmal
c
janha
kpadd
abonh
jdke
x
eachf
zafgf
l
mqcob
eofcc
aaaaaedid
axelf
ahl
pdcrt
aobnt
efmgn
aaq
atpcs
bnrkf
mfkdm
afpyi
rgxeu
jafhg
aaazmgm
aedml
qbell
pahjd
fdhit
k
hcsgo
fbrnj
acaif
mnakj
kcff
aakaf
aaxny
dm
gffgm
aaaaiup
aavot
q
nogda
rngdo
aamsn
aavhj
klmgf
aaawd
aaapqiu
lfkgc
abpwn
aaaawssgx
cirfu
fc
l
aazby
bqgjh
nx
aakzv
aap
aazfx
ufqb
ireno
caanm
aaadtnq
ugahh
bbkfv
khak
aaaaouqsv
hacgh
omqba
tjbcq
jnhuc
s
aciiu
eqdgn
aaaanjkhv
bsako
aeegf
apqcn
k
lia
fmbgf
autkc
qfcva
gocve
cfffj
kobar
hdmgn
aaaabbu
bl
q
aaaalitvb
ancaa
aaaaboyrc
u
ep
rceeo
pnck
dhsma
qenfn
lpagl
atadn
maagj
kgald
bt
aaaacmmaa
lqjqw
gjfcn
figqo
djuhg
jghgg
dlfap
oh
aon
kjatd
jcpkk
i
aaaavutfa
ea
u
aaaawby
idalq
aqndr
acz
gf
qlpki
colcl
afejh
ha
acusr
auj
powln
abmob
egjkb
pbbhb
aaaak
ag
ecmga
aattv
lpneg
db
abcai
bcpfj
ltvhb
dokcl
b
ccqk
arzik
rnbvc
adjvn
fhbi
aaoja
bc
hle
bdfla
sasdi
ujljh
aja
hedga
aaawweb
laihb
aaqge
aaazbal
azba
aaaadhoab
anbgr
djemh
aaaaqouzz
ognbo
lcrdo
mumdt
ecrdp
alcoa
tlgmd
amdop
aoa
ccakn
o
aaaagvvmg
andxl
ad
fbfcg
bhfer
aaigw
blhh
anedr
fcafs
gcav
aflmr
gtvvm
etvgl
ngaem
hj
aaaawjryb
aalpy
aaycm
c
aaaehip
tp
gbbia
dapmo
m
ifbmi
jrolo
uvhsf
aaftl
qdhqf
ngdej
amelo
aaaaxupem
aaaakrg
aaarsbt
v
aaaaqnfff
hd
cgdld
llc
aaxet
aotjl
aminf
ahs
jnapi
hjgfk
deoim
icqbu
aaauppp
bqccr
lfqdg
cjd
aawrm
w
ju
abqwk
b
ldkcl
ic
aaz
bm
abx
mnegc
filfj
alu
hk
gfhqm
rfdid
j
gejpn
ahcq
aaaaaffvu
eh
imcco
habuf
abgog
apc
bajah
nmq
aaivl
fqeej
lejeb
deeko
bdkrs
apedr
j
roijs
jkgje
aayja
qfaqu
cd
bqwkf
aaaanzdax
jaabd
aaaaaag
uocry
cnaoh
nlaar
gtbad
h
hejmf
gk
litbl
aqf
qg
pxpei
aaajhte
fapmf
pjeld
nsc
nbf
aamko
lhmab
kgclg
kmyei
tknnl
majnn
nbcdd
ggwm
aktzb
aiohc
w
bq
iqbsc
evchj
iorca
aaanazu
aadeq
kkccw
phwgf
lfgah
aaaaotupi
avf
mc
oolhn
ejlvp
acttq
nbndd
badov
qbqbq
aodiq
bbkbk
r
rhp
iaglp
liaai
aaaujcj
acbkl
akw
qkfqi
cgaed
d
aam
ejrin
rdeci
uobnt
r
afq
h
j
aagvg
rledb
aosda
aajpx
j
rhfxe
ebd
h
s
ajmce
awlhk
tgjke
cnqcc
ybhsa
aaqit
caanh
jijlp
w
olfck
qd
icgr
l
k
aaltv
ajm
amp
aekea
eedbo
arehf
o
acd
aaatypr
vu
aaaacamsm
obaih
h
mgpck
bbfxc
amoni
qgaly
idcfg
anq
lhhb
aafxy
g
crwcn
axz
lhfcv
d
awxaa
s
ghkah
ajagk
ahdit
mrb
fa
mjoga
h
hofra
i
aamrp
aer
sdans
hopab
mvmf
egn
awfqg
aaagysh
i
q
ddmaf
dpmae
b
aaaajcv
wmvat
aaaaoujaz
s
plafi
kh
adhdi
bdinb
d
aaaaaxngg
hcpre
i
tu
nkebl
aaaja
apw
a
sneaa
fjeo
abfpq
effah
ambyl
jb
aazww
jhgaq
faefi
ayb
adobm
adosu
xabda
tlfgn
borbi
jg
aaucy
k
k
aeedu
fcalv
acgcj
aaoyx
e
pmale
duebn
ig
aalyz
ahglg
aaczs
nlgbj
ablkk
tapcf
vfkfj
cbnhs
fa
mpbca
kah
kakb
aaaadgnzu
abxai
aagtt
awn
fmgun
m
acuan
cdfac
tviam
aadrk
abcip
dlml
aajfh
o
a
hudgh
aaaafnv
rfaeq
aatlw
ahpce
aimbs
hjcek
jgihu
aepat
f
aacah
nt
deacg
ftbid
a
g
qnsg
khgma
o
hkqnk
psnnh
abi
kafal
petro
y
cjdbb
jgmff
h
vjawb
akg
upc
fmejn
akh
eiqu
dgg
mbhhm
afvbb
aaappcs
j
cjrka
aaaaincxn
f
uaeld
umqlm
qxmlr
kfokh
iai
jcmqe
mmkfe
cgccb
dggpu
hckfa
pjaqp
fctfi
ejesk
bakle
abx
aaaavvqqu
dejla
eohga
fqenl
gru
egade
aaeht
bdbfj
fnlsq
jhjhl
kejli
obfbk
u
q
aatvk
eeemn
aaaapyfbp
highh
etffh
tf
aaaioos
edvaf
aaaiesy
aaaapdaxm
adbal
iniem
qthjk
aev
aaaaszenn
adjmi
aaaacojyl
ebkjl
haajh
ayfam
asljk
x
aaamhgb
acjgb
abefl
aaaatpkga
cahts
aaaanrcza
asj
azd
aaaaawnhp
aaacjpc
bhhia
ifagx
sioee
qyfac
eakh
naddi
hohib
aaavxfw
anbbg
qdrim
avmt
aaaatgoat
wf
kipkg
hjako
bs
nlhpd
t
ahk
jgige
adgqd
aqs
ife
o
bja
aaatwqu
arodd
rdkld
dqaio
aaauwrh
bm
aaacsdt
n
ajaqh
eyamc
bqfkh
b
e
iijqj
pbggu
fob
ukakr
rlo
g
fxs
aaaemlj
aajrt
cdggc
da
u
aaaxx
wabc
c
dipuq
hapk
dcaj
fcwdk
gdgpd
xakgj
nmirr
akedn
jbiem
t
fn
fesdl
h
bglgj
kbgfg
a
mdfsl
hkk
xvgcj
b
ahabf
acifs
qjlbm
alka
uaano
aaaaybriw
bofp
esjdd
vhiol
mmkja
aigcn
aaaafiqyx
afoea
h
lmk
ecgal
ewo
jgdem
abadu
aka
rfkdl
f
l
y
aadxn
jdabh
lneih
if
nkbnl
aawna
afrg
fjpms
qil
aneta
eqiag
becea
aaaaeispp
jbadd
ueenj
csg
oisat
z
cffba
lspan
tcthc
fsnlp
apz
rd
bachd
fi
h
rqjag
cfg
msmdc
aaaawgzwm
lfejk
ajaqb
gevdk
tgdf
ajx
ahpgl
ccahj
fqrsi
b
aajej
aayyt
knvq
alcsj
g
afhe
t
cicdy
ahiac
uamhc
fksl
aug
aabxo
aaaaaruid
p
aaambzq
z
aaabn
tj
e
mlhdl
aaamdcs
sjcif
dbe
aaaactcbg
pbkpr
aap
b
ogpdr
axh
aaaaawupq
acega
akgcn
brdpl
oabjl
gfdca
axm
sdim
auaff
ajq
akxjb
aazlu
x
fco
uchg
tedk
qxhee
dbeh
hhgcp
gpleu
g
kcrr
id
aarnn
m
ajjrb
araku
ais
aaaaxrpyg
njjfi
aaaasuswb
aaaaoatwe
maeth
raic
pqvdk
faifg
v
aaaif
aonfa
icnqd
ohhbc
fthqa
bjxcl
caaee
d
aaaicvz
aaaavaaoa
gacfu
awx
doalh
pcago
jchos
fddcr
b
cabcs
ghbqi
dkaeg
sarpm
fhc
aadmh
w
lnejt
jhhea
fjgb
gxm
aas
gedei
bbgec
aierf
aaaajditu
cj
dckkl
hesfe
z
fc
fboik
aaaaohjhw
ophlm
aaaazsbnb
icrja
q
afk
caqai
a
ivilj
fbd
amhkd
aaaavcbsq
pfacc
aslop
avegr
occog
sqqad
iqgjr
bdsfd
fgksf
aulaq
gbgd
aaefg
bq
tdbbn
lawah
de
aookp
ad
ab
baqbp
jaak
l
gi
ag
aamwn
aaaaxijwu
odgxv
fb
mcgaj
aigay
addpd
atl
ahq
aaahgyh
atd
ah
ampnc
dijfe
cibra
cjjbn
hegew
erhag
r
uegdg
aiejw
dabbl
aaaauvtua
wdokd
dhgef
eqibc
u
pbcg
aaavtoh
mohdn
injhg
aayqk
zj
aaaageecj
agdfu
c
mhmda
phhbo
obdgb
aaauekm
f
ithaa
ap
epei
udmaa
abacd
cbkla
q
aaihc
icmgt
k
aabvh
aagwd
deelc
aayif
k
ahgui
aakeo
aeqbh
aaaafxaul
aklrd
fajnb
asc
escad
ban
axu
b
mabpa
etevc
gdeak
rqpnk
anr
draci
awabf
dageh
kafk
waagg
hgfec
flwad
ahwtl
vh
j
e
bjeba
t
mbfjf
pjmoe
fjoje
gfbfn
ajaiw
kemah
bhfka
aaaxuty
hjajc
nbkvq
lddab
dalbm
aallb
cw
kemvl
c
griwe
agaen
aaahjgw
hlflf
locj
oedlc
aaajeyf
bofbi
kjfjf
cfmdn
ggfae
gajja
jd
jeqgj
i
ebdga
aaaeouc
gbhcr
m
vhfhm
aaide
aaaabopir
aim
aaavomu
kkfkp
aaakgis
z
alicj
t
nafrx
aaqgq
ejbti
aaaatembv
aaksb
aaaughb
aaaagozzt
aanua
dlid
bpkqe
aaaaatg
gdapc
ghaal
b
iaicn
aapif
aaghr
aawzy
b
h
ijadq
bk
ohiop
cnjeg
nippt
ufbfb
f
lspan
aohha
s
khefb
aaypb
gemdf
ebeea
qebni
gehbm
gniba
o
aavnt
noidr
acv
spncb
q
s
hqpcc
ekndv
jfllj
dbkee
aaaiodc
wabmk
mqjpo
ndtid
aaaanjgit
kaerb
ldecb
n
ilmbg
tsnec
fcmxd
bfium
vhbdc
oeala
bnjcs
cboie
a
a
daddg
afknd
aaaxz
aaxli
dbdun
mna
ghcoh
apsbc
bdjbs
asu
pgcmc
cj
dttag
ataix
aaamhgt
d
fagjf
aaqme
k
w
anwur
hnbhp
aaaah
p
jc
rhgf
katog
kjlbb
pakei
jcncg
y
cfenc
aawhp
aaayaxy
itfhf
onlil
aaaweig
ayw
kmelm
n
ajsnb
lldag
awx
kb
apmvh
msd
apqng
ojkgo
r
achkv
bhkbe
lahhg
aky
rbdqs
rbppi
ahxul
aaaaggwwo
aj
snkbl
i
dmvgd
mvisp
irhnr
g
cbdrc
aputl
cbdep
aorkc
ioodi
pehwo
ohaen
asx
aaaaarebb
nakio
ljmbl
ahmha
a
j
cdfah
rcgud
q
jhesg
grdec
aqwou
fga
cvgje
bhqph
bdwdi
im
qebkd
obgme
pgnqp
rsagq
dlfam
atn
so
z
aaatslt
aadm
qn
aahcu
gdr
opcit
ecfcb
gogmo
gamrr
dnthk
ipg
hoagf
mgdki
jgmlc
jgpi
c
abgee
skjrb
edmkm
ddcbi
dcbdm
rlke
aaaarxlyc
aaaamgpbz
adtcl
aaluh
kejeu
aaaeqex
awawe
azalg
iemb
hanvg
ggbpe
aaaaoiquq
bbian
elfag
hi
aaaadakmd
ejipb
dr
aiavg
fki
jw
gijga
omnek
aaauhxf
aaaadiczo
ij
bfabl
r
lcbqc
aaacupw
ji
bg
bdcfh
aaaanqrqx
y
ogakw
phboo
tdmsa
hbodi
aaabtfx
i
alw
t
aaaarzh
ahbqf
kplpi
rijb
baacf
apg
srall
igqyh
hrbfa
pskeb
hhfho
agv
aaocc
kdsfq
cjmoj
emdaa
aaaxueq
aakzy
aef
atpjd
ead
e
mskbo
pabad
aavlz
seao
kkhlo
nrgfe
gdfuq
aaaatsrjo
aatoc
tum
mhaam
f
aafzl
jgdfb
agxv
aogon
eairj
gdekc
cjlc
ayb
atwcn
ecfq
lgcni
bfcik
aalsw
bbkmq
jr
anp
eimja
aapfk
pcegn
atw
e
eegdm
ibtoq
aaajr
bk
diqim
aaclb
aaaajrfce
qcteo
aaaayabse
gnwaa
pt
aaampke
bhdfe
brf
aaiff
hcfsm
sabor
aaaaxutmt
p
ajm
hasjn
pmida
mh
brlge
aaiag
d
x
a
i
jjohq
aaaamzpba
rkhrf
bbdjp
sjjcq
sqoap
rblhg
aakrk
aaigk
aaaamnreq
appbu
adkgt
u
aaaanaxzj
kpvdl
cdqk
m
aojbm
n
aaaazahbz
b
x
aaaabnwwx
mabcb
laaei
bibpq
qjrdk
cl
kb
heaog
ihpkt
aae
mb
omp
aaaanmqkh
kofuc
akr
reqid
hae
dbmch
dhjgm
lahah
ca
ulajg
awkdh
lwomf
adtko
bcdep
acrmu
fijps
aaudn
aaaaslttl
aaapfwm
aaf
edpc
chfba
f
j
uqggd
fiooi
aaaakxfqx
ccirq
aoaja
ueigx
mo
mh
gdnab
bsvuh
embhe
hgaec
rugjj
acdji
bhfik
ojfdg
in
dflpu
anffp
cbfae
gebkh
vdecb
kbg
gnaxf
debim
mpcn
n
hamjo
aajij
aaadpib
aaaautkgl
g
aaaatoqab
aaaaozbrd
pvafe
eacvj
eipin
y
vj
iojkv
hchgg
aaaakix
hfgaf
gajah
ij
aaarzpz
agakq
ala
ec
khbag
mdkgh
pjwer
bhtib
cfmic
gr
acmai
aaqgn
sjmpr
aaaafchlu
vtqbs
gmnef
kaegc
aaopk
ggji
p
hbuga
qiqlq
aaaaazctw
eifnc
e
aaaaamaqa
aaavawi
lorit
aly
aiauh
eulbj
h
khclj
isjiv
gc
eddlj
aatzp
bnjdo
gpkee
bwtrj
hndkg
aaaafwuhb
csbqh
bnipv
ahhfd
ateur
eoovb
abith
mgeg
b
bofpk
agjeg
vaeim
rnpfg
gioxo
deo
dekag
nm
ancep
aaaaakksc
hbprv
aaaaavvha
kgdbg
oeeao
hdbbg
hasjb
nbbsp
dpucf
q
konnl
acp
vh
bcghd
mbbid
aaaaadzif
u
petnf
l
jfrik
coebm
faaed
ahxen
uplle
ano
iakbm
icrso
qfsgf
jcdtg
rifhl
aaaamehaf
aaapsjy
eafca
aaaaiqxuc
awcep
kbhjb
u
cfcjv
gatoe
za
aaajnmz
d
cabgs
aaqpx
fgqei
afjje
acpdf
cfe
m
efdny
igdkr
ascga
banok
aehmb
gjgtc
dbuot
ra
eu
ho
jkwbn
ga
jdlao
ememl
owgaa
aaaafsl
aaaabcgpn
dbkti
aaaacziip
ne
ajffk
iedln
ccnbg
atg
s
aaaajbxcy
gebac
atd
aaaavafwz
aaaboof
oqnbf
iofli
bwgge
dar
kbhbg
mcdji
chhb
faccb
d
acs
aacfp
ibses
bg
aaaaopycv
cgvof
aaaasqmel
aakss
htfbe
sbcff
icjb
qla
injkq
bhaam
ahqec
j
bfnco
aaafswj
jbii
d
aazfd
d
f
e
aaajrkv
m
iljkl
m
tlfah
aba
jeasl
qfmnh
bgbdp
akjwo
hbroj
fi
lf
aajir
aaaaajags
blsac
zadma
aabml
abkhh
aqw
qdofa
k
almln
allaf
x
edjkg
jmpch
db
xafbi
aaarjxh
fj
gojtd
addkp
aaaajfapd
a
icuac
asn
utjfc
q
aazqp
xrcar
fhbjd
mgbuf
aaaudke
b
fhpef
evebo
uvn
fipfi
pfxph
kleoh
ayl
ft
llend
axaqf
aaaadbqxz
allne
jgtkh
abget
m
sjceh
ccaeh
oh
ktgoc
mnebe
ecedo
ubdlb
dj
fderh
awhdi
aefzs
gieec
xgogb
dgecf
prmfe
aabmf
aqgla
aaamggc
rsle
iafck
r
aaaapszck
r
vgxlf
m
bdf
aaaawtafx
mmh
rqbf
azt
aajac
e
aaaayvuts
hedgw
girfe
ccflh
i
vdgqk
s
o
aaalxmj
svcnb
aaaqcuj
kae
xd
aavsa
rflgb
waxjb
adnqd
vabdf
o
ntkch
aaabbtj
laadr
h
gefwj
t
aaaavshhy
j
aaxds
abhdh
aajmq
eeaka
bbdnk
hgpfa
cpf
r
decns
aiv
iqplb
bpsbe
arijo
c
aaksi
aciet
aaavkkt
hmfdf
ao
misbh
cphok
fkmc
wtk
icoi
aaaegpn
cmdfg
lig
hfsci
edkcw
mcwms
jiate
beemn
ackeg
gjjdj
cdeed
afdhh
khabp
aaaaisumg
drgeu
aaalxuh
ig
cdnmo
fdhib
aatvf
eb
gc
anffk
o
bccfh
aajpx
mkqoa
jlito
j
goadc
ajfml
aazpa
aaazpjf
wbjca
aaaaahrxg
icdmj
frajl
pfisf
hnqdh
b
akvgp
hvecl
aaaalchwm
ayh
advor
aaecx
ka
aaaapflxp
fkj
t
fhkoe
hgqic
aavit
gtspi
rkksa
aaaabpfle
efeki
acfb
acnok
hdmpi
hajth
bhdie
qwu
ohljk
aaathny
m
akqqs
gjdiq
aaanequ
fdgnk
nfdmf
tgael
ooijj
kagve
gqnhh
z
h
p
amskg
aaaxebr
e
j
ihbqk
rajgl
sedt
aarog
aavhk
doifp
maofc
maagd
vgrqe
jbgfm
ncka
itmeh
fibjo
z
dh
aanip
hbhcr
nei
bbplo
kbenr
ccvnd
b
heihe
c
ahogd
jghjh
opgpa
iloea
q
aaaafqmbt
ecisf
ccohi
anb
cj
dkbad
aaeoa
u
nmhob
wasmb
mvfdm
ankk
kjp
jakcn
waagy
k
befft
oagj
kohpq
ams
acu
anffg
l
aaaunps
wegna
befed
k
aonhw
eda
agtev
gfaek
dooba
aaaasmvqu
avu
kdo
aftba
ijjab
bcpgd
begoe
imc
htllh
aaaaesw
anl
ajeeg
cekpg
sabbp
nvecn
hgebd
qqnep
fa
lgfeg
bdlco
aaauhfp
brakj
vbrgt
aaaxxhr
eiapa
gcakd
axu
e
aanfe
bhjva
aaaaugc
nbahf
rlhka
li
lbgwe
azf
s
afhog
aaaaavecl
anfrj
abhjh
aaaamlkcq
tocnc
eccmh
r
aaaaeagdr
pbudk
jqiaa
aatce
hrm
aaaabqfuy
ciulj
c
aaawfcj
n
niani
ajitm
dacj
cfaak
aamfr
aabqe
sbbmr
aaanmga
bdmqg
gaafi
aayos
disec
nec
ytamp
i
aaaararon
hbbek
anv
awd
lbwju
ffels
juana
dacgd
apz
lkeca
hi
ajv
evfem
bfloe
vl
mgibf
paqq
aaq
hd
fkad
daaem
cfcqe
aafjb
gh
qtgmh
aahgu
o
nskhl
qiimk
psdbd
aaaxjct
qbgai
mieig
aqb
uff
h
fhdul
efkdd
a
nkibr
avp
pdggk
ianjj
accet
k
kfqab
gj
bclbw
qxda
niqfj
kacsc
aabwl
hjtda
tviab
axbji
anq
l
hjebc
v
aaanupx
bllkl
aaajnnd
hlh
aoqic
aaaaadyes
jmkfk
aaaswdy
athdy
lu
atiel
s
nmahj
cnpmk
wlojd
arefn
aaaagdnyx
dmrej
dpiad
akqfb
jbdab
aaaapdemo
wqhf
dkn
aaasa
m
v
asb
ehrge
aaaagci
ckgtj
hbkv
dadkh
ajecp
aadog
i
aataa
fls
ckrqo
bfbak
agqmm
w
gpdd
b
ambpk
kboxa
fi
bbmjd
aodmk
abfg
aaaekpv
akl
jelac
qa
aahbl
nmgbk
qnbhj
kcccm
eux
jenln
aagc
ami
aaaigad
aasvy
cmgfg
eecdg
pdjsb
acedh
aasvx
aay
mcqna
coegu
gmqa
aaaaskvso
aaadljn
jaic
aawfb
d
aaaakekfc
eercq
gihhd
w
jdig
pmhcb
b
cfdoa
eafaa
aljda
aasqc
lycuu
aan
aeg
orbuk
reia
mmcac
aaaqqrs
uiiij
aaaagvrtm
dbaix
kages
gedc
acyei
gmofk
itajq
cad
nfpab
bagel
l
aalvi
mddhh
axv
aowuh
stafp
talai
aahtf
uoadl
kccbm
ldcia
tbv
mdfme
aajug
uejej
hdpan
gaaka
aaaatuitg
xasso
sl
aehjl
aaamrir
q
p
auklu
aazyo
aqivp
kbloj
aflmi
aaasmcf
aqm
aaaaehmfv
agqix
qnseg
p
aebkd
gsfkc
baejc
alsar
dojdw
cikei
eaehd
rhaoj
riitg
dnbog
gpe
adaex
bv
hfbjh
bv
aaahpwh
aqcai
aaardje
atcde
adgmj
agrhe
yffhj
lhjjl
tblfm
gqrfj
aaiqh
aazui
aagax
aaafs
aaroi
adcjb
aaafaed
aalhu
afcgz
debgp
m
piiji
oelac
bpchw
aahfy
art
g
ywo
aqk
pcnea
ggnlp
aaakyku
je
fhxo
tjmgb
di
gbjj
gigmi
bdau
ajphl
eahty
aiaf
aaamkhk
jmhe
ajp
nr
ekngp
aey
aaauxji
cdcef
ukc
bhbsd
arq
sayhh
ia
firtq
ifrdu
aaauxpa
hrere
pkkcc
i
aamdg
aaz
x
s
nqdgb
apw
gonhg
afsk
s
afdta
adljk
qohff
hdeee
fpjdp
tlccj
acqdf
sgkjf
aarcy
ajh
jlfgp
asjd
qa
galdh
agrjn
fmoym
aonld
eeshk
bcupo
atu
racmi
agu
a
agb
joikd
ekdpl
qobdt
y
njpoj
apal
l
t
x
adkcn
agsln
adb
ambpv
hi
aaahhhf
g
z
cdcds
ajino
h
rphf
aax
kkhka
e
aapyv
lgipc
kfngq
bccgh
y
aasbc
hfe
eme
kpdds
aaaee
b
cdenf
bhb
lad
eh
aakyr
cavge
ggcpb
u
puaf
accdr
paalu
r
bpabc
ej
aafyj
wghda
pmkbl
ch
oohhj
ahokd
h
aog
rsmmh
jc
aaaatxg
aaaabuozw
bnqnf
et
mdkml
amlin
bioo
ehnfb
acdp
adbhg
dkbiq
pmgng
alqcg
aaauwfq
aaavtaw
asoci
agogq
d
abarp
aaagb
kalja
aaaaslkkp
aabqj
ruqsn
h
ceafb
aaeud
h
gfa
aaaavghwp
j
effbk
eakig
ufrls
jigcl
ze
mcepq
cbejj
bedsa
hds
w
obmje
adkhb
s
ccadr
asafh
bcsbh
j
mifkj
amkch
b
aauvb
b
ukoeg
afntr
aaqlc
d
baolb
hsjbr
aazka
aaaacvrot
dgjks
digic
bejgm
fe
acifl
aaawd
prbhk
bnpeg
oacco
djijg
fu
h
aqoqc
aianc
ofedb
emboc
aaaaleqgb
aaaidgd
g
o
vfapy
dh
ebflj
kobfm
x
bsomb
qpeev
aksbg
qwdad
adqhn
wf
bpbpn
qulgc
k
aaaaaqepj
aaaaaruab
ayv
ek
ombl
bolla
jibgk
f
e
fpail
acsnr
aaaawzgqo
u
algiq
ix
aaaceug
tlown
kmffa
fpi
hxane
hf
aaautwi
fnmre
o
aaaaoynaq
bbabg
atelb
k
aqffo
cy
dmmfb
aphcb
fclb
w
l
fd
jgall
a
aavpz
sawjw
cnu
cbcih
imken
x
keejo
chrhv
sbthl
whcbt
iddod
gadsi
aephc
khc
himjh
j
aaaaemeju
ecnhl
dhjda
gbbwl
apco
aawkx
o
u
bhfta
aaayzjw
vgcae
apc
ae
iafb
qeccb
qaxtk
aaaurxa
echae
gblas
akyoj
aun
cgdfa
ilnoa
xshdl
ahee
c
fojmf
aaaszwa
oopaa
tlroq
lngjc
dtubm
ik
abcsv
ajmja
afw
taoqf
baaoa
lfmrh
cplct
mrgh
xjabm
kosid
asx
cjskp
atwag
yamai
acgck
aeu
e
eahrd
lxfgc
ed
aaouw
aoc
aatml
oodfh
b
ahejd
gjeoe
lpgbb
dqeop
bsjib
llfaj
bkbeb
aatqv
aiago
daick
dlvbg
ejpan
mlcht
aapim
ixchc
casjv
aaabjbc
ibnhd
cabfs
opdek
kxiho
j
rchgf
eic
itjxb
tsfae
onmdd
m
aaaqbck
eioba
htkbv
r
aegfa
f
rioso
qaldr
siamp
bm
dli
l
aagiv
cepfl
vq
cp
v
aacwa
adgbh
aprbq
sleqa
aaaxtbw
qhbjn
mxtel
drwda
c
imgpb
ssqmm
mdgcs
nngf
fghhb
l
aea
h
amaji
aaayqbq
pi
afdga
aaaapmitr
aaukr
ai
fnihs
iu
aaaamdorz
x
aanxm
asf
powhc
spggj
e
ikccg
aaaaahnbm
aaapvmd
msanf
kmpre
ulaon
aaawbph
hdkkv
kfl
oaraa
q
abe
aajxc
y
hgtio
cccqk
hpeiw
bggof
q
afovc
dh
acoxa
t
nijtn
b
gh
aahvs
hocaf
smmoa
dieac
naama
cegbf
iyebj
aoomt
fdjge
qapkd
ibmtj
hb
dpi
caxdf
gmhji
aebgr
ojdhl
amnoj
lbbmd
yfcdq
gtdwl
eqdcg
kl
hahjj
aaslk
leibo
bhpeu
agz
ctqfj
aaaaqitmd
aahsj
hin
ohoks
s
blieb
rfugd
qife
aaahkhk
uhegf
ra
tabno
ajc
limdl
ebalq
aaaksws
aadab
paqth
e
pghwa
aafdn
wi
aaaaygnsw
qddeb
qqsna
ank
fgjns
aadnh
dmisa
djhd
ndala
hablh
nuoca
bdvnk
nkxkh
dkoid
cdbfh
aatjh
lhnmm
odgla
fgcil
pgg
dxppp
iqsla
bbcgr
w
aaacmqb
dujag
kijct
hwfgf
glbag
cbcak
lkmlf
aaedk
jdadb
g
eacnv
afinf
fngnu
urala
fkuap
bnabm
epghg
aqshe
bedaj
kkohc
aaalmhv
ajm
acpyo
bih
m
ckgcb
a
ffam
lnmdd
airag
aam
aaaoq
r
cmcd
aidaj
aaaaezrwj
hpkf
hqheh
ikqxi
aacbq
mdnbd
aabbv
em
dafbi
bcfdf
crh
kibgi
aaaatjbfh
qonbm
t
frnpa
abjbo
elimo
wb
cmwjb
aaaxkef
dkwhb
aaexh
aaanx
vhedm
gbhfe
falnj
bjdif
aaxdp
nbbna
azs
aoljd
jde
ckehi
aaasttc
la
r
aawls
aks
lcoal
uaohi
adbvc
bnoim
b
t
qecgf
p
y
es
esdtb
aafuj
jdhbb
aaaoczk
a
antwl
c
qbbla
aaaapurei
hgoip
yk
jdfbm
qgcap
kaqi
dw
flpbl
ggdbc
aaacyao
aaazrov
afj
ajoai
assc
h
asapf
akkrl
afl
cldde
algdw
r
elkaq
aaaaqmsov
ckt
axajd
aaxac
abs
aaren
gycem
kyqaa
uslas
lkbm
qaslb
gkobo
ggmy
d
aaazt
jjqwr
dcfp
aagiw
kafpc
gfjiv
jaawe
walhh
okdqs
fefdi
ljdhd
b
k
celae
fkqiw
bgvpg
adcpb
aajnn
ghlvt
xbhbn
ebcbi
hii
qbjm
xd
apjdp
laccw
bfc
aamsm
aasta
mf
ct
azpj
w
j
c
aafho
v
aijaa
aranw
qkakg
fgff
gn
n
ayobh
aaaatzoae
i
lcmfh
if
aaaatunml
jpdbb
aaatkjp
epojg
aaqdx
wahfc
g
z
umauo
ait
iokj
aetds
aaadbnp
faprk
coamm
yk
anq
wkxo
acuks
ok
mfcmj
h
dkbqg
bfmii
flgh
hnlas
k
ueeho
ruifp
errfh
hpfce
aaaicmw
im
ncklk
g
aaaalbhmd
jhool
fcbac
d
bmbah
aaaaqkh
q
aatim
puc
t
aaacfqk
fl
adqfr
aaaafvfeu
aalno
fk
aartd
cbboa
imdhd
jaif
aarzc
tbkok
agcrd
b
aazqi
adpca
aaaaixnek
wal
i
dr
qbjcf
dakxb
enie
aafzm
adhnc
abgik
aaaaaxdmp
q
cljeb
hkofd
aabjp
dy
ijika
ie
oakka
aahql
cddfn
epksn
aaccq
aaaaledzy
aupns
gbaeb
a
jhga
rgoki
m
nald
akccp
agdqd
aapez
bckd
ufjlk
diaem
cgfgc
eromd
bocg
aaasuxn
cmnuf
lmcee
jie
enble
dcmsg
aapwf
gaen
crlsa
egkon
y
x
dbpne
pdopa
bhclw
aaqin
aanox
bp
aaaykhk
aaevw
aeafo
cjbgt
qlgml
afjg
bft
iagmh
akafa
xh
naghb
laldc
hc
iflwv
ke
fkcsd
mvaqp
kqikb
jaqhg
nngfk
o
vieiu
adalk
sgu
ack
aanbs
aatxi
caqbc
abduq
apiqc
akgdc
oiiih
avp
rbhge
joem
litps
btfh
aaaqymv
mw
vgeb
a
aafjn
aaakyqj
bf
baech
aaalzug
aos
aogxp
aaaaqhoel
iahvc
a
aaaaawvlc
cajuo
ada
lq
ehgvd
addu
cmfjl
gkoxm
udcbg
aaadmwa
aha
alo
deg
iablc
leiim
cl
kojgi
gdanr
jheqj
iibeh
gs
aibrq
majad
aaaadvd
m
dshac
ajphe
af
efgki
valae
obgbl
danfc
t
ddaht
ehcr
dahdq
aaagfyo
q
eugfa
ne
c
m
scjnh
aaaqjtm
aawni
bdetc
apz
aaaalbvvx
aaafx
fmmen
fgjiq
fbbb
kafhf
blldk
e
qccjc
asd
aqu
aocld
aaaljyb
p
hghq
pddqc
i
j
z
aaafdpg
anx
ayw
kitaq
shgfg
h
aaabirr
ajkce
ogfki
arqyc
n
c
iojhe
aydbs
diadf
khpkc
awuag
eaqbi
i
aoc
die
acusc
gaieb
h
tk
ats
c
aathc
aaaaceb
l
anfcf
a
fhmjv
aabxp
effkq
axrhh
vhhgf
d
dblfg
ajaar
c
el
ucedf
apemc
ng
aaaalkb
ebeja
v
b
etska
manff
b
astah
jsrbg
b
lmxmt
fnibf
ani
fnefd
nahqb
zaade
ebwdl
n
aaaosyb
eiiii
c
enfan
aru
eepta
aasfo
d
aaaafhy
effjs
aaaarmznp
mfbwe
ibfl
fafcl
ibggm
d
dhflt
qog
kfw
dddep
apl
bj
aha
aclgb
oehji
aaatowb
aaaaxnvse
aagrh
hlbbj
dafme
efhha
jhdnj
f
ikevi
iohd
lagk
macvs
nhclb
xb
herie
es
lfkgh
fasji
rhab
fheij
knlvm
axpjv
atfet
avb
aaaxfvh
cdqgj
cbk
aekrg
l
ebmgh
bkrvo
ag
