17280772
286976495
604234869
935302665
503534325
781412762
326123667
41794198
988121677
816581096
912563007
592087851
264968056
472366487
24663649
627384747
101208743
448258304
503500638
838366333
325799661
469096055
765629659
591688402
664438333
326181726
871686639
6534188
548164349
302276168
581028615
614382348
503910064
79949865
450464189
918505389
267199077
195794998
567571322
198445308
954999189
983811406
218317863
735384100
501503021
960242724
22418974
690940256
875989741
666160041
409264499
986299134
681654473
456698784
280826241
393187894
636201188
485382197
156830106
224310474
28603526
871793768
764059768
834933752
180537150
544626014
100367157
496886699
715636500
774694106
197372834
889741761
166861184
803878477
580478119
864958015
358795689
956267668
418504057
316097236
479529741
638203183
686127872
175326380
231455553
943474513
801665453
224842288
183585981
483211897
399419035
700424753
489414930
157753959
226484601
220083161
127772230
443641787
376547918
137830036
459459269
514207010
659706469
206071570
784342173
770549232
313266137
6626570
920308180
779132506
745684740
602238263
737412457
543887343
694638940
651625679
324838504
390242518
254541682
601191186
328824141
5141558
144641311
244982383
901141407
341032749
876175715
753084938
780676636
309156178
671757370
816691884
70401859
135406207
385709697
624797678
733976785
429898056
236462480
37441344
108834283
704776844
194683286
51026381
166297663
33468046
386938097
742330316
663368950
666234357
300845114
868036044
242429071
811028055
865686412
638227524
431616571
852870842
569100657
186358979
233743240
772130328
691231697
531823408
783554606
521009662
802515915
321604255
449332831
781153780
498127754
32356075
368807886
906668945
125680052
864165849
42593136
491906046
178056483
484544779
346534502
965689108
986294311
603212573
727154021
441948081
609452296
445537415
817534705
415946752
361607244
502084988
52683035
565638493
4951499
535235942
308984960
910911785
960395864
235340119
618863896
652461851
778869467
455062743
263391896
249224539
414764788
452032025
182834
381515185
832394976
319658426
136716048
336278168
558078405
986729995
711504811
747919123
558012389
646271206
144837019
824524466
950203127
828007724
619216305
696586878
475527712
396184062
575753977
962020295
534901780
637064095
309551106
890515528
986442484
612996551
449175347
568534062
977314644
568881068
204205693
104778874
495861899
886706917
854730100
971114989
72519345
827384612
976996375
63711719
903586815
284144674
408305726
824633194
162655472
723404962
928518649
188239436
935145947
481067693
653753571
732919854
436159595
576158887
503186018
754622299
739087830
875145724
542950360
526742129
732430600
647381996
920555341
969985251
994288056
43415311
327364279
240364026
134071899
180978519
729993117
652063078
83353872
606443734
611401232
670256192
480478659
57212089
727444819
466590937
97407461
966395749
64766942
706550568
20449201
186917663
700337513
135796652
897563476
28719751
695829377
480205325
325198117
476215372
710871877
891482600
817375481
153947070
828012073
470330729
833274093
604005220
256272078
932853202
817322907
386264888
82161347
902918443
341667928
46664551
617340177
794642734
495492391
749632726
275796478
678785330
452796882
467915008
183579155
452655588
627488387
808934118
955989418
63362200
392741362
860451674
233721929
736076807
697634794
148221176
173029301
607637448
18571307
142700382
359706878
221836309
667372954
216319276
13594491
793038148
374959386
267602822
619218493
724025264
665598329
341180897
992490113
47911363
604331475
541480275
189033695
571260043
231284306
638061003
566681993
37304368
15529722
83037092
200782945
59650769
223030160
699641193
96433470
846411421
930158325
814856341
365711109
610654027
75850673
620197282
525048878
539654725
39465910
415639868
480550834
486871259
503842443
636654937
139735540
175991277
459687767
922775923
60294027
834612589
118543012
641992189
450765475
287139546
483825631
183310170
389388357
103016302
469015952
894862396
852604956
341675422
348935275
508771141
404847030
298940857
591458212
845111413
163346483
340812481
760089827
62400656
83546836
985693505
626556017
105335194
643100574
552029196
265156928
504530828
48303832
648232470
344051275
10744203
917959222
897523575
698348449
751323620
537245960
209630727
564616824
926107592
123156554
754909109
913116144
252527209
269901631
416629589
821924342
556981622
232994872
342205613
209895096
976665555
886961891
732129029
832204270
831408045
820438338
195842691
586748720
58326850
800955618
234942940
249597849
309663295
321599218
996850012
594623922
521341945
438210318
329539208
75717581
758782041
954136781
45722996
628996672
651744824
880732044
784425607
824583186
533777236
523196455
800125880
70426024
468520091
2626857
916079026
402620338
557548646
420882431
166810358
538050536
930111615
784492897
14774816
416457762
773705359
161814598
464062582
724561326
358164476
16945965
179512268
389375833
932795564
936668064
900741853
586486304
378777997
969571840
192887546
885988757
800236207
792490673
365930136
191188629
696751664
384757321
47325234
709007295
948097300
910734735
424561395
509985403
394375724
794330600
256650523
919796119
20850646
681292643
485705852
579250576
244805193
763589592
765589745
865698062
781571704
902356769
521603016
250016042
881950821
198939360
592487271
466527709
518578444
160094247
540261880
391116694
87339772
669561338
134164559
221398660
13531636
594985354
551975079
997010193
269819831
902990018
288186962
283932108
580854637
485284299
84971965
819379127
476883054
887591518
7582752
944744515
405361453
384071476
377598364
416465487
691308234
580315428
211995202
191120186
963925362
602153287
571796973
390013976
726083229
915072142
882446205
675414400
955975511
847571574
967796856
575422165
537756651
995636562
755383101
21225421
581178641
331413971
828114814
566624789
579383444
894721210
617574317
31259977
535066449
891690519
558177853
84804599
937252747
110746915
722294589
67930158
693948313
510731841
375006145
297461412
916475474
554138807
682033947
773591076
255762621
810458658
265552207
546146709
343876412
84691862
172036955
498983928
708841357
90050380
563370542
875134241
544965095
719683298
482280959
642344536
479845524
219736427
677157672
411343289
499098026
525360622
217862938
125326187
211127503
611312679
338677122
125051950
727444084
883585846
757898373
728265142
759409653
259314686
614776455
151592978
216922290
641373689
808460459
358380355
252625529
772998871
277303084
13534808
845936
38229815
336075324
775287353
54079499
112199825
916332251
181211826
268999693
562659374
618240615
831095558
462975655
734863597
529180878
961921111
215742023
938159182
168865134
489850829
883956590
969761191
396424427
598094105
692528275
518408141
832914274
794684755
131165112
179412221
707827664
118401206
974376126
120098908
427707331
730216927
309783877
669786062
503939349
552495389
650099148
786344854
202020108
189500419
618226396
458616814
237637913
813114600
961065318
751932483
680956964
167503184
398935341
846001441
645240062
68366430
80289470
646253781
711356674
849442557
392330778
826184932
569463364
665659752
228500925
46316665
468953814
38946048
563661327
807171663
519747736
823655492
29979645
579725025
324848207
548724234
660599850
405580910
221500493
474039062
316598823
725238481
67782331
306300286
169392690
343896965
571032945
161076000
624897620
662724548
796220560
233629718
212080344
42616793
544908867
272596382
959547626
68217749
184280729
794127885
155929562
576703595
888201199
446632277
313763934
416993027
552054453
12356738
816158802
814169829
818032380
354245265
540866060
561345302
1991102
789972286
106151627
559618026
357526072
719207789
432774017
469174677
979628403
104464413
37678020
681403285
604309663
93817733
606805614
753961848
772515711
391880603
544201046
800600517
167326359
764801156
794509515
955393063
394873483
212841996
132908965
322028177
509713187
709757855
997465974
192900346
43026438
70107502
542360826
273102510
657250377
665705219
432397236
326551175
703022516
439179600
804128858
738261882
381957392
632223073
477962321
419708192
994779443
316802154
259594713
129052874
196125250
874752426
378075558
359653076
452972727
944302114
637177577
671817023
251804333
861405649
323806810
192860373
432210836
845597445
308053389
834884343
501473158
442962587
830317999
816791244
343854084
920288654
64874342
615776163
331437523
708534871
438097830
458755361
192795419
101821481
682231273
84114737
150302278
650651468
317753638
22119018
875048707
601087375
86461498
737253679
894485546
66744086
47246249
577421814
346856086
889701418
359798785
371819512
602826906
82814534
938614844
581079964
496140844
941933179
286517181
808197169
974113693
553537731
980424816
591498050
197033259
419820434
865225070
740263576
798686515
970799543
194200791
30165041
576225687
458499117
134044867
51402113
828973677
621082892
851406672
875401113
789192433
359374602
764729054
892516629
98133276
248788206
724714387
437649650
477157012
633978802
82584117
810843931
783436619
753087863
133582118
129856666
866910815
202549253
662900570
241262538
917673226
506370069
446453128
642811775
501777887
750838266
50116807
673127917
426091314
367926770
246576269
278253715
644408648
550710926
884281149
185351392
717626142
399540141
602742085
659303730
768925239
852496485
419078127
780169463
205026824
452826256
477880661
627643272
160007250
764781795
83384483
36003785
44130658
833138604
107921684
855823053
86616325
445928888
314567997
637479029
719698315
840651434
620258149
81776776
986868873
12412971
882451737
969278990
639591750
772393104
208533291
368281896
440132438
496584299
207632124
337063292
582691937
716732578
618875122
907683243
570844897
713042042
309082023
267888456
6237581
842069784
650290468
514553827
835460881
649763136
551675164
308129816
327066484
564026297
935995955
395559142
507199450
989050344
661737502
412667599
747874186
647441756
668334295
446472577
472904360
288585711
390613281
552763631
205867691
319179699
739425060
335037939
818783456
515879516
102867714
107097123
632893272
540825178
625421925
731215821
219070078
134302743
129886255
342253224
206544743
116936668
354458235
574166187
209578711
17123572
221976666
687300608
216025289
214019484
270574684
142407413
144996115
971929547
979481587
85536812
598439587
385867657
846111837
591195082
719963061
112228463
332535021
463750634
241308064
861427494
698828911
411346927
606918241
839036346
866802441
666547225
536439564
740518363
974577015
164418020
503896686
411915687
97983600
583977034
624165511
626649457
836926441
210570536
97665238
365795139
819255415
750614559
344449471
646608528
337183496
823632511
241358584
898944838
542089719
240512786
646681591
535136254
220339681
634140773
38903238
778121665
383553683
123397171
246561842
795980152
513777347
398294205
667305303
828516786
573527304
217288265
630946186
738980052
146138465
241287981
690638487
340160346
806283226
882701535
70203230
871015891
92383374
374454622
80257613
124571870
531010741
79218042
148007715
715438807
442575065
4797748
877703450
588377124
328743192
110244935
284951251
771332578
215171747
397216112
399351425
834711415
922150469
166274447
602755892
400483288
951886554
602262276
804055105
792197680
507070366
912794696
834150331
436054745
372535243
877699210
682168198
991349436
807641906
835971214
729624640
241934534
604845534
316917036
741688935
953194830
781190513
609048704
145625455
659719938
802020752
17615901
920737542
165166652
318546680
394141162
840536707
901069062
376034197
372690864
764197142
22685005
224707279
24709332
69570279
587336405
120116538
629493661
559635754
933989275
404008822
127824540
142258851
987189496
282538662
676394096
902766904
138687591
964888179
721194502
956380436
903134372
567774259
492276468
490459963
978622212
667399828
593436083
40338366
880953938
88295982
708713805
909975099
22671480
883652075
928113903
408068865
157414818
64715349
110215794
385399840
442411863
70735836
771762007
730275079
878549532
664318649
835295915
241001847
500027856
412610652
841589510
888563219
832548116
941775838
805126175
235054021
331063074
327510964
478443497
210881857
651971543
904168719
72145125
324848026
854287845
180250492
209684361
121354749
575824786
574936958
635586505
360406176
515818139
751090004
408327532
385486917
333272866
729043227
313852870
542918917
3225190
468830781
137296161
923202864
141037798
324454249
62671713
492899604
896843603
697270946
18733883
765550139
217648032
40400233
846242284
181586760
671281649
851449780
170480395
547693765
311974913
174184782
194318389
864007526
637362044
701139883
60086969
2428372
172058584
551888536
663078140
608742593
224135422
83493680
502641779
33246757
445302750
842222613
330224008
344403206
707033033
494070094
471939379
984449865
593586092
906275629
498455490
751269089
172436909
921367212
887627299
541588602
247559345
759277984
196396836
218823795
854930260
381388358
227900470
752685446
886216045
870040307
541380012
925975178
343462785
259409684
887742127
973382278
38548818
853184336
769801606
137806811
408880760
455673083
892501694
571246702
508686206
834599253
752499195
940488072
406230220
891137414
858057451
581682268
264726739
161145783
164465380
537281313
240432348
386903659
907544215
257230342
214010020
400939450
605797610
467487478
14786261
67844887
693303067
69632622
515281884
83744048
211359199
173424400
781032055
859111063
629507801
913822318
710620699
62538218
403090577
227600370
960727570
845818689
78264738
749245982
517448829
12016080
300647749
148472564
956720497
414757720
698616481
740777388
493867630
823008503
983859277
183169539
131749224
932119322
237240015
132690321
781453727
616062085
421850398
201114540
432888145
573127739
118933521
225579945
148993853
179005206
146990587
192859571
612696130
40956396
890442837
287847467
149303064
791702054
700863689
350326710
868517749
253760157
931924104
262087177
739517385
219896558
641273460
293153651
104710630
177157123
437207610
69208530
692817550
733234661
640165760
850639001
65910186
877056760
915252797
168280711
354651930
935986358
795691434
253941325
958251373
514042200
699960622
651804170
145508095
497987041
391691218
509139167
988365057
912436645
878919921
596817262
191964288
441873678
343473591
71403642
625814656
179945154
983874137
808345701
186516082
712138268
115813992
896375706
282967238
170224111
146982467
71800580
710508874
751351052
186748378
854574289
989575507
757145891
522192849
415285029
288343924
570878969
624280472
536821793
312170016
520174676
460634874
760139462
205629930
12278610
289835307
167501994
926936952
183371739
429830442
911447503
222833062
429157931
884483053
861074058
72252056
203692956
789133568
554475235
669316050
799684472
465846077
593141857
464832465
709065484
141024452
423078529
313401382
482855421
689112132
661734831
713330617
813187756
242335904
402026167
982366954
221770481
624440565
638792895
866419342
849437522
454828777
115322345
749765234
18907805
321806284
284369498
466322683
8932092
243496705
144209397
478293699
307804458
783765353
969818001
555063302
211205972
102986688
855783248
187972227
648518045
834830360
957540210
562460245
772366712
868533212
653534730
846210276
425591690
628702834
632644731
858402871
619641890
864524144
700001615
564720680
304696712
72658733
466082159
244706160
975918942
562638142
56548924
947349883
870621525
514025146
668057886
88728611
941961591
765956568
733211853
109270930
798704821
554419579
464690033
543377414
265456682
751547832
749619844
979237018
728397553
404847860
397505284
1216705
293904520
709574350
522241594
450751843
27041228
877012726
604902369
141156505
984992561
834830654
556267803
472598214
68134093
763875629
955629712
697598889
436411288
882516628
17778891
740480269
667536516
701557065
267705980
825692054
644844389
353259720
533808417
934294512
609732252
36352026
436866936
938129027
803825426
474274578
972886072
85725900
865392600
616984666
167440861
946111842
532441241
141212762
8761372
581355648
382102464
888139157
473033752
757312220
481565044
753025689
438371276
903777694
191300515
694139876
334844258
244182386
661913058
450008480
282384541
954619088
674188633
447632000
54658666
811834310
421815456
274966516
321294828
188438581
205530932
74681050
614503543
268429417
985133079
142101317
248823211
92191052
280490962
762288994
383095198
33929697
875055319
730967997
195904494
515793105
58252543
474311025
801643982
586401319
632154784
613913942
84435929
523295912
494924495
819054195
797538211
561414893
977974446
356044383
750442141
184585796
894995298
934234159
686094023
980954852
745410058
581525206
221075600
883576720
853273982
781395985
525100656
776810881
302721628
828074183
317341955
5888133
315466245
780482050
519996316
186748665
366013115
100662109
851492599
575318722
525132306
831570819
552509019
323844595
692178908
226873383
970644612
371948474
913723759
100418230
356980611
789210837
230862088
87245172
454377041
905038424
401877495
556917661
113258867
447117537
430719487
176578081
301032781
333693899
236094850
713740326
27091013
563306376
777424958
422055022
416215465
605754823
417450631
693209787
430511030
291211502
68908791
675525449
492628912
750311440
192312462
575870737
493545055
69875695
693095911
190339651
486958817
170381997
515419650
388770575
112207486
270610131
899756627
636644842
490386252
702376530
505547823
63065975
148677902
249502201
729394410
550273588
958225310
62568814
283416255
35536719
218115999
331471938
811857839
277777432
626927549
435153125
839591732
965836679
104379744
100697355
704618262
169591442
406048438
775209778
293421012
877274303
97391526
901291542
313260243
179441559
843661931
711754836
10170637
264379120
87862036
15468919
740758808
238773022
426399418
531207061
327798037
57464484
806576611
937918075
598767797
646455480
178770846
962511689
734034404
523804030
612760056
760973975
852767453
141130559
811382426
189876681
585016506
593860443
943218569
123375462
181467968
665265400
389279701
782255913
746524671
140231785
375527574
844049167
664308589
416492004
724942025
366745478
703390124
631959415
500025904
548145071
642309224
707367562
483912310
195736281
692570732
617779154
60369433
250468080
978571343
556118348
274343180
685796970
879869890
827948415
317039933
492315898
897032890
75260837
328755910
103485449
564290326
152329283
943957486
111543049
484285278
873757661
492393629
109410324
803056040
695380364
431515953
406629676
465255772
355280846
271593871
236106423
727450277
883824809
98052643
925880843
389013701
638517382
727813911
662740792
269086714
757545657
257398661
613295403
28049105
39415055
306273655
754423239
615881647
233028256
834922980
108635015
936047064
951426793
914410122
707971005
511346827
457910487
126443842
890307599
539131410
80416027
992135810
201797838
866842883
73161458
572211099
932105836
320597551
837890069
736535492
416192547
569762495
143195992
772632256
777909470
865286260
974688367
416365464
234811676
422680082
938479819
937963528
278424323
784404664
709457060
982415097
865069056
632753222
222959639
15224557
455019134
941423598
677099575
776047078
758224067
731606753
396340921
454901708
984439911
591441696
526771007
743765366
954905359
211176927
379737727
360326669
645688276
824907183
284590281
717437887
565053887
728023817
852555267
643197467
145820268
24395652
796847941
866731876
898481083
192846424
558170038
131389108
268119519
27251486
272694048
833505961
116921416
218488823
150435082
229399933
855618569
65925407
491261577
914471959
500973302
751147768
239222264
164282820
545878569
795514360
416919520
205543536
131512710
685895041
333798999
776899381
383575086
238710007
219468933
910155351
652713725
838409302
674220186
684077655
594659996
245346450
625918624
968789833
452548644
456052328
804525532
538808952
439810614
207712565
533272679
218301570
723352152
541152950
238303069
359558988
812529473
237192115
808355463
884477903
634442943
598251584
687200535
496312032
849483762
658993513
469772432
516744204
739602710
220026567
918145894
323854495
74570240
654293569
591112020
487251520
660322754
616584527
838194854
807782351
67569967
442790460
684233099
491666647
938673171
448011830
489500795
225663334
866972988
815621698
630211903
250170371
419343454
681510668
305482291
891524151
142971780
639324119
120829585
773608324
276496014
147964536
551672247
893582624
249029094
520741134
177230416
590089519
815523362
14394853
946767543
906155299
220601652
433641147
113373281
294812824
641841166
116456335
99035675
567999000
119113284
57038844
735145480
117490393
692293595
579037302
283502900
527882925
459898968
179452063
635835989
713886982
932932839
351861074
312359244
500795638
380471190
242124965
892565576
59490676
505649764
504592363
520572749
19945683
584544001
848469203
190146785
723676388
583467764
302032699
544605298
489748389
915305551
595938725
47594774
731985628
45419193
557233113
894316590
371637088
208296234
719568089
944961576
760823317
930739517
236477487
715516880
218539389
394297368
38429570
252458667
319966542
269318769
412479718
749991280
477103295
837006859
705281473
135631701
485294277
399130056
861225266
546305758
493793981
633165664
62206279
178207326
285543229
712592332
367403907
845360341
990362088
858405045
765652664
882973317
988507668
75234264
684147266
2474857
31760705
150614726
208475125
420151067
357341906
932185663
972168489
416304736
23256104
972792912
834942968
138829191
762240929
175120797
710797350
139195594
218449740
502171889
198322766
224445713
344152773
948700869
502325210
834262582
308494214
983262238
240005951
769342780
317354003
325882997
474761548
328840716
11720055
372861226
950508881
449545372
448047229
249047956
296845355
27294096
884980763
357520788
758037788
819039360
904846099
764764328
775503985
89174862
471939686
961014764
4786235
234681227
810159648
974931730
595125071
982186017
950371381
208136660
988938741
685229883
937275760
881225391
661367412
401478355
366525066
151612936
763504871
5680644
402363737
855456757
650737740
428969852
513617074
661628370
267765561
118752035
762308518
870100663
481235390
493610967
295677694
58793019
73120175
981157537
597525612
981489855
415405306
717615154
633686341
303973491
793681130
87141152
651782554
629398366
650856312
927275598
461280072
297894746
719749321
973920251
159955892
181978952
554845777
274849965
631205911
669965410
681022921
68502844
197057429
508436195
744796712
340465724
723357663
958292717
859299168
474069283
633100632
158977933
319450310
391425296
248786178
598969869
189471279
63845284
299427316
319010506
647649446
215939137
870450342
627569247
938188242
938302058
376126700
601290442
229295804
52902540
355234618
170292468
294215108
239278457
402957794
278777827
991313477
152786609
921574858
203779962
513353706
487918810
3234477
514617660
476548513
888197100
962042039
917689682
948224393
73863297
128612999
706300579
473239161
532343404
388590833
539355988
350630147
429561645
54399019
394755653
684821904
766195975
591762133
722051225
247345123
621878006
933381688
890814253
285596569
398016250
121584417
557619244
423075168
858509811
383494949
735487492
918842028
543238814
436324373
319213534
197899635
474209113
895226512
339908220
301696084
119463174
694226830
943124376
318129303
122096761
953189405
598515566
716411152
240438521
651136610
741485119
836036364
808483556
283415086
871743105
725317026
152892666
52704432
222182619
567580571
933420076
593113606
314493081
220677180
350625983
5765063
149592425
735333460
457022443
684706126
557438437
624381162
885534514
649352340
426226140
748970032
637109516
184309182
349265238
988835915
317630387
581682550
923776962
130163404
291557952
545458306
489653035
911860334
876614700
277428004
889183087
300330754
774953006
38020594
512112794
290631928
947211451
493476616
787812997
398302979
253644757
803928421
95771761
297143890
393252929
481523034
546552860
462333604
577515525
205857177
262058613
490486321
711269017
23750100
939295187
211751111
516440495
262135183
728315083
616945348
69026108
201589792
574128508
945245495
349131204
392283150
362974205
826308166
9619052
997217073
437668767
640131114
695092130
780250575
629133668
311896200
205789155
75281809
778842377
207801080
716017129
38166068
810941753
848046409
91782669
793633567
104273043
727340013
163042251
570046133
181715839
99873696
836276647
724679568
201924445
639051103
927281772
715512984
148393661
988422588
658782407
295208703
878819234
404887660
832005404
605282655
416619973
850612391
269373868
67947982
171151708
774307851
796548365
159870473
835170215
838421406
929621062
473496372
246387974
815991730
114846872
49940185
762276913
579458114
956914470
682107086
881418762
774861703
707162342
362275463
173236150
406684132
972881217
704075327
556561889
590148795
810137037
18015758
637953317
661916205
798353247
274205729
595483182
272090276
810870006
77927838
916663942
152107758
620887180
812689919
686164178
710072704
840118176
299941653
948493874
846802214
950532341
372363942
262856917
531187656
521124375
321123045
447977493
355354469
731689206
765939770
647204997
667872643
933317202
60336753
437357850
164244467
688489211
171204156
14031100
436276838
88468566
712469858
290825315
505138121
147869062
917373355
282005895
388879565
250204354
377687589
755045909
85400701
699393387
906260808
885655974
366337377
119441932
215967005
38738410
909856672
304750332
445058495
206734988
990961485
784651165
789183881
552742507
463008911
859157316
710905687
643603551
66936705
452155097
172550407
842879899
927348586
851383234
663179959
975852047
264959577
556640025
632425360
197469076
169080447
232109569
650406764
396280823
377274996
734944956
844362574
279351588
172601921
897751367
397959638
910343029
558742299
657176725
922539147
214694381
985732519
192722860
63825307
428447422
297167184
611076485
789634226
997652902
911653642
514325826
315288316
640424405
928185326
680873636
765363080
730991927
472984290
355816848
989601658
961291513
582225763
921152257
808826905
915209668
509278517
596450457
503851818
137575221
382478121
6331295
331674619
768220167
22770387
644458270
526350232
34443244
644882551
603614158
323186839
77920882
910609330
597664405
213070820
492062461
676188016
788911772
253263228
385321397
580833351
227226072
542841826
179034138
691224190
471096356
727828399
61592670
592903348
589878403
411799146
928007634
891679203
526413285
526548574
295457227
109998562
887963498
979320572
39831615
319599056
675131560
912667669
424632204
639277711
110933721
893220717
796879888
632372572
570700173
304435904
763984092
672132819
506035087
490024923
27742105
57567604
444323462
592559471
714582566
812571667
780056540
330617866
288911015
878516804
746361901
522588542
643686964
34902353
50688244
497679157
178403856
809807742
250558752
606858878
326895378
609448054
978643005
417633269
124606695
728166443
620782795
823766683
282837139
574323330
47096505
619648152
363702666
585263059
318684091
105824038
168291422
181652275
413117466
244764095
101927679
185160910
384608986
71054805
626256325
421440207
148844066
545514128
344344307
557636323
673166186
221607025
400603428
20573328
75155282
515579647
459621442
760533056
253612320
798993738
669200680
355144819
616712987
624247052
117773763
292154039
388560740
25767487
278044910
837207773
281343444
360842060
853247692
607203751
25056966
41872813
25231617
238686422
308330368
150806513
888681967
359721402
294602077
316349695
162045655
920845391
969587608
167962566
92626686
74442929
499799074
444392826
10096388
681678213
664400395
591963913
406543409
334608785
678387207
240281409
163182935
986674760
636170309
293084462
624069378
678137884
709052581
844408467
858264668
275250552
950458233
711091226
321829278
786425383
159706395
78570953
685722519
895683258
283889962
428756004
697162632
111944974
791116146
941668967
294322331
450094896
811358733
834043119
946948968
685056899
669109548
928397290
76493214
797495875
891610358
278221907
694404398
597509539
27724963
776533187
189671768
599253083
171627234
532456560
583445867
444635700
667199400
11192803
36027156
719249982
31193988
912522545
978324793
30840594
972730835
937901602
686565305
950761023
537919269
972344275
959700623
243988904
423631617
562095375
993801434
65842832
454431244
63470354
72188287
764515718
267497146
950148326
724365084
286760986
146207192
580900431
337952145
937266299
9963520
84345031
303920546
315760265
654168111
212212777
476007673
336031979
970462216
672052978
863449049
823377061
126891219
525996697
3908013
510620540
821793628
631831342
584278631
326616050
750604934
487312938
950126213
78520600
601449605
752698624
940034987
820473897
40197307
604831352
188777358
639301616
268386478
433001347
64342285
832665387
738828428
566104547
447716927
140163204
99847599
132831705
99178034
453113225
172746519
159016320
497444381
530924624
421712423
70750752
221336883
145332949
780214009
677565041
224354742
858116379
495002018
515029035
822386137
437691497
879162031
674508274
883281284
834523472
427624819
226281583
484329648
739848232
530717525
305489984
843904653
715586611
924549765
455967136
967595015
869460026
892513980
626944542
675951361
160995466
334062970
509664253
418234604
106397714
744137038
399930958
683190128
38795150
251565732
722281639
478873003
111644514
186655993
402659881
510323112
980824081
210229455
580779841
876114847
685946052
101694309
196075780
360250810
654109553
200323476
731126003
4583603
264764554
707978013
870126778
334515390
964028194
988305400
43362656
211333894
830972846
298547866
759908575
259784031
256242227
741703473
917886712
774355880
316317306
700472749
403788502
366436068
615642211
816427966
805871129
577374412
37626701
567462774
834847263
843708969
138194138
947554950
11087159
14599257
621934722
222868659
801301545
809273644
102419418
144777709
819950036
58674291
681146996
324369857
885640657
399051941
602389502
508247532
732755789
409251275
206158507
958945278
229824652
598028510
498934247
76222239
346376340
262368290
897089172
458137875
889467776
572124614
334979956
325016546
766058398
858265785
859086692
610429959
319430340
393491721
350683388
586807220
57501384
160387396
587940018
896705534
416914715
817113654
826145748
356459988
627625528
194164934
211495723
269216320
270045854
730598263
996329531
705984129
158039976
593867765
586483698
216441241
829204874
186438614
641311185
103510560
644023929
332919306
847912111
67373302
69191900
551715340
866225672
539489785
431649109
676229426
735466980
194969806
293740859
781392911
473220825
339028329
247797206
852046078
794765169
552393524
676063535
445240998
988613537
417632564
211904088
855218502
859027789
233538091
335956168
696201397
834217960
199907634
573870237
153477587
138584586
747465573
675302127
895028729
117055755
512228725
941942823
6040312
676022479
479422207
5468280
723444304
265215106
520712869
659391217
839060377
397809260
517013501
861644344
752264315
5596249
490205708
790463025
580284548
546462944
982034237
555923336
123946556
982511834
926178076
510157241
784020554
583949107
240814478
244438803
917229253
13874732
801983309
74702037
148824896
904012292
640050260
299914896
762284424
410670049
481303786
471319003
352134130
304536322
176518848
286767384
752013603
888873303
763081030
841774268
875668060
310707642
791854146
207722405
84789347
127633471
56434520
482119968
305427227
622193711
755373259
150128060
613836032
318598326
176535619
343149968
706414258
668151560
802454081
208759298
88555621
783931157
91833466
909302919
615366065
12814202
398494374
524418095
494191178
918705244
55811732
646571389
363119296
777005596
788933686
716494720
381906862
817825504
394417134
190841002
542047951
119908129
447934495
522727108
212183653
56332363
883959474
573987615
266526571
2802478
146870478
109107372
481270902
575281661
573938342
812556042
134640038
938136532
478462082
915152178
242713178
79845413
555690874
847049250
354851755
618041777
255310025
484640875
821336434
809365519
846535182
732090730
313623804
657785784
646303156
855546602
313049652
211023051
32504706
757353521
630370915
581638106
286082569
355813489
477465008
515529917
508507098
693718498
732373051
254704597
623435286
843643544
701430035
96696184
801490232
521252971
514841495
436089550
831814965
826513473
595484329
311607919
150844676
10254541
395694519
192161108
332756292
233966610
69572515
277745670
157537001
732332742
46041619
66593375
673912588
549870028
162097576
131538958
903327059
501897045
651073771
499273485
422116244
520255806
560379091
342125342
564863564
598457445
594798815
781960514
464866172
179743501
431450753
640893707
970523160
693001962
370964312
94909635
811039372
44356632
602705649
110980379
697313915
625537713
623762155
958806388
368441996
637992149
151673077
773456089
736781805
501222784
581705539
269829204
508438489
62435484
411038864
995594002
447427300
55444181
415743586
232996997
100830173
681680090
817142558
953110092
923309493
728323097
488156
545911591
718859563
940578575
332332583
546623804
888807779
15891736
748052836
432493226
44063380
837263288
845952519
602649640
68307965
10369724
301553716
621483751
238871078
272720859
939167516
974187765
506883263
201407317
867392255
116015993
118114365
71552410
684838316
105233124
121949571
63510945
415522602
747962095
853641750
675142093
229339654
181201145
633524775
176299233
142289114
616115323
364089749
991870707
563739282
237366662
161186054
921056609
149332286
197526209
826708150
753846225
603439486
949669396
428762155
301956336
855083134
124527105
574856063
761443953
65064728
933531472
949593523
547292261
444246978
423020417
755300127
270555861
19554371
52930948
204753583
749693486
86074291
194653098
487131845
75377161
597580259
552368999
947687521
104988060
566003717
603139334
996256159
447313893
367914007
101122287
877829631
165402885
811791022
173867438
369926147
820033951
188207882
112758237
830075830
227880186
127791566
183423503
558999670
945925456
39320302
112757829
773367974
820721440
256478830
208996042
149313997
889883075
664087455
587846226
145584893
487645896
576657658
808858999
109696075
854656175
177526302
458394076
485109240
583902674
404495998
743895932
522885016
539168957
224160776
90440626
252023715
367774717
669036451
109428174
620286150
151754726
330808742
788789534
127317964
40350255
57512726
318965967
333910436
788574013
253324935
611245216
212148524
726262282
53993116
426089790
687997381
797794273
68519495
303566999
92951707
55387543
557952118
705931731
424772754
366092757
721746541
914282345
4112376
204265942
158204065
548603100
318353456
379457577
915788582
852220489
591710707
204263221
542673551
564286252
250295713
40012697
894769288
961758428
107623199
791041744
617859822
504547996
154286944
845285873
247864293
979399127
121955948
960326042
630648201
163696586
311586408
924380650
263123554
934653779
774699090
142053016
268154870
552751675
410075710
125654381
248105512
328776167
687622150
971884040
672222864
601760401
886916950
833524838
352337242
530552387
416843837
272051561
603822691
326138335
58331714
776834521
564034424
43838110
762781043
694453060
781444974
72283087
20719900
599080352
200757962
125470647
934361148
719991599
926529799
738920745
494165326
540840549
587497143
486405379
954686178
745365438
641349047
839875233
565410979
762193615
545997658
642694748
344547968
551188003
140235410
724131803
478545609
239506045
416643765
533387961
975879059
827013960
663915897
435219289
299739410
619284703
78119765
887247592
715887439
707127198
942708504
48001715
922122035
943362626
827032400
718060687
487695423
772177029
415238470
448684058
770636121
473058212
718704752
263752388
18156662
924180879
410771605
861777694
612472267
442492735
458326505
829112523
697746690
147460908
162337440
96486400
610132254
479669085
236199174
64647570
143105455
852323956
588246488
867325286
172168049
31539024
802394564
31375958
884851216
8660960
710212550
274418036
456056648
644804477
300269773
962898950
882058858
373157770
117674688
726162643
965917778
141460329
684410349
431677799
509121538
732988624
904954482
652766919
536131436
320040242
851834944
590583797
644259298
835942110
903888816
556013664
229029323
90445369
517313780
795603734
937214506
855830802
580333897
682575582
280653000
519685789
947489778
374914893
851284250
263765597
396930870
634408725
733453151
630112323
525754955
673015557
103053349
689705351
743288802
943731521
61490542
781910116
465640947
281532294
401709798
318602373
863397650
576582026
66245760
324504246
242355783
760819797
567647643
234107998
479083188
264851669
514993025
734550565
585785595
209210728
56017007
211381675
191896813
601893155
296472308
636396530
198254458
90620425
616673988
501700354
361461107
225295787
110458447
913455484
186721086
380708281
274384102
720439329
981075533
388517512
956165187
872399697
595672900
440066355
829932154
255254643
107280334
435382548
76775167
175540400
338557874
904304596
587285356
748338762
207797273
242786316
703107190
673651663
415286169
905988848
932590023
983889964
967978689
713086763
953003287
215994454
61769810
336903928
57281688
692219621
918008415
707592434
201577878
598890440
171868810
706699792
957951659
854062029
160657161
134000267
35732330
180873090
113644312
5374490
657985386
471522124
240960928
788379825
633195652
507918422
652748606
258109894
207965651
584120299
826150983
892929341
856647417
264046405
511175360
489314630
488700556
944883313
375696080
120117599
376635137
263416704
250016759
20970501
534660532
934261258
151513996
781891647
943888134
620494371
860251400
15577219
159784796
79299398
76828970
216826874
466108087
893210569
649394910
277900621
899950221
626804872
580643029
235739531
528778301
206275374
948160560
515465008
568037574
812142220
718498754
926636912
744157639
402490051
717164032
683610796
20237574
516021007
428141595
356932248
35552740
774926469
752309421
30602733
527488523
1920998
646843659
637528808
331594299
825802378
246900859
898429226
4434959
746232536
922651822
38257886
504430177
779139144
394021387
176788072
439946677
253439624
246726125
915651580
356790011
14544480
155247538
513655668
811474495
747217981
576243730
997134454
374453062
713521025
863783430
294150217
893467328
143688317
163206079
85636325
427212423
207745999
511726915
362127280
882485888
703357452
668451437
298437485
58131398
393477331
699265626
364950909
680425382
660437796
97726683
79754398
819181907
974391577
82541401
400115783
470340494
498957892
285944696
333876670
596901146
386740791
912385516
859561086
305249259
261628266
370511171
631979349
721037973
367633015
480604087
486138639
206555272
800570441
967940412
74291906
417286869
514799102
30283719
907891900
873675277
790279510
78171379
23031213
842871072
188401792
22978310
779660903
703526222
951211857
198950826
937663385
227036704
573725948
698895309
63152686
4523105
174999589
17427037
205111270
720015441
97161238
655677427
2820617
168633650
781788370
933215517
870817019
112595386
663892680
23692185
196801288
300945696
658291683
375906981
597997916
3383528
803956580
550118092
847605112
933415839
868216196
605279165
30692936
762898001
836762456
539936182
693439508
665248961
81966597
253658292
421231921
782941394
176631836
706396217
149474103
105892936
617150468
233904461
299792312
236552615
117095185
127526704
762797284
768237628
252581606
740855423
466344688
333355595
849919760
930785434
354001712
122682030
183913073
336267057
56612618
532253291
745296300
893663850
991666210
352621550
933671383
815127547
91002000
453592390
276370999
113230657
458370630
205667350
864884305
786167765
723078614
312064362
92678287
436902481
577924773
462941958
214264963
427634492
488979141
53888630
452981928
992328347
267897432
233219457
494431066
866107349
855675020
802528828
937159698
661506340
769692340
451847016
553825051
441943795
605355708
663898716
17628168
123683622
266276092
427470173
156825066
588230015
798394826
707651431
280595566
102393167
153232182
977476538
703983772
634830546
538952269
454126061
321490223
20955939
553702154
447319387
76984754
537524135
60857405
473335830
740156843
632372632
407840584
119998069
672719694
915644912
491785495
191749896
591420272
479642165
110282084
834343546
156101849
968065215
965098106
204973969
560379848
145793930
727807925
514823588
732248164
804646076
879675193
362497837
770484857
349377711
305162741
23177843
27785920
13891033
174877304
780890459
38900495
606737571
532259769
313314778
337381425
150186810
869280260
491311058
595868875
196133815
459243371
85125579
296050849
609467147
97517622
697627307
863788943
37468741
258549719
424920115
514515273
258438472
426993024
950891599
748600281
884168681
802043486
565249671
83648502
125938265
791194143
966384643
128239536
143405164
847945704
427530036
979794533
358335450
857672923
886716002
41413285
985234493
15026241
12937912
934232427
849375354
384885569
116124821
472499655
564736984
306406191
323925092
500791449
473751802
926751018
936346620
269647467
509325690
929487285
413727896
480122671
914619481
522156398
483636557
757764608
47337774
142345345
775938333
870477404
53016115
593300043
691855072
313812210
970987104
27536094
322497267
98995098
969831469
263634384
562013309
939114662
669260026
960927832
40716462
232610332
925880656
212947667
335390539
240279948
764934573
764060619
675350527
723626358
95838258
906556466
437882744
416056126
213806243
643892749
343148273
898476745
271034737
135861526
986693539
735976188
952455326
878400481
778110414
156885362
601171112
502006847
121425791
184431000
753605625
837570900
699180976
828582561
287040731
900864169
885904127
216348649
303649468
180093864
66434369
842696975
776128722
830533288
796438335
286974684
462726918
739949075
872085955
955460382
372381468
595315805
661042408
951569347
441187725
168585549
144269969
272134835
341912192
863484386
139550679
245078343
550602807
641787011
57109437
518912902
430279885
769638962
776089337
301602752
983718603
948313729
188067151
488065467
993160699
13428221
762749898
639782320
307745084
575893988
614959824
460542318
422070685
208741311
729064526
557083533
468516038
863322783
888573937
855706209
269583805
181765831
860444836
949604848
805077957
488948652
707928577
629785938
947572459
732592923
672889536
295210007
995794519
737471217
91627187
524370621
505873036
717357191
106543260
800713548
206646726
184623485
379758991
945038911
510989551
835548100
786653934
204645019
174936283
194095065
933802240
34563838
103927456
661503639
982339868
252571056
365871596
23678848
831386212
432409550
443363946
570787344
639148265
715748131
652012325
78289546
523937103
843500762
490314453
91930254
624572830
157797598
362263652
152244505
455198383
188546517
880836769
816717233
396933600
244735203
597369163
93853411
285455712
220522576
56117979
212558653
892910705
661404692
420924149
234070506
781137546
253220339
946209053
216680804
474892334
416721776
577653744
456764092
52778596
321954597
939811316
559222679
96744701
96911493
950319630
108979670
484929516
625523761
845358025
562184396
925516712
226798986
522380058
225524111
314960875
634121083
326531916
371967910
170932512
359685013
105326228
157022330
806848724
25000574
481281313
752805132
930972944
508353040
909199050
869313449
504935971
582781727
24141628
243963326
824480926
819850638
206741237
380465130
806655819
941799865
34095176
265013596
539982895
252980227
452341564
560279094
80868335
76416859
348241844
944483236
277154734
89500644
233061886
699173603
408107019
163382225
610184327
170242065
567817731
967449886
778556395
284061399
430902791
117386117
171619596
370289479
456431498
222952279
289869693
542233941
605856632
165898395
262327759
158897745
164332259
336965884
466709671
20303048
888419868
297748325
360889984
277879176
895557174
974038981
121751323
163932224
749653054
268634732
990118314
152702991
638748969
292828163
113029990
28010086
33747118
586636705
298077839
854236424
78357330
72373292
174254376
298156933
559210748
609825876
128847161
617017440
611311837
198264399
109772323
633239181
623856605
109198908
151000143
84771025
377126442
540453388
968487994
486797038
593189470
806861298
188960248
554178663
578035577
980822345
770527698
82943314
757312172
428629349
485405384
349901840
117206851
571567808
3133157
138309677
462704115
552575517
352771942
287794631
409833103
484596244
135019932
885821418
71807900
903981904
921253518
839494933
744152325
104457575
966914659
593659528
852160163
187702363
18923730
348315004
323620371
953412613
746572475
358793672
918272680
145230377
287929426
648471385
106817907
82272212
946133599
996030418
831756257
184037851
923486886
188920233
82300062
140315128
650391989
779707657
120788482
20483535
915416682
791375253
543738000
707350183
864711441
762803212
904103876
495029635
191508904
905158667
415109330
980177291
191621656
942000403
36196782
168507161
220976168
4768911
408034245
104209011
286156577
532945954
188205826
837447581
593129801
344964234
97694877
386414893
112134794
567012478
268654993
910394482
903647997
553656517
446709973
318773363
100566426
639897244
954155704
175441698
832792963
281264262
242896903
358941649
755662122
526649971
205885850
642326047
19358535
549085458
404283615
51185928
566212161
647548776
676247645
343673746
266485874
186310872
946062012
413717215
914682431
942109368
773298633
165954120
149526209
839534809
324121941
187844291
373577921
767246862
85957922
380565774
110385861
809169214
406480380
18902145
803661152
535865918
336634817
266986803
239479622
676207104
296371291
681589423
15801053
722754042
278631772
830445399
648674156
921524872
341614029
384933756
109539701
178627072
207930493
433709283
137025675
57466762
867517557
733541298
662149105
721477349
890750487
228575384
948375215
872785702
935639113
670168635
624685367
430942741
991273417
469884564
410764856
332698749
768334395
296678485
620498786
222908493
888782039
444443639
487483074
913892971
644138134
746561663
689883106
12893033
953580187
53098879
529032295
383051191
767212657
222266300
478432949
163191697
294105412
839497843
374229846
278353617
506013662
499184930
869926365
820285457
741070962
630215107
482130444
918996154
278293285
515816529
705895577
518519211
967162930
555904074
895072682
201945634
742907421
553474598
459826421
142374101
604466580
532479888
882122718
278448574
258999653
249362881
91718571
673761302
668796677
626136812
380516019
107759087
889353507
412383525
716924212
35400803
251776825
639746154
423257376
362589964
158690093
527789607
582648881
298125647
206295334
126680711
665242603
118508570
599442135
714797895
218571314
281646243
887822937
175518545
208011782
432437540
393169372
942542943
178315347
275190947
544361924
459165543
413379813
841921582
199457844
42589
714540789
960434975
256779671
859042064
328900677
917273072
36924972
668740188
753925976
317018118
814893018
326248011
236042115
145640768
779478393
866810852
973588778
747599078
842028796
103805918
359812515
274085685
17864439
142067799
828491357
258946849
831564362
65496182
939898174
185065550
291774470
876278742
174309214
169426214
629831255
647233816
708904230
572239777
963097740
450618544
916113339
65920738
292892781
553012920
374719884
236216477
685813878
853552612
649991263
902713430
491381829
698841916
446261589
578069803
144527495
350159922
106035493
179947917
953588246
920590093
467144322
619030093
68625006
669947532
784106762
807964942
437921830
745162481
707246662
478110806
602997541
622740237
919525585
126053005
407803981
872733269
502388864
764081996
718637666
260188232
420621382
482389905
257206524
278530701
746640167
580577653
841698045
64721082
600556947
715618306
361265180
381195163
600888974
286452066
77509286
648050370
240615953
407723931
137803344
752131579
845135359
616220259
984910638
923686323
197031599
961383367
438813222
793521323
71136120
966255382
619266819
383936666
109169931
41505814
457348884
616836516
754096306
887604721
704197824
450248767
530055948
800680680
251064902
172050939
548578833
668283116
219191507
67505159
378778481
334506501
84684258
862766838
701055664
624503499
823680624
193395817
341952601
909060439
606656275
539991476
333706966
754210161
854654415
209532222
960262447
411787556
607651725
214056753
603582490
369316878
720436950
153180165
276113709
559806550
895683401
946487481
799328369
184027899
752888790
279039118
585213608
209831414
245144631
102083069
615907474
284079793
961158908
295114488
852106195
993530242
734363207
558812663
588515144
594071455
610205887
598553741
688523834
311356387
565010564
909780410
780867747
712532210
433417682
230922046
245756531
953659369
783925501
25538395
790890416
605782614
962717452
553864780
786444793
765446883
515090084
570282950
452019909
119498170
726534930
684279791
753458057
834659025
293138705
23621955
816584755
536969568
972073000
536906900
601438053
117311510
982977948
751341452
308548684
786501093
649258630
769990427
653723389
18729164
644345826
809168317
69261529
375268349
360540186
954588079
550280234
881582878
199866793
508986179
141069969
181536672
545335211
94281643
427527544
227780268
971821682
406120143
673059591
414299848
60940396
932625334
192843159
356578323
61238008
894393877
99627734
62171390
588518036
433095272
331168482
195781582
437637338
612711749
390366381
639607628
819238218
954843744
592787968
355646546
928789429
842927843
969937861
517105737
947032008
822903866
460504348
648271393
773914075
349967076
67635972
296158438
228713387
321193665
663729065
680152050
700935515
346226488
883371188
821143224
364308545
86609802
726443942
637534581
82285395
416535553
209048376
678068149
985878034
636462205
222354257
118159759
428561153
156412764
10671643
459562223
320618261
983821653
479259048
793850759
945238595
515281046
383466610
815247320
517933788
905388256
226930426
708112188
270957817
809962793
685244538
974961380
937057678
538679963
437841375
843638929
981168031
867703226
384108837
683453206
932960021
653768311
882768173
960160543
789311185
582043856
259912346
724386553
902287012
505522641
986136218
435584043
92836272
822547963
49795851
542024629
945907908
654128248
619582807
20002791
545332740
896333158
645068051
101047943
367119337
786574696
897782845
94120801
68708364
790167306
163575922
934076838
980461683
866226619
419628855
531605963
256952873
209457155
142731978
679247169
829069734
348446979
754061521
359409299
447340213
225522041
239110775
504530606
969693846
18162778
660425014
633482155
876618873
457446738
603437545
66654359
679902847
848338388
491244990
197011476
952194891
17255264
612038785
721667434
685841847
850877760
104105343
622394095
925715376
992650276
569940039
481417686
815446984
950001364
902382618
135516810
175515187
526550525
368039004
360624008
12921088
858877939
206160524
939498287
870412830
787112365
819545440
633369577
271008559
104877994
595696150
918847122
52283510
234277679
261170252
945874089
658336144
232540248
713250265
973607778
567234703
692427688
326001941
220861665
159133256
120285650
477298435
933796007
427711081
412692053
777196738
906304563
492421253
560225903
469031577
769863297
572833621
6250665
426497692
747805795
353839348
6895098
578985076
534848169
256840330
200450501
832932426
833720247
737192969
487417124
681964313
130657569
52868002
95633985
682528946
194264814
388229582
506514745
673445575
853044997
725610739
26117191
343016908
972279685
810514685
600659076
435865567
708175749
472339509
444857073
190614485
572206060
757947469
154563816
815146011
7693863
916124797
72265255
177474594
877585191
441409194
96936775
848636104
498888549
396491557
428213899
116628007
489337887
459036313
451160055
333934568
98174528
817313885
242459488
141629798
370095950
708867361
653343061
588615116
669967511
904980532
453954845
245371425
677132033
864557147
333846379
80720335
779811093
59337617
31685409
859498690
805036392
128785402
648145868
158331177
263567143
194315157
978844029
381556475
639637301
204946188
180512053
224807086
787732701
499611266
199349121
364142961
220748958
431389733
989327115
619048797
512965816
600426100
494411089
138101551
683845311
709753378
898464234
548418226
8556496
169871535
851032620
103135663
1242982
626276934
757175157
862910905
691547568
699979656
532164094
838331836
924912130
324931842
719359053
752590247
751586699
687941662
442279817
744114126
893581821
953703499
511696782
769202991
496771571
243536981
249522586
940935947
452328950
946852482
670610377
408335132
912076764
414632679
704515809
368234476
52350011
481093748
872348407
947348817
749398977
979122405
398909768
360254330
395420931
908234886
804034673
288734177
407631481
796039969
614751824
4635253
718365065
760564729
347173863
268439809
80367750
66963978
342212011
536305821
233815193
225574937
974488327
442115998
629907319
218823669
630034320
192360046
979091327
298742794
747526172
776979685
480104600
849225581
427862122
405462154
540407124
456967188
639760719
740308250
956356562
819249194
84459978
935866441
579721452
643848047
841776418
820792197
397063118
347848793
931513837
633155316
984329819
708858878
139974647
908286937
990004363
76969828
33315557
156879999
242942207
127191848
620702977
453025719
880120171
305394130
418188345
24438083
979634236
876674205
932653693
309874539
806153736
955014873
364909370
547265545
21822022
416068618
135120192
810636393
55963268
401068454
570291664
958781152
226076326
172324595
841487617
670098249
277895159
272512131
858922631
732064616
188919912
255953660
799608868
338107250
428476984
796476312
705520964
495271971
775714419
41598
188109678
892536471
183794827
948267831
140663352
19743905
555652828
462252403
993055993
768624472
301526810
416961553
370586746
825096119
526210396
556214841
588028980
107134889
946068367
950305630
279272205
475687768
772300765
853429630
655255670
817757957
7133319
312890079
954459846
890073466
122607261
321607583
600839428
867006528
402156662
983102478
177895273
148652893
507920507
196759996
475454006
131624139
645345697
610500391
547600012
143425850
596450320
547050105
588229996
572048576
126710474
622972990
515461330
638367130
980609182
988877987
229743582
349627128
950891890
845790802
530932387
680606335
701479905
563396924
551366654
448714015
362149791
359691341
82727435
540239377
641034950
242227520
32884448
884547181
642249938
362683672
867775579
907286140
290806533
102942808
523266784
29689354
333577636
611794301
149151474
116157217
139593456
18776228
146745335
287387031
597827099
36049651
601581813
960597067
374831420
899373312
526701073
399788324
316638579
910997358
450095232
278530362
870684922
928742321
287437794
850416116
562931502
223967651
462367592
871975133
579216658
36024394
814228509
268535257
280540827
523581805
952588390
690384725
290865659
125050909
486391467
945350132
731066985
190540512
196377985
98208081
365802165
996947473
934749292
95967190
275628850
823632530
326402578
327347747
20532263
880377178
176153751
893389462
215354340
312307154
793998506
149572652
325751694
665811782
426810959
470796653
424828600
536862216
210533588
519858678
98180013
309746438
518044923
779424571
752686089
761731076
861171207
232337566
301105544
8683751
34392940
486951929
131538655
48785976
926491158
298344143
335418683
134191604
778106967
455910365
157022103
458540406
295441344
517899604
389609567
899316761
389560897
706140794
897694330
50248134
110147896
260772015
902603828
567405641
623262747
804470280
297577158
755261843
636663394
236434178
271127006
374615655
255127727
798329685
938036333
493103228
913858076
242858923
384294500
115413545
220440929
830335747
950752997
803548539
536784406
36356681
314344807
916857328
162102017
299993239
7462403
933020583
131487538
88321510
946677392
882887311
667330973
452175527
774469725
401308460
29756472
788964321
567015954
512585975
554921988
243172098
70128188
408502771
895229238
573588111
605878321
628386371
443112397
122409861
725731375
213225798
646213361
69936045
129332089
220822127
268194834
366183938
518123684
747680702
395711833
504899805
244589344
110990149
156735345
796197669
707317925
461264050
382321208
332814363
416948173
824732051
961049558
395942265
763056312
809806439
833550547
556594031
937206855
772572266
299971807
290970063
240980431
817996485
62274774
591886263
654407179
398503417
543824282
414054413
338145405
404024557
457919089
263896493
235063261
873284451
237157060
411439959
203822516
88069494
392907191
521365575
617633492
704087227
739620400
231610749
130314148
131087487
856522422
699372727
230031188
178139914
4970587
208790007
88581652
208907555
532766309
248028512
296916171
807370574
560625198
591441212
964232190
531328308
704232667
151700553
279060682
665600417
260028808
680850415
555403901
300261346
133009324
205888745
894255188
160188616
304085600
304227345
221934962
932832505
245272930
512427951
245614085
213242576
54703105
17214091
583433387
14875898
733764000
258748390
125465470
409174348
881176045
693582516
163644970
824913879
807942359
165551481
697331086
993620279
978030833
286149326
110237406
593384516
120739782
614933666
427730106
969079614
594227811
786646917
146921758
926901349
592323821
625589734
648483692
439726285
204535378
534405594
739772126
905206544
277450676
804259575
934074478
532979851
607696863
363518528
973528047
850814487
226923355
285409512
148860884
343703624
312931302
500129744
428981501
513642975
102759180
706313899
777345562
234668848
723624185
486328029
328469981
791415727
184592413
346742130
350951571
523402377
583040722
685848866
196818468
702614468
613292524
647066668
903443619
794549409
469206689
186668271
523204159
960728584
342337485
830448795
264755284
669409329
132380079
535887706
633266988
584085561
909187829
987505480
849481203
973304972
943833192
313342044
19256346
228722349
712429662
57955711
311994995
933725473
403063923
736671477
641506553
504590712
182972760
859108596
430998530
980054143
470054011
281825437
537110353
614704408
172039408
238482184
245121683
364329309
16774950
990035642
800500995
44304333
756325749
560086923
997858280
291634891
694495351
876260314
103924826
624127934
508904391
495867096
969325496
924745412
417987696
609758167
255199491
495847772
691288001
140062767
473168011
525862970
714134517
853269208
658658342
730215777
193738856
8469702
230876420
165786021
666263149
134458371
128644809
296332409
368074752
563322963
624960862
35455506
465162719
655809996
857802098
117313952
122820552
4979558
190826874
382524790
169878377
408535648
106994247
695291096
295429185
811227649
56017048
534704744
102935151
201847381
22026744
750814906
268586974
716876778
991008974
602878610
381724216
574417293
312902429
848969133
871541386
971903112
839650427
48196474
502173137
528509094
640351147
193515561
422183854
212256333
95449832
391174799
830134085
180010234
451543495
858047889
56630534
664002203
842684353
660173335
847669468
646905332
193949529
957488703
228211695
378494944
933730512
891701592
14108317
178560379
907709434
589673831
21294503
828604678
945094671
502050691
81520199
411942356
397712190
615981414
451775940
869272843
98796921
349356126
47018210
591445123
291482037
616204737
407352899
369178854
262117726
686828417
851766996
796155332
716638376
715610817
624302395
420844043
419839577
201487685
940284481
230169429
81543826
811139078
120349897
460051368
833970500
649253755
535618199
254189225
720297833
251568696
880573160
634611052
569369890
984896139
535367580
719163749
824896382
830186815
63494051
210692902
269828689
693438965
420760453
849704386
36431132
347912602
357625547
206131436
274029905
673337007
485536555
698101470
638671923
73632259
972906599
763738885
860790326
192570072
804403712
366170787
342970641
409769471
449125357
431627700
24156376
811145206
65908576
988383912
877882672
757088882
375753886
940448941
494323875
457151708
913223378
646828911
82697545
245424719
393591680
810051351
745010800
52374887
700220051
562351949
248995416
352283883
69314372
728667538
854197554
862940184
235541227
447723548
504484285
468858722
391743637
689881367
660202496
800710207
302102873
612381229
95025338
985948363
104657017
366001076
377445200
18882460
983287376
57481369
863454553
526405360
723562220
799066360
380548819
711791593
108168962
185578471
997686747
60169557
713364765
567204421
628555108
178788816
646967536
819665673
675086855
142741471
390683629
803530442
489168248
26357169
157036205
159576493
709275594
160389963
155187868
336775302
63727812
184362371
186991989
624613281
504612639
248760527
362844929
938372398
975857552
850544714
887787573
781512547
209218010
758672294
72032367
498562592
144599626
798279466
811787226
350287051
368505872
460778038
743809019
610182560
689003180
985795415
895632577
609590601
7731419
550408254
693577063
915866156
190534843
518873618
927297057
473667439
630071626
508255492
703352807
71636745
350276908
311807921
26063190
98398885
403323074
451263901
402073284
980713955
748783521
132928488
115116670
664509857
23314227
458748177
777425179
353774210
202562426
242682365
879994699
310087771
290698201
751259807
33653455
604047964
39812530
656245385
887669780
689262271
209355251
124539258
617893151
563452199
408795411
934313685
344223779
913392835
200811077
1774659
65365250
277984377
781739589
711657125
335651121
40227631
418675777
338449215
159124999
329674593
483632540
806391659
669353524
398349032
3928381
600430051
460981880
596012063
474099528
958662068
149138777
86510135
932231802
411943000
154457852
514219498
119289309
887091151
532420742
730751509
462185537
908780341
8093895
874537725
507470454
565494660
158678435
201398525
107578944
820079572
413106274
839816461
219748613
800980971
566277897
281980271
395803694
334396243
51140853
645407992
535208269
259681683
766984250
291214504
19088972
334738745
777688578
776684605
898837434
343671930
93071263
448164385
130571515
747785118
166483173
84813240
561463911
948631847
287281069
547781976
465227801
6190315
931671969
411873477
109762743
902663657
693536542
145725971
721095777
372401531
907065369
385138591
398745604
930182291
283077057
78485654
353682954
32504922
567250905
749563761
365913191
789271700
802683014
695748863
521088660
855227355
304830538
899543380
492984731
755813045
256107521
525205760
545174146
103817293
894398701
231912944
454618273
252335353
943654188
885796190
100960931
18622303
617638613
341956499
179148972
82594964
875489131
973304173
157317211
648298567
805659165
725893801
382129303
253977605
875854542
241949185
383073985
905869009
639620780
590824194
4352780
150219814
326025494
855133232
976310454
819905366
761531955
4801370
342349356
225454723
741325257
21506748
719692567
619536673
537193224
694004839
606188528
988232593
474691824
845469695
636059116
436683123
481043862
613743010
813065086
877533289
623818183
939784889
401660499
858539375
120502385
495002660
34148965
945882123
611686891
185881126
837805782
964128103
257775770
329112298
276125924
297905921
477091297
665206833
341115399
753341686
717997956
785701520
341528782
101025374
147260156
292662628
260277140
659182939
409405642
528270059
913150319
983050073
445346911
813405641
420803610
747178035
381825678
954186564
175263516
264129210
217774743
760359500
592130451
388883213
854110056
833604658
259333638
834419003
564713204
622982721
615132964
796548527
918542448
183419471
620428357
893887582
675668070
460702700
791824315
695177584
597386099
560886869
922469666
345570095
21057188
668055651
881011908
251349941
400637140
735534341
756077508
36033745
536988124
469120554
524404118
251853323
937027635
408704928
112835323
522644259
517297596
224437883
90716732
950477293
323309525
654381754
790257024
126632489
423543919
281905869
246125028
992109615
556975639
313938616
124488877
31798906
759889349
210759666
907200482
212520617
524830372
363514495
862894425
132070924
779195072
471902059
249969382
277262324
535571199
616761671
711634571
786043596
101253099
654566289
801763961
671034253
719360054
243511522
730978003
619857239
243391318
592274883
838300750
686799668
569577766
919740077
613030486
195396828
459840919
537628248
260506048
566918764
616669821
105573997
653638658
775793768
26662286
102272212
191491814
961310064
506717259
578615178
687003074
219262262
658105512
771317362
138255691
697372451
27161669
726221270
115489015
966447660
669223919
224995295
24916602
968588840
598938814
127444197
81424487
811062711
188604666
669397169
701296196
518093220
22424977
65678103
386972124
62158269
517626075
575027195
747575409
985005896
310168605
356261796
936604884
363577573
126444718
773212201
859875371
391711229
106071693
832815858
394651872
569442489
807005976
341713663
798606601
909490748
318608579
534490903
239833647
109556801
471110214
857851108
230235226
832602963
140431402
122726597
856866160
101031763
938073472
913632646
458599201
661867724
150302332
158520628
664370942
990942230
955444223
239843948
415587469
34046029
402465047
503569133
917739560
734993772
592499450
879182650
439343391
284331031
712171795
538035360
611301497
96463360
27163990
871397418
395963476
990729133
84219945
839351578
726989378
78020101
363409984
103836548
212465072
405099515
367997168
522434864
549198534
834845761
530481273
842483133
236674243
312494863
506414263
991060000
604284383
357756551
685652945
220836869
324466682
398580039
644703787
770601418
849824732
624913167
823925353
442376684
679582065
663188280
466502438
469798840
197963388
80871178
229755895
378331527
897902421
543576520
101468504
184027205
336154830
595146447
355923750
428270651
162349521
860877917
90722584
599397565
351959248
434982183
531214894
862814956
267911359
492158475
431646971
52709177
143761963
185118353
212420459
219851612
58440812
772204952
613082254
230697238
971025726
155882225
466006223
221237394
659582439
553459190
500755832
258773185
693767952
658158450
821250762
105480540
127858082
40554328
275402060
815524647
587643901
248490449
376405897
381963960
774068506
483747478
603302280
552878516
388784049
971282318
34849123
801294239
612913356
245142950
971735149
305513890
277753748
976897231
275361162
248657703
791991180
138963590
390384461
976620545
748132412
79572780
429901854
182787461
816248303
618954794
651774574
308514813
307750972
497674352
191624875
9119144
392867432
872478090
193409660
333445295
199844739
100451479
697486824
68291389
16036689
415571943
604787164
339459788
772334796
155591849
720058455
616290290
48632240
934359486
513301603
40010212
986562325
302688165
926763025
585774595
822417091
865909005
423501127
801402749
834812139
714078550
434052848
138063051
16407493
407217471
566918478
955193345
904472752
974769403
66493551
904075986
204374346
108957542
417878315
475953289
906821417
9932408
230184370
679157682
777781613
237230868
151881712
509423173
343726192
925956668
490792663
855822478
771975763
27335846
457976239
716577598
243254959
821342329
230715154
966519241
484509859
524891320
286580353
982224633
195884444
58002502
247431491
853115514
267877849
645107984
386836640
265032741
877359554
817485347
111223898
14062444
557376176
452224762
173792464
835540711
748541459
479529906
781911116
410467484
174792659
423454798
756306385
938261874
634262941
268024988
693268330
622823024
994748157
383225110
991362437
175757299
710865813
135496757
357844958
573402384
314708079
675066041
389662319
689396661
831701600
339694968
889915528
102569793
450804957
655985635
77216820
905668264
229956807
812981222
877606612
11269943
458861414
210084157
609776385
937235126
264634783
726598143
940122112
532988223
763835027
501046064
923945473
953138623
323625949
908902260
267192189
714075319
63262178
91994514
427263684
580201815
524806862
676948091
991311877
242721463
131286359
260627268
445942372
940851027
683909477
422410186
468470044
535061455
437603214
810250076
505487672
459445729
239007410
373906654
720165199
76368588
955225136
694698258
239259999
790306893
842340943
290945357
806010236
501933053
756182251
26060055
900830800
901308034
953863256
375606956
144473378
831213473
220671301
994432617
911972203
264788170
757473805
456359853
978649268
607819587
512042000
136298033
818936257
508867226
728262038
554102488
408476307
56901793
776856268
842898366
599939933
698815177
537588569
656461598
848008099
223791106
918206419
529999794
886565066
615570183
172421923
15914192
264137950
603445432
242077605
449574255
298697208
267809411
702752554
857100596
625294129
434917610
367554676
210032205
302687374
484627717
454830566
4069457
181988910
940265778
179174946
281904858
863295463
564004308
444977197
122911623
674440128
828934833
173886231
413984083
539546223
875116895
359455258
735075279
301076852
908221878
849123853
42697064
515670181
391136806
771708725
69102065
17973673
592245262
268291485
586213618
504468081
112530020
839973629
660092078
833578752
669803132
819818644
826469006
736596618
97548272
843623819
759019524
726167336
716112794
612437649
394560902
390297657
634707589
175142020
906114705
712075733
436963746
632313230
383550193
147463205
586733790
987244801
403539668
827939423
755183361
346415866
399108430
315329361
287929094
89616291
208027434
909341104
772573255
363467937
936766157
885982917
38099213
328593664
964469739
98842717
594224000
117784390
819783631
30295766
534884867
346557078
402078743
236106554
547971656
808527433
334362758
535010394
2280762
251015858
676375439
753359303
57937569
223724843
861601965
238056374
427931359
333314021
38422738
238827356
212218864
822646638
552049864
776321829
694558458
773404274
43128837
615254123
978330538
482763641
791493951
357962117
655226421
777922592
399800178
251591811
819309674
685409002
599092945
214156822
855210881
948339823
215533921
177855557
118955601
104778165
669326000
161435792
443866060
313390270
562741579
584963413
378285196
830026129
259699865
111244329
777771911
951678937
492245080
905233764
890900670
435669042
605641948
543710862
747736028
639458303
619879519
651835160
8954568
232666862
971870558
169148152
634773655
278479980
892683125
588272719
178382533
788070814
856509940
412017537
381734482
319991003
446859055
170407260
325563499
28173759
878963214
680283743
619627119
935847811
98094741
911835901
609814120
921442141
492168118
803148381
415097765
42417185
346740040
669589923
705496693
564727672
955461877
961934068
596517246
968298848
140701190
238997424
275460887
133883612
886127397
881572632
147621656
505309900
210833035
914671208
696882142
264068054
344182813
993844559
596346475
614553789
849518736
400655663
172072604
901102440
461833982
442362600
988959254
877567061
106456014
64309483
22874742
542998245
494103532
575901658
160522338
914921404
896598581
941332222
423730934
881861094
318542054
717978368
698059198
854000768
3080143
151607746
365347682
86493455
488697101
181835782
775392975
438271380
742238651
908383498
917090465
117483097
832398609
745312988
28520981
508032464
88729458
315076825
373007990
6124083
160704799
428980104
885603291
525932281
205224121
901812215
779080055
724386823
977316885
114091105
88967961
960509059
516285214
727390515
135264466
852033429
198226395
14411931
336727925
801126460
782586935
417962175
674424012
177963927
921341375
811263713
820252858
415037897
618979160
88497098
27559309
146157617
260402721
323019420
138984471
230424937
502293686
565340762
802354583
982321725
741134524
157806303
971100779
583820133
618494596
322635580
612930856
903596136
284928133
526430077
742444584
995112079
906798705
838875899
36760418
156011425
689308625
340739839
500474156
256953891
495304962
85178210
408885252
663099432
918925422
363728081
803613022
468732147
432537741
179577369
668392774
203176636
827378815
171368047
242576827
34222842
167243240
991753181
965580106
622738329
736863522
604308052
243408436
586803835
661476495
349090789
726972426
429893648
332554468
997815977
661529422
193455946
621259629
863425160
256839986
585080206
518949805
442729137
450282843
915076819
340961484
76671345
623443886
883462089
416647384
693729797
622115362
767434998
922744559
768078237
805992164
213073373
401725611
751159766
656574903
797496878
544541560
841237903
954512903
982385911
153643111
887126859
748444647
323669968
867155735
659010992
766388725
866948036
372867571
529107370
351986159
59085562
915583340
639138285
405160624
23198049
729989264
219123336
739883320
767608917
621582890
826242285
88490891
53824437
751090651
456618443
397978517
683081326
568347065
618406159
729714199
264634700
683166783
718648628
149154247
727581505
920849310
70760254
984640642
637458170
552626432
88209293
471678991
279721487
409035858
876224654
798094435
74681258
452952142
968552741
302387148
292151011
575949719
536232125
339984816
197692067
619182480
841181980
199897612
142564760
109359285
17894980
30501402
637644586
418719905
681631973
688424153
228929374
916494406
779793711
15571868
442308034
17009599
457095524
66886440
749381689
152046845
308725518
176868470
447672546
928137049
40172080
27660639
896806828
506412342
591801357
790283127
85440156
150053256
374036135
596555903
609937507
293422498
270515146
114018083
111825284
791768518
848517209
971090865
773996324
119913216
667474647
857318898
490462205
66819824
67610481
397350584
732794193
615283005
623375948
568922149
965903084
771525748
690649372
439990497
679182729
858253867
603530312
325486017
884256710
822791203
28340889
226564063
429840499
927197932
926427681
711000387
622244431
93564977
497424689
546617868
296258256
171047062
369476424
12065579
125408434
833524267
447264079
60311252
62720645
180472214
880833336
865906521
489013853
288962953
396017658
552779979
803555985
367091512
343294408
486250930
16537091
990652956
584459396
126999292
193116680
695574685
905466042
458320823
458068869
132454505
903822259
318526224
727871117
652219414
319548372
576947718
351926091
192212993
581239532
57167557
598280468
766539953
203910890
878680069
980587012
855331600
850584453
107309871
433696237
69811845
380199436
653859056
172219779
687446064
442260324
245081305
714173000
252580958
861734637
602334560
154994309
293550126
800691904
647092725
9235770
213663346
659020852
245162178
512227686
784017113
268628665
808907328
916120630
304227585
6848378
908479849
39034526
337265993
943076284
520343376
381004862
576480133
303059893
235868913
875652602
360633505
479143708
546815879
274457692
217696573
516971469
720087407
520678454
509134128
808742211
658268307
715508332
28335600
969675593
377871692
360416677
767777680
734078445
571046096
938178371
950633579
573777579
948107311
22372520
854009445
623171312
285572830
286877678
628183610
281364467
577387662
248489101
80039306
641954771
28715582
215244688
835230344
21731666
166342861
380652710
102488788
698193159
116475821
55434397
697148733
176110584
408972841
646226318
352847984
155493324
517218302
749573324
327739359
417826847
522862764
885133504
501858321
495999202
385935634
426491831
309900410
398133299
107802969
671270260
583288482
574345690
736222014
981018935
200519222
758978645
268096959
412720685
457806894
289647094
783485426
391307775
795744377
62506454
652667476
76701471
291014585
778411126
567149429
504770164
918648818
684553018
710093480
365414827
761187490
768960353
728908252
294646724
570194022
688640404
474678385
510113461
338127006
160800621
49180427
82222454
302174887
277965532
422373980
584549397
495857163
838643388
496270840
385099717
77816899
765620503
560852574
393648643
644976803
949352066
848459715
742334135
483656990
272249073
289953289
339477106
235384697
817042875
317648461
241500292
967028936
37438971
868647582
684228071
156245714
834063147
347378859
732786503
318824802
693332034
241361223
468222198
15656765
684422994
145273201
180444709
169123898
26943158
871965516
168614907
522716535
265857714
402828232
37730184
954887174
137535905
414097138
809214577
7599071
132998595
676008740
934049354
984722938
790484381
293856312
471868958
20930825
115052333
347653802
175915083
417588073
945288411
828078294
984703614
171380277
448708954
885228927
39694237
617783430
417820717
290925351
509566907
287622659
21701949
344376709
546131581
820334926
283620626
493456092
91253372
79522850
66939576
105309831
298395948
50623183
3065607
94912170
630919825
446643032
97611884
547343566
219093557
135866251
403682762
59879735
772819353
799125730
806319117
880485345
923237714
973313071
991599383
343403680
223107864
601345203
942152542
407605620
567724377
476925455
905110596
22292597
678581911
776832358
753803607
622651588
839044186
199010983
72592421
309795057
894138700
971394953
414258680
942741048
545228967
662878239
591587891
830917982
393404428
16669137
231932653
429790402
451476877
250276316
736755150
224920598
500977860
10411854
264516130
653817089
340964544
212947200
528618120
940161535
427389662
406030521
326815746
967676841
51468893
297843491
149091411
844987353
858327662
834848921
893595495
511122064
376953634
727238567
270323718
798119415
799454593
132543769
955807499
407922351
941976487
701895277
21878943
931344421
359252415
114676900
295218275
290282154
645242930
27122189
631411653
165510592
932882800
964753498
444636581
178948940
968906287
425513359
126994604
158620342
597031804
227100766
194565517
830291918
87178761
905433538
873565832
161405036
147574269
233348199
171487575
881143411
427730495
997465350
939167109
451137686
366521047
919439226
3271419
606285149
954694064
193404805
297978585
538985124
111906964
507146505
513251112
574136304
785568487
93107422
99910934
933123592
63475242
807094195
942420774
409050494
474502965
836798911
124523174
186597637
581970125
98102624
384322202
113568692
830601097
883310979
357951589
225097821
803581282
820546615
975772720
344607615
476939749
403139181
771075154
513057260
215890482
920066130
493531031
746974500
148686742
828933438
314924863
278281290
20488429
759346179
796168232
346764671
243123863
940080123
407915429
959502058
203685944
93785182
882405117
47108746
123077032
424447836
401395934
876996168
278675335
498240353
107700283
714312236
336172562
302557852
429587633
76471623
984202807
884310151
567862695
501113236
369600842
284920728
901867069
142739081
989995207
60385239
517979821
556173014
937772231
277603397
572342016
890658447
197865094
906141516
748438970
488222025
324984504
747820329
126103701
979244952
364148064
79543695
40184592
112401202
48591972
316689343
682832104
949964451
812639
670541109
304622998
213360457
631713428
529725513
608964461
508807349
437933637
993693514
694133632
27369316
180615431
38433962
568531748
854079466
369296666
105343160
522931019
430126302
545081447
5997439
295711879
112113822
403225847
243013140
59630953
39205496
175662893
166909234
583440095
538168426
603668883
750847700
709176136
99414512
770790545
617305249
159852768
937542826
303531417
808165128
750613099
785575618
963430902
123058675
13412236
470175508
402607347
26677656
751420240
930187819
337799814
350358345
620831334
258966879
57802876
630426552
877234603
22984990
545884446
597736641
294384625
49935764
873792430
147725668
747705823
429672015
286018840
667678703
937258171
443455443
236873117
179769334
575741368
62276145
480424447
169111045
12877069
618107172
150266452
580384934
285269448
189377620
31276911
379227458
220910018
510055501
831033595
180123597
714325957
929147708
397210848
291898554
579376033
542223946
808646164
148565636
555308147
688281517
946753419
683962090
182868642
45806261
954534095
559685301
345210356
471541740
785004781
979914678
770029140
816926606
552789047
611901414
680648778
676664137
824885303
512374020
595842206
464772243
373518300
179333730
435120633
820898439
201282193
495382341
758594539
91902329
946210115
760046611
856941095
96458371
719492884
437839256
447550149
594534901
278669419
382018811
220078890
517202288
391846244
660448307
747884037
284091883
580221442
952936310
305142916
678804682
781200595
475163185
882869057
768741594
3892625
880549604
503575382
715583667
528184888
11687348
36572895
17302619
88317017
20806044
367363245
321068477
333674060
274249084
97835608
305951160
356866124
270428100
764920103
603306349
207101100
920553497
168996623
421968390
462638040
105846275
943052274
990436849
451489879
773373241
948164434
24117721
624129695
839039837
335194838
359593430
889509742
855533171
984000132
654349939
123984606
458707589
976295347
581635020
450965662
464842421
938777113
11721506
425643349
321074111
976689363
827133745
404371818
848893
876696541
412295515
764561699
987359439
9550591
261334026
622245941
610241136
837072636
125590544
342498744
169436650
258068414
8425723
641785908
216379232
466369947
311034678
207137709
495814823
197865089
638119767
394178079
172925316
169203852
643871889
709463684
399810029
660453940
87711444
231776729
738787355
728057393
141111505
622755906
485010615
872960500
594494180
455278823
795316732
913634212
874399181
465304152
544099345
235957258
186904350
110835660
463373002
312711122
219530208
510496097
500632503
574616996
402035403
716769313
408210631
907072989
695765357
430354252
371273759
156449052
760588967
934548562
188398000
875608154
120551963
563406462
778779418
129663061
916876180
32797425
925290642
656376021
174300680
639588255
570649850
288519197
228442078
912835961
536843766
291262216
344088131
125840428
737699520
591669517
755490790
444129145
635193501
720540741
872392536
710242833
504548683
198824245
776515193
236113652
321916930
955459479
794867682
189289031
714560853
619075824
766503982
58477332
164293214
215411607
228817230
674779319
490205947
71988081
585450131
693345115
747576374
212951364
535467061
255185473
243995740
132477682
379784045
440826419
456064861
123298731
15756487
761711733
200588483
836787863
297534647
14857114
208210097
178062254
883133710
298140460
396330518
922999021
209072577
712594461
972840173
434637012
167203238
923841028
739350703
41712304
790610589
635540268
621398488
408804064
580012603
659464119
353008697
939453521
571554871
459867365
618109771
826783644
709220363
355209591
445514531
757895056
255503107
625040356
926703653
889632014
978053494
119202512
415136920
385908842
37951433
835884868
907090924
808729413
946761839
959678138
490782924
590932164
226933195
811065857
67019000
287649130
467739762
784950437
847886978
821800186
133644695
102466930
124461072
642775837
744157297
853358928
517335064
85832283
194979052
153813606
138598679
832826081
164827666
634857424
490683695
793827874
971683790
987948174
514795152
894145095
334880945
350582714
212675240
28150112
962087056
943154539
300510535
970096156
602218472
799395076
486603520
429080437
522272160
359382451
656390840
172287265
468134296
704672739
603555359
135430503
235352250
938295082
93979491
372615875
262348486
3913409
627081467
558282900
109269437
26341235
693943414
402027889
225512326
295880834
396676238
547775060
352259708
448537076
210707287
934562580
18952363
72968358
225442349
924458659
779488696
548522932
108575845
756278603
847175106
537052705
776608995
853788124
569022506
745915825
509832271
795388871
954785927
218403672
764884331
152489768
953051316
743966034
514486090
133529684
989563600
195437789
592353808
722986187
598360589
645398535
770744361
702216468
619244724
933520502
661934008
838311727
812468653
454356275
221017833
699566962
271155435
367007401
512265286
383567826
997265776
425183604
756150709
274858106
777484618
644222591
826750214
843390224
909652818
127562351
730336867
481332416
977202466
739926303
558597022
603303654
564288504
640027630
918010842
807561575
14276644
811666314
738301668
458522190
351687464
789205836
613399219
996992918
429563370
955028297
809381448
569454584
16986219
347359269
441020822
416031994
553893008
493840107
662500945
740740368
279880018
626667857
177805024
581458493
855623826
34118836
482974994
984660000
651763985
322660256
118134273
54126535
702059379
414653836
503678633
901937829
862362742
802846550
797191043
64959549
324339947
225534455
245686755
573174916
586737427
592521944
168991726
262784750
234348095
1217844
453674842
919382384
495349189
464163838
504097739
463215899
379617213
227132975
891074795
223232335
916412682
816610818
368983618
665857303
10794323
113855999
667501723
263021882
241849476
79495434
765104006
533681641
801612187
444643501
570884691
600395555
173738685
83982554
238803812
504408922
698665471
780672877
571583505
40854200
404211640
735040010
504402783
522212282
538979373
433084634
239496423
291498298
721314035
772774781
685899404
176026773
734168536
162049015
355291803
480775050
101682266
34747566
970948890
850189445
738568594
623977511
427081990
3046386
8999884
890521454
519022349
818261526
550221569
783147329
173513187
977901479
105933998
735679215
403360073
704742884
741150896
476345254
17604095
170542833
582702101
500219228
400532415
500837954
876476770
61428323
412659380
819223282
868827214
932530938
308126241
968305031
853256297
444823530
952147809
373842597
218649272
90863839
79891244
212513618
387831526
358520552
601393328
399766644
216849102
383361481
500364886
36334432
863804639
331279801
208057474
260428342
53514352
366451154
321183590
132540957
830823494
629238575
290863083
593219045
207846485
83125190
662129999
571349672
411220919
503583214
118095265
126213636
210094328
17414453
114143926
576018063
871503661
418479794
283231313
513064109
857445980
345365114
21081424
540105391
940679446
32901223
191183164
981543172
818768926
573161116
744095550
748974617
60255647
288162532
419408845
665229728
569183730
537940796
443477558
514914945
99460957
517046303
983254304
660806595
657322894
759195244
1385482
259145873
533877931
568406017
361678751
949663653
678909732
822458546
331794273
734273636
634319938
623905370
753058084
595089748
895427975
16401911
219570596
221739858
187759672
559782078
218724916
492071709
825566182
331354853
132685517
694557812
109775907
464921723
811290046
53899899
573940735
159803860
473016226
174252103
993762875
849446666
324008818
440857681
96822975
656376438
751387900
595363339
768278423
645124218
823110195
946399082
730606844
960530081
816179405
19772432
799681757
147967718
745795345
255599949
224611819
571390012
819782612
149310066
912652072
234333564
614870994
782198343
292252353
661732330
788840168
982964800
790110350
991870526
935057303
184574766
801395692
824250038
858058708
43158131
932093574
627382108
737039820
359520138
328405948
877827698
29919786
663015532
587588133
62213883
895034324
461508525
469028240
934140379
308060641
939202939
493324526
162538042
507857793
240533141
618893206
805167979
776592342
464712554
552957703
373061815
319355839
642584874
856245982
446711849
270230147
650811550
890906956
349616740
130487568
871815685
80366817
455029821
915665879
670947916
713708497
791410685
904304423
87412667
926131085
410522326
732554139
709043556
259493510
577496517
739882416
883240056
91905117
816146200
994009574
818592099
224088649
991653180
300292938
246877224
893006674
554013288
671022188
930123398
911757349
767211934
443543565
454546143
72880387
181615596
637658957
688676015
59272887
227412465
202556204
598114225
173037434
391379989
247459118
466565254
235049863
661548870
103664824
543062678
916608926
735069154
305306235
980862977
350227395
558645375
834050523
729540056
455103490
587454055
597183459
11904654
751508484
680562511
915809372
727802659
790794719
168256969
35934635
710209354
611753721
632025185
279917838
708932642
218803748
738301092
715572203
459691511
473335657
817406165
10136952
490028531
668836605
280675920
419707330
351138203
47997201
697984756
451876413
512531901
603752149
34217195
245994856
884327522
26556452
14226199
157308876
222650292
150502393
144396054
916172359
48603545
926684170
885862040
457843867
288059381
550942530
144367586
824469160
499650470
962446963
113765284
89164214
119301287
985975829
872029184
669173524
500998165
714163902
326961470
711144669
36568192
738383353
399679269
361722275
365225818
83148275
784064109
122779847
989770269
52473683
774857492
51823373
491217174
646168624
845502274
941447586
91352322
681729323
451432057
121799160
334439593
491762419
857068821
48509569
69240018
888496899
962890528
585855090
969300741
405073831
41378503
780059121
451283913
283113213
318924231
119300755
774139680
9776521
388637892
436649740
572544150
306379609
740789985
524022052
51563557
935061315
305409693
51856611
642561949
32772593
433803663
24237373
417344335
396247905
904283716
267060860
54610368
515240034
26868248
625164384
326998386
992364142
522170924
131875337
800028500
749930704
803877691
345145712
308310767
648895795
267205555
565135150
844010729
396434398
740523747
834905388
429016414
444208821
5234612
273641594
882797808
129852456
921213025
285400224
184505117
74375510
387210267
198346036
435418294
631053021
714202301
148875769
523481859
94956160
330758017
332904478
178292939
243989094
756568387
286928312
345537058
548449379
844901786
234696582
317553024
791757277
594434901
13504757
555360311
784495773
329639393
858623969
287663837
535456548
732521932
4600405
155252793
264389918
293705179
988327579
637731114
482469075
797443129
505958484
634139982
946669347
678440232
206279542
875505667
714168431
623308914
676435192
835720649
967361067
878516539
214495708
636463957
956866481
562646561
753798591
683093986
994212320
463352813
833015957
11650414
586980452
734783718
717435789
532853139
243647312
902678484
975683454
870154495
213027017
507690361
776763168
682698714
763467439
788714493
85492232
461092106
687432356
310244411
991599971
640231947
436998601
285536468
452911796
354944688
20006317
978654277
677185487
950220760
810315099
992690360
432674614
613478202
852575272
306744746
957171960
377474887
648097219
904033577
859210018
232912502
265786924
296236600
55757516
831212130
536211897
166155702
847680498
493967585
960948108
577644193
155734922
672733619
338920252
437122965
644406298
401155163
80293931
392886877
375504528
266751682
563866874
712066472
42883515
714508601
655353251
748539105
73149331
814418771
737077927
582169805
349227429
916399492
865896938
22786453
464925038
946393298
481466074
470389853
409364038
349498963
747909196
349748817
903776723
904202436
285763627
341347381
13105367
735482823
51981484
235616194
433132680
155987966
248530406
774379912
851845735
58349625
887070750
648132472
771024769
618566698
513186788
700848356
782721255
412289667
344539641
774429524
985124313
202212873
977482510
187734529
346725409
406952917
256383272
956824178
184053439
529787652
680499830
1944564
968457774
737710754
697947832
103800693
110763422
908413606
403667574
446978981
395008021
807715044
796615413
899315275
130917045
84420001
939419787
194432156
79989708
206858696
511878400
331187977
916765276
641974713
237838062
623142983
216712762
613215476
821258221
247258408
389812678
443443773
78617788
760541378
40380600
828760053
30929376
679968369
922204716
963845719
822288594
410663636
411299632
99974484
277477886
158751007
366978543
611975508
391651231
728606930
901993960
592003807
28256661
677677478
422159863
959691121
41341112
482296884
883275169
185309840
507867999
347795745
506698513
737271332
59050042
615117871
261069909
35884686
405627503
29351743
797643806
355845969
228203168
39343171
799384426
912926532
414727944
601725580
511480418
116407171
318057176
270457850
874500543
489420203
573742208
723911930
797740743
20408711
411834584
234269056
401300325
120759111
3377983
257601733
852533849
473678968
156955948
860805276
170020187
444052197
655472798
168672111
907616671
931186995
731094508
246276830
774352109
7977979
501864321
846006414
699671671
637381382
643149961
219162246
464296201
401007292
644823898
253933125
399761162
775014233
69004966
391063482
471530361
693046633
643108578
691587169
117798576
379086744
120011590
735816513
806942461
580335584
818643712
225123827
910882449
884999549
6064168
385905886
966512117
904568621
549269272
131260011
675779723
818575018
43046637
976711877
236294648
882936533
933717040
458183630
239206009
811346989
403363146
321545348
689027840
655104067
829655232
423314910
230844423
807863691
159050078
565311524
234585648
562277785
323195357
405290761
88766287
258479027
833839834
107274011
444797995
488094175
400215645
484915210
613752901
690959105
244683557
727748160
121858668
484840859
33772719
12727311
345840391
719627603
666813739
347461706
531390709
335711153
568234963
9240566
913835491
452698684
545199470
99557745
345747694
649532099
199885816
157805334
510746656
815274786
41582072
647864212
338207251
687229790
606124911
565113373
600764857
994678454
223099247
551506540
124823461
296509216
718522905
341714662
522674203
153631709
631222502
868802636
80394224
54749735
61092730
351757620
626733791
418982710
906696025
271488627
737759079
255099592
514274854
594839643
188188706
682313634
875420839
349903310
813190262
62514204
734117662
706313414
679864753
567426277
17216590
894098542
495869541
90404197
559019125
850167308
508669146
217008762
668718541
90015736
25541741
883469131
364472169
89851734
503278825
366893690
750351565
712822318
823157672
336453874
120087044
543218228
339191918
615453220
738698678
539983610
403654901
445711396
975077357
336595883
644756915
502277381
889415146
515726580
509084991
366770504
413323284
4164819
336651814
38251761
676336132
432279952
908301580
784470674
458296330
927950443
445892293
84144121
598277979
46041878
700983892
757432884
398192694
998176330
976328207
592246003
501155885
330835517
111867868
421287305
341819198
391141489
473174077
623303399
473327069
961256851
660656880
571006271
673762988
890400921
307269733
725509138
55847500
40217146
461665351
842299931
571022994
868187409
589544340
555004566
479672695
465019069
256143433
166397890
308802593
658676357
176375590
984741274
561663622
804809071
822244887
181004226
855548954
863612422
592524882
940615701
18774807
54413268
47312265
31185264
612499109
242827647
493108944
602571853
317261594
235532970
716683250
536386039
578837043
152400254
665287451
665111536
769680877
116060872
989174996
596774548
377997922
305610842
142088074
305769565
127142556
700399325
431053031
876117933
577815483
285673096
455158638
485419306
891162876
889114645
646936432
488674874
121725943
201059597
172916639
828373299
511149392
453344327
466922953
99034395
347348408
823205334
692841966
68624764
588401601
893742449
362306012
85593016
985482729
331180589
422994924
733411654
818770278
52769259
60684523
258126420
812272747
39605875
258665526
758389225
317893233
856149629
239716205
669872090
410303411
157372989
723037936
209904159
956413555
759710265
791576044
481551853
207675206
480872792
624647279
242814513
2666405
628970313
991384585
520229495
163880062
558206203
85842022
566793990
939107167
700619883
262684577
921857290
185478556
861418694
466436774
820850005
465657601
441113682
296503920
163149603
361216714
992004379
121377575
107817704
311870698
604868636
336450584
348802309
217100430
17616094
549163438
826150748
250884045
909853009
854878832
987974499
509865489
728386017
749253573
254294877
737321639
809289053
416081104
962977043
255013188
207173519
571356080
707598370
127171840
206282815
178233518
101647701
678357415
334239164
261424655
959044818
162654530
251522679
976902220
31331835
358007743
237622539
665992471
688593093
74298444
982234782
544484660
985304791
622905829
712473561
732017151
170709194
653414651
835107918
217957401
816892970
413833921
747309620
276830694
646714920
138520085
734587547
159941707
321086872
276626932
904656926
783846763
4792086
579055539
794490663
895509540
450498129
111752689
967969896
419774569
152135221
799685704
820241071
602887860
984804087
942463994
57203503
204777135
267740801
419116258
906892347
306070970
281146558
200675554
979627267
543563869
497812168
653403860
717819410
113222171
502842546
788626709
47001117
899722512
375434906
22825864
945538072
873346462
267255531
937584954
695624270
64091971
53917811
575043568
901137267
754768664
777378661
866337354
420089203
625035012
440168299
643922187
334182460
913875374
451101796
77595970
323063988
604797832
839976985
395996996
240195040
323567950
449534969
655805107
861929681
878335415
892429319
115440782
122679692
602826758
744404108
752686185
613205033
10528681
966905335
404579095
380185491
189276501
23058473
295570058
464143586
940834046
945562730
368899746
944327152
689844442
968369410
984037414
358567032
308287584
903083196
390832935
187425288
447527929
444021236
918610599
386565429
318064202
673362608
269806311
712425111
846800597
27964916
653662656
934438749
74642295
407511757
517682898
237426637
621431626
444672516
942209643
965148381
130581635
57543386
870299680
716321395
329171304
654957379
182048514
403300
758264348
633328652
414087708
87538874
749964882
738883019
779326379
655641497
43327171
164549342
488428609
868899522
352199444
260849768
225441238
75869539
613681251
556096251
289132615
284393411
305403093
984449409
903711128
76889478
671436014
357396333
635592627
135918554
300238675
435853295
70346638
58689141
574594581
641111658
269670579
493359132
648443762
298650715
129984763
741243622
541392245
986560750
600472108
153150609
908541503
21505646
573035968
397223972
384837654
586208853
476195679
832493267
864994739
289911521
764035094
98758375
975852509
57849895
969561579
297848449
122244305
283796454
32630273
110734641
230972413
224211254
708486520
579523697
929702146
487081981
652973066
176625067
695016722
254454083
886695646
412348838
261699266
177299861
367925158
24750300
302958191
188608388
113970420
368546255
927007788
87884284
962594185
842875086
441486306
932204674
121404988
737944832
467026590
942986398
738272140
704364137
303365167
702592815
550262727
944665320
81531540
868872461
414655326
472939156
281200259
493152598
800087477
982199820
794334582
733053927
526547390
446952891
357213408
877410819
50030829
747457363
238283659
959720104
366878249
362063934
996657229
457164312
348288724
337058604
150493514
735797757
98719167
975107026
319310559
738070078
581957573
346716006
355295903
57958034
410979040
131379315
276596762
58071794
338801635
607398070
213469599
884146968
260758578
105119189
172070461
790268382
99600022
441130380
364554932
666401164
921379875
256748701
709795039
850119979
773241222
467002151
699466278
623442092
174465631
261513924
593353918
666446404
991085438
205585718
231558345
579743045
304027367
359763907
853186545
524875215
342927206
687035896
74910144
742076344
943320995
35978791
916444684
653019941
585935278
78105068
829797080
24907488
188344683
860616359
279018232
92540477
705494420
151524003
567787849
704616173
372662515
55474827
774754295
651323614
522650312
430859439
441424406
995906322
764862710
107537637
587436560
268570769
59382357
541913310
474307670
947649893
982674650
635975155
569653249
837698809
390269051
984597112
373780995
302355996
761381956
916892496
290559362
340177180
186013069
262868808
686777443
670368648
70397282
585467023
782315831
425784929
953547540
23615795
943270060
158812626
993857853
219410864
851277381
290244198
882529574
998016152
79313010
307920151
293166723
57182081
613454785
295694695
889931152
853167009
277710430
2145198
864181680
407777634
299278078
55511380
58914289
813595627
92447027
564836424
430811752
98777416
39939304
564906749
356504171
286723167
746903798
582291653
554597216
101968753
304554673
179480957
112285587
836038429
717482461
808475021
977434678
510452003
606012818
994489235
427509833
915222355
14211049
305272671
241396668
774795609
503930843
842415682
247567912
367031005
997739332
671435293
904726722
875888100
135861088
278282631
55909749
354852929
85204755
155441423
106623549
299387454
525895482
951067386
425235764
138266411
798199157
762165764
278858668
49411393
476882328
200334508
530394085
232776540
452798453
523871458
295577474
383851830
923283632
925022698
995303247
551401400
349025672
657505994
532316797
150243989
974257562
938578647
721860850
954725786
244154760
690577791
338575641
165953423
526726464
371368971
692966377
163679834
712236122
820453269
704378914
638568055
