1
2
3
4
5
6
7
8
9
10
1
2
3
4
5
6
7
8
9
10
1
2
3
4
5
6
7
8
9
10
1
2
3
4
5
6
7
8
9
10
1
2
3
4
5
6
7
8
9
10
1
2
3
4
5
6
7
8
9
10
1
2
3
4
5
6
7
8
9
10
1
2
3
4
5
6
7
8
9
10
1
2
3
4
5
6
7
8
9
10
1
2
3
4
5
6
7
8
9
10
1
2
3
4
5
6
7
8
9
10
1
2
3
4
5
6
7
8
9
10
1
2
3
4
5
6
7
8
9
10
1
2
3
4
5
6
7
8
9
10
1
2
3
4
5
6
7
8
9
10
1
2
3
4
5
6
7
8
9
10
1
2
3
4
5
6
7
8
9
10
1
2
3
4
5
6
7
8
9
10
1
2
3
4
5
6
7
8
9
10
1
2
3
4
5
6
7
8
9
10
1
2
3
4
5
6
7
8
9
10
1
2
3
4
5
6
7
8
9
10
1
2
3
4
5
6
7
8
9
10
1
2
3
4
5
6
7
8
9
10
1
2
3
4
5
6
7
8
9
10
1
2
3
4
5
6
7
8
9
10
1
2
3
4
5
6
7
8
9
10
1
2
3
4
5
6
7
8
9
10
1
2
3
4
5
6
7
8
9
10
1
2
3
4
5
6
7
8
9
10
1
2
3
4
5
6
7
8
9
10
1
2
3
4
5
6
7
8
9
10
1
2
3
4
5
6
7
8
9
10
1
2
3
4
5
6
7
8
9
10
1
2
3
4
5
6
7
8
9
10
1
2
3
4
5
6
7
8
9
10
1
2
3
4
5
6
7
8
9
10
1
2
3
4
5
6
7
8
9
10
1
2
3
4
5
6
7
8
9
10
1
2
3
4
5
6
7
8
9
10
1
2
3
4
5
6
7
8
9
10
1
2
3
4
5
6
7
8
9
10
1
2
3
4
5
6
7
8
9
10
1
2
3
4
5
6
7
8
9
10
1
2
3
4
5
6
7
8
9
10
1
2
3
4
5
6
7
8
9
10
1
2
3
4
5
6
7
8
9
10
1
2
3
4
5
6
7
8
9
10
1
2
3
4
5
6
7
8
9
10
1
2
3
4
5
6
7
8
9
10
1
2
3
4
5
6
7
8
9
10
1
2
3
4
5
6
7
8
9
10
1
2
3
4
5
6
7
8
9
10
1
2
3
4
5
6
7
8
9
10
1
2
3
4
5
6
7
8
9
10
1
2
3
4
5
6
7
8
9
10
1
2
3
4
5
6
7
8
9
10
1
2
3
4
5
6
7
8
9
10
1
2
3
4
5
6
7
8
9
10
1
2
3
4
5
6
7
8
9
10
1
2
3
4
5
6
7
8
9
10
1
2
3
4
5
6
7
8
9
10
1
2
3
4
5
6
7
8
9
10
1
2
3
4
5
6
7
8
9
10
1
2
3
4
5
6
7
8
9
10
1
2
3
4
5
6
7
8
9
10
1
2
3
4
5
6
7
8
9
10
1
2
3
4
5
6
7
8
9
10
1
2
3
4
5
6
7
8
9
10
1
2
3
4
5
6
7
8
9
10
1
2
3
4
5
6
7
8
9
10
1
2
3
4
5
6
7
8
9
10
1
2
3
4
5
6
7
8
9
10
1
2
3
4
5
6
7
8
9
10
1
2
3
4
5
6
7
8
9
10
1
2
3
4
5
6
7
8
9
10
1
2
3
4
5
6
7
8
9
10
1
2
3
4
5
6
7
8
9
10
1
2
3
4
5
6
7
8
9
10
1
2
3
4
5
6
7
8
9
10
1
2
3
4
5
6
7
8
9
10
1
2
3
4
5
6
7
8
9
10
1
2
3
4
5
6
7
8
9
10
1
2
3
4
5
6
7
8
9
10
1
2
3
4
5
6
7
8
9
10
1
2
3
4
5
6
7
8
9
10
1
2
3
4
5
6
7
8
9
10
1
2
3
4
5
6
7
8
9
10
1
2
3
4
5
6
7
8
9
10
1
2
3
4
5
6
7
8
9
10
1
2
3
4
5
6
7
8
9
10
1
2
3
4
5
6
7
8
9
10
1
2
3
4
5
6
7
8
9
10
1
2
3
4
5
6
7
8
9
10
1
2
3
4
5
6
7
8
9
10
1
2
3
4
5
6
7
8
9
10
1
2
3
4
5
6
7
8
9
10
1
2
3
4
5
6
7
8
9
10
1
2
3
4
5
6
7
8
9
10
1
2
3
4
5
6
7
8
9
10
1
748683266
499122178
249561090
2
748683267
499122179
249561091
3
748683268
249561090
2
748683267
499122179
249561091
3
748683268
499122180
249561092
4
499122179
249561091
3
748683268
499122180
249561092
4
748683269
499122181
249561093
748683268
499122180
249561092
4
748683269
499122181
249561093
5
748683270
499122182
4
748683269
499122181
249561093
5
748683270
499122182
249561094
6
748683271
249561093
5
748683270
499122182
249561094
6
748683271
499122183
249561095
7
499122182
249561094
6
748683271
499122183
249561095
7
748683272
499122184
249561096
748683271
499122183
249561095
7
748683272
499122184
249561096
8
748683273
499122185
7
748683272
499122184
249561096
8
748683273
499122185
249561097
9
748683274
249561096
8
748683273
499122185
249561097
9
748683274
499122186
249561098
10
1
748683266
499122178
249561090
2
748683267
499122179
249561091
3
748683268
249561090
2
748683267
499122179
249561091
3
748683268
499122180
249561092
4
499122179
249561091
3
748683268
499122180
249561092
4
748683269
499122181
249561093
748683268
499122180
249561092
4
748683269
499122181
249561093
5
748683270
499122182
4
748683269
499122181
249561093
5
748683270
499122182
249561094
6
748683271
249561093
5
748683270
499122182
249561094
6
748683271
499122183
249561095
7
499122182
249561094
6
748683271
499122183
249561095
7
748683272
499122184
249561096
748683271
499122183
249561095
7
748683272
499122184
249561096
8
748683273
499122185
7
748683272
499122184
249561096
8
748683273
499122185
249561097
9
748683274
249561096
8
748683273
499122185
249561097
9
748683274
499122186
249561098
10
1
748683266
499122178
249561090
2
748683267
499122179
249561091
3
748683268
249561090
2
748683267
499122179
249561091
3
748683268
499122180
249561092
4
499122179
249561091
3
748683268
499122180
249561092
4
748683269
499122181
249561093
748683268
499122180
249561092
4
748683269
499122181
249561093
5
748683270
499122182
4
748683269
499122181
249561093
5
748683270
499122182
249561094
6
748683271
249561093
5
748683270
499122182
249561094
6
748683271
499122183
249561095
7
499122182
249561094
6
748683271
499122183
249561095
7
748683272
499122184
249561096
748683271
499122183
249561095
7
748683272
499122184
249561096
8
748683273
499122185
7
748683272
499122184
249561096
8
748683273
499122185
249561097
9
748683274
249561096
8
748683273
499122185
249561097
9
748683274
499122186
249561098
10
1
748683266
499122178
249561090
2
748683267
499122179
249561091
3
748683268
249561090
2
748683267
499122179
249561091
3
748683268
499122180
249561092
4
499122179
249561091
3
748683268
499122180
249561092
4
748683269
499122181
249561093
748683268
499122180
249561092
4
748683269
499122181
249561093
5
748683270
499122182
4
748683269
499122181
249561093
5
748683270
499122182
249561094
6
748683271
249561093
5
748683270
499122182
249561094
6
748683271
499122183
249561095
7
499122182
249561094
6
748683271
499122183
249561095
7
748683272
499122184
249561096
748683271
499122183
249561095
7
748683272
499122184
249561096
8
748683273
499122185
7
748683272
499122184
249561096
8
748683273
499122185
249561097
9
748683274
249561096
8
748683273
499122185
249561097
9
748683274
499122186
249561098
10
1
748683266
499122178
249561090
2
748683267
499122179
249561091
3
748683268
249561090
2
748683267
499122179
249561091
3
748683268
499122180
249561092
4
499122179
249561091
3
748683268
499122180
249561092
4
748683269
499122181
249561093
748683268
499122180
249561092
4
748683269
499122181
249561093
5
748683270
499122182
4
748683269
499122181
249561093
5
748683270
499122182
249561094
6
748683271
249561093
5
748683270
499122182
249561094
6
748683271
499122183
249561095
7
499122182
249561094
6
748683271
499122183
249561095
7
748683272
499122184
249561096
748683271
499122183
249561095
7
748683272
499122184
249561096
8
748683273
499122185
7
748683272
499122184
249561096
8
748683273
499122185
249561097
9
748683274
249561096
8
748683273
499122185
249561097
9
748683274
499122186
249561098
10
1
748683266
499122178
249561090
2
748683267
499122179
249561091
3
748683268
249561090
2
748683267
499122179
249561091
3
748683268
499122180
249561092
4
499122179
249561091
3
748683268
499122180
249561092
4
748683269
499122181
249561093
748683268
499122180
249561092
4
748683269
499122181
249561093
5
748683270
499122182
4
748683269
499122181
249561093
5
748683270
499122182
249561094
6
748683271
249561093
5
748683270
499122182
249561094
6
748683271
499122183
249561095
7
499122182
249561094
6
748683271
499122183
249561095
7
748683272
499122184
249561096
748683271
499122183
249561095
7
748683272
499122184
249561096
8
748683273
499122185
7
748683272
499122184
249561096
8
748683273
499122185
249561097
9
748683274
249561096
8
748683273
499122185
249561097
9
748683274
499122186
249561098
10
1
748683266
499122178
249561090
2
748683267
499122179
249561091
3
748683268
249561090
2
748683267
499122179
249561091
3
748683268
499122180
249561092
4
499122179
249561091
3
748683268
499122180
249561092
4
748683269
499122181
249561093
748683268
499122180
249561092
4
748683269
499122181
249561093
5
748683270
499122182
4
748683269
499122181
249561093
5
748683270
499122182
249561094
6
748683271
249561093
5
748683270
499122182
249561094
6
748683271
499122183
249561095
7
499122182
249561094
6
748683271
499122183
249561095
7
748683272
499122184
249561096
748683271
499122183
249561095
7
748683272
499122184
249561096
8
748683273
499122185
7
748683272
499122184
249561096
8
748683273
499122185
249561097
9
748683274
249561096
8
748683273
499122185
249561097
9
748683274
499122186
249561098
10
1
748683266
499122178
249561090
2
748683267
499122179
249561091
3
748683268
249561090
2
748683267
499122179
249561091
3
748683268
499122180
249561092
4
499122179
249561091
3
748683268
499122180
249561092
4
748683269
499122181
249561093
748683268
499122180
249561092
4
748683269
499122181
249561093
5
748683270
499122182
4
748683269
499122181
249561093
5
748683270
499122182
249561094
6
748683271
249561093
5
748683270
499122182
249561094
6
748683271
499122183
249561095
7
499122182
249561094
6
748683271
499122183
249561095
7
748683272
499122184
249561096
748683271
499122183
249561095
7
748683272
499122184
249561096
8
748683273
499122185
7
748683272
499122184
249561096
8
748683273
499122185
249561097
9
748683274
249561096
8
748683273
499122185
249561097
9
748683274
499122186
249561098
10
1
748683266
499122178
249561090
2
748683267
499122179
249561091
3
748683268
249561090
2
748683267
499122179
249561091
3
748683268
499122180
249561092
4
499122179
249561091
3
748683268
499122180
249561092
4
748683269
499122181
249561093
748683268
499122180
249561092
4
748683269
499122181
249561093
5
748683270
499122182
4
748683269
499122181
249561093
5
748683270
499122182
249561094
6
748683271
249561093
5
748683270
499122182
249561094
6
748683271
499122183
249561095
7
499122182
249561094
6
748683271
499122183
249561095
7
748683272
499122184
249561096
748683271
499122183
249561095
7
748683272
499122184
249561096
8
748683273
499122185
7
748683272
499122184
249561096
8
748683273
499122185
249561097
9
748683274
249561096
8
748683273
499122185
249561097
9
748683274
499122186
249561098
10
1
748683266
499122178
249561090
2
748683267
499122179
249561091
3
748683268
249561090
2
748683267
499122179
249561091
3
748683268
499122180
249561092
4
499122179
249561091
3
748683268
499122180
249561092
4
748683269
499122181
249561093
748683268
499122180
249561092
4
748683269
499122181
249561093
5
748683270
499122182
4
748683269
499122181
249561093
5
748683270
499122182
249561094
6
748683271
249561093
5
748683270
499122182
249561094
6
748683271
499122183
249561095
7
499122182
249561094
6
748683271
499122183
249561095
7
748683272
499122184
249561096
748683271
499122183
249561095
7
748683272
499122184
249561096
8
748683273
499122185
7
748683272
499122184
249561096
8
748683273
499122185
249561097
9
748683274
249561096
8
748683273
499122185
249561097
9
748683274
499122186
249561098
10
1
443664158
887328315
332748119
776412276
221832080
665496237
110916041
554580198
2
665496237
110916041
554580198
2
443664159
887328316
332748120
776412277
221832081
665496238
332748120
776412277
221832081
665496238
110916042
554580199
3
443664160
887328317
332748121
3
443664160
887328317
332748121
776412278
221832082
665496239
110916043
554580200
4
665496239
110916043
554580200
4
443664161
887328318
332748122
776412279
221832083
665496240
332748122
776412279
221832083
665496240
110916044
554580201
5
443664162
887328319
332748123
5
443664162
887328319
332748123
776412280
221832084
665496241
110916045
554580202
6
665496241
110916045
554580202
6
443664163
887328320
332748124
776412281
221832085
665496242
332748124
776412281
221832085
665496242
110916046
554580203
7
443664164
887328321
332748125
7
443664164
887328321
332748125
776412282
221832086
665496243
110916047
554580204
8
887328315
332748119
776412276
221832080
665496237
110916041
554580198
2
443664159
887328316
554580198
2
443664159
887328316
332748120
776412277
221832081
665496238
110916042
554580199
221832081
665496238
110916042
554580199
3
443664160
887328317
332748121
776412278
221832082
887328317
332748121
776412278
221832082
665496239
110916043
554580200
4
443664161
887328318
554580200
4
443664161
887328318
332748122
776412279
221832083
665496240
110916044
554580201
221832083
665496240
110916044
554580201
5
443664162
887328319
332748123
776412280
221832084
887328319
332748123
776412280
221832084
665496241
110916045
554580202
6
443664163
887328320
554580202
6
443664163
887328320
332748124
776412281
221832085
665496242
110916046
554580203
221832085
665496242
110916046
554580203
7
443664164
887328321
332748125
776412282
221832086
887328321
332748125
776412282
221832086
665496243
110916047
554580204
8
443664165
887328322
776412276
221832080
665496237
110916041
554580198
2
443664159
887328316
332748120
776412277
443664159
887328316
332748120
776412277
221832081
665496238
110916042
554580199
3
443664160
110916042
554580199
3
443664160
887328317
332748121
776412278
221832082
665496239
110916043
776412278
221832082
665496239
110916043
554580200
4
443664161
887328318
332748122
776412279
443664161
887328318
332748122
776412279
221832083
665496240
110916044
554580201
5
443664162
110916044
554580201
5
443664162
887328319
332748123
776412280
221832084
665496241
110916045
776412280
221832084
665496241
110916045
554580202
6
443664163
887328320
332748124
776412281
443664163
887328320
332748124
776412281
221832085
665496242
110916046
554580203
7
443664164
110916046
554580203
7
443664164
887328321
332748125
776412282
221832086
665496243
110916047
776412282
221832086
665496243
110916047
554580204
8
443664165
887328322
332748126
776412283
665496237
110916041
554580198
2
443664159
887328316
332748120
776412277
221832081
665496238
332748120
776412277
221832081
665496238
110916042
554580199
3
443664160
887328317
332748121
3
443664160
887328317
332748121
776412278
221832082
665496239
110916043
554580200
4
665496239
110916043
554580200
4
443664161
887328318
332748122
776412279
221832083
665496240
332748122
776412279
221832083
665496240
110916044
554580201
5
443664162
887328319
332748123
5
443664162
887328319
332748123
776412280
221832084
665496241
110916045
554580202
6
665496241
110916045
554580202
6
443664163
887328320
332748124
776412281
221832085
665496242
332748124
776412281
221832085
665496242
110916046
554580203
7
443664164
887328321
332748125
7
443664164
887328321
332748125
776412282
221832086
665496243
110916047
554580204
8
665496243
110916047
554580204
8
443664165
887328322
332748126
776412283
221832087
665496244
554580198
2
443664159
887328316
332748120
776412277
221832081
665496238
110916042
554580199
221832081
665496238
110916042
554580199
3
443664160
887328317
332748121
776412278
221832082
887328317
332748121
776412278
221832082
665496239
110916043
554580200
4
443664161
887328318
554580200
4
443664161
887328318
332748122
776412279
221832083
665496240
110916044
554580201
221832083
665496240
110916044
554580201
5
443664162
887328319
332748123
776412280
221832084
887328319
332748123
776412280
221832084
665496241
110916045
554580202
6
443664163
887328320
554580202
6
443664163
887328320
332748124
776412281
221832085
665496242
110916046
554580203
221832085
665496242
110916046
554580203
7
443664164
887328321
332748125
776412282
221832086
887328321
332748125
776412282
221832086
665496243
110916047
554580204
8
443664165
887328322
554580204
8
443664165
887328322
332748126
776412283
221832087
665496244
110916048
554580205
443664159
887328316
332748120
776412277
221832081
665496238
110916042
554580199
3
443664160
110916042
554580199
3
443664160
887328317
332748121
776412278
221832082
665496239
110916043
776412278
221832082
665496239
110916043
554580200
4
443664161
887328318
332748122
776412279
443664161
887328318
332748122
776412279
221832083
665496240
110916044
554580201
5
443664162
110916044
554580201
5
443664162
887328319
332748123
776412280
221832084
665496241
110916045
776412280
221832084
665496241
110916045
554580202
6
443664163
887328320
332748124
776412281
443664163
887328320
332748124
776412281
221832085
665496242
110916046
554580203
7
443664164
110916046
554580203
7
443664164
887328321
332748125
776412282
221832086
665496243
110916047
776412282
221832086
665496243
110916047
554580204
8
443664165
887328322
332748126
776412283
443664165
887328322
332748126
776412283
221832087
665496244
110916048
554580205
9
443664166
332748120
776412277
221832081
665496238
110916042
554580199
3
443664160
887328317
332748121
3
443664160
887328317
332748121
776412278
221832082
665496239
110916043
554580200
4
665496239
110916043
554580200
4
443664161
887328318
332748122
776412279
221832083
665496240
332748122
776412279
221832083
665496240
110916044
554580201
5
443664162
887328319
332748123
5
443664162
887328319
332748123
776412280
221832084
665496241
110916045
554580202
6
665496241
110916045
554580202
6
443664163
887328320
332748124
776412281
221832085
665496242
332748124
776412281
221832085
665496242
110916046
554580203
7
443664164
887328321
332748125
7
443664164
887328321
332748125
776412282
221832086
665496243
110916047
554580204
8
665496243
110916047
554580204
8
443664165
887328322
332748126
776412283
221832087
665496244
332748126
776412283
221832087
665496244
110916048
554580205
9
443664166
887328323
332748127
221832081
665496238
110916042
554580199
3
443664160
887328317
332748121
776412278
221832082
887328317
332748121
776412278
221832082
665496239
110916043
554580200
4
443664161
887328318
554580200
4
443664161
887328318
332748122
776412279
221832083
665496240
110916044
554580201
221832083
665496240
110916044
554580201
5
443664162
887328319
332748123
776412280
221832084
887328319
332748123
776412280
221832084
665496241
110916045
554580202
6
443664163
887328320
554580202
6
443664163
887328320
332748124
776412281
221832085
665496242
110916046
554580203
221832085
665496242
110916046
554580203
7
443664164
887328321
332748125
776412282
221832086
887328321
332748125
776412282
221832086
665496243
110916047
554580204
8
443664165
887328322
554580204
8
443664165
887328322
332748126
776412283
221832087
665496244
110916048
554580205
221832087
665496244
110916048
554580205
9
443664166
887328323
332748127
776412284
221832088
110916042
554580199
3
443664160
887328317
332748121
776412278
221832082
665496239
110916043
776412278
221832082
665496239
110916043
554580200
4
443664161
887328318
332748122
776412279
443664161
887328318
332748122
776412279
221832083
665496240
110916044
554580201
5
443664162
110916044
554580201
5
443664162
887328319
332748123
776412280
221832084
665496241
110916045
776412280
221832084
665496241
110916045
554580202
6
443664163
887328320
332748124
776412281
443664163
887328320
332748124
776412281
221832085
665496242
110916046
554580203
7
443664164
110916046
554580203
7
443664164
887328321
332748125
776412282
221832086
665496243
110916047
776412282
221832086
665496243
110916047
554580204
8
443664165
887328322
332748126
776412283
443664165
887328322
332748126
776412283
221832087
665496244
110916048
554580205
9
443664166
110916048
554580205
9
443664166
887328323
332748127
776412284
221832088
665496245
110916049
3
443664160
887328317
332748121
776412278
221832082
665496239
110916043
554580200
4
665496239
110916043
554580200
4
443664161
887328318
332748122
776412279
221832083
665496240
332748122
776412279
221832083
665496240
110916044
554580201
5
443664162
887328319
332748123
5
443664162
887328319
332748123
776412280
221832084
665496241
110916045
554580202
6
665496241
110916045
554580202
6
443664163
887328320
332748124
776412281
221832085
665496242
332748124
776412281
221832085
665496242
110916046
554580203
7
443664164
887328321
332748125
7
443664164
887328321
332748125
776412282
221832086
665496243
110916047
554580204
8
665496243
110916047
554580204
8
443664165
887328322
332748126
776412283
221832087
665496244
332748126
776412283
221832087
665496244
110916048
554580205
9
443664166
887328323
332748127
9
443664166
887328323
332748127
776412284
221832088
665496245
110916049
554580206
10
1
935854082
873463810
811073538
748683266
686292994
623902722
561512450
499122178
436731906
436731906
374341634
311951362
249561090
187170818
124780546
62390274
2
935854083
873463811
873463811
811073539
748683267
686292995
623902723
561512451
499122179
436731907
374341635
311951363
311951363
249561091
187170819
124780547
62390275
3
935854084
873463812
811073540
748683268
748683268
686292996
623902724
561512452
499122180
436731908
374341636
311951364
249561092
187170820
187170820
124780548
62390276
4
935854085
873463813
811073541
748683269
686292997
623902725
623902725
561512453
499122181
436731909
374341637
311951365
249561093
187170821
124780549
62390277
62390277
5
935854086
873463814
811073542
748683270
686292998
623902726
561512454
499122182
499122182
436731910
374341638
311951366
249561094
187170822
124780550
62390278
6
935854087
935854087
873463815
811073543
748683271
686292999
623902727
561512455
499122183
436731911
374341639
623902722
561512450
499122178
436731906
374341634
311951362
249561090
187170818
124780546
62390274
62390274
2
935854083
873463811
811073539
748683267
686292995
623902723
561512451
499122179
499122179
436731907
374341635
311951363
249561091
187170819
124780547
62390275
3
935854084
935854084
873463812
811073540
748683268
686292996
623902724
561512452
499122180
436731908
374341636
374341636
311951364
249561092
187170820
124780548
62390276
4
935854085
873463813
811073541
811073541
748683269
686292997
623902725
561512453
499122181
436731909
374341637
311951365
249561093
249561093
187170821
124780549
62390277
5
935854086
873463814
811073542
748683270
686292998
686292998
623902726
561512454
499122182
436731910
374341638
311951366
249561094
187170822
124780550
124780550
62390278
6
935854087
873463815
811073543
748683271
686292999
623902727
561512455
561512455
499122183
436731911
374341639
311951367
249561095
187170823
124780551
62390279
7
249561090
187170818
124780546
62390274
2
935854083
873463811
811073539
748683267
686292995
686292995
623902723
561512451
499122179
436731907
374341635
311951363
249561091
187170819
124780547
124780547
62390275
3
935854084
873463812
811073540
748683268
686292996
623902724
561512452
561512452
499122180
436731908
374341636
311951364
249561092
187170820
124780548
62390276
4
4
935854085
873463813
811073541
748683269
686292997
623902725
561512453
499122181
436731909
436731909
374341637
311951365
249561093
187170821
124780549
62390277
5
935854086
873463814
873463814
811073542
748683270
686292998
623902726
561512454
499122182
436731910
374341638
311951366
311951366
249561094
187170822
124780550
62390278
6
935854087
873463815
811073543
748683271
748683271
686292999
623902727
561512455
499122183
436731911
374341639
311951367
249561095
187170823
187170823
124780551
62390279
7
935854088
873463816
811073544
748683272
686293000
623902728
873463811
811073539
748683267
686292995
623902723
561512451
499122179
436731907
374341635
311951363
311951363
249561091
187170819
124780547
62390275
3
935854084
873463812
811073540
748683268
748683268
686292996
623902724
561512452
499122180
436731908
374341636
311951364
249561092
187170820
187170820
124780548
62390276
4
935854085
873463813
811073541
748683269
686292997
623902725
623902725
561512453
499122181
436731909
374341637
311951365
249561093
187170821
124780549
62390277
62390277
5
935854086
873463814
811073542
748683270
686292998
623902726
561512454
499122182
499122182
436731910
374341638
311951366
249561094
187170822
124780550
62390278
6
935854087
935854087
873463815
811073543
748683271
686292999
623902727
561512455
499122183
436731911
374341639
374341639
311951367
249561095
187170823
124780551
62390279
7
935854088
873463816
811073544
811073544
748683272
686293000
623902728
561512456
499122184
436731912
374341640
311951368
249561096
499122179
436731907
374341635
311951363
249561091
187170819
124780547
62390275
3
935854084
935854084
873463812
811073540
748683268
686292996
623902724
561512452
499122180
436731908
374341636
374341636
311951364
249561092
187170820
124780548
62390276
4
935854085
873463813
811073541
811073541
748683269
686292997
623902725
561512453
499122181
436731909
374341637
311951365
249561093
249561093
187170821
124780549
62390277
5
935854086
873463814
811073542
748683270
686292998
686292998
623902726
561512454
499122182
436731910
374341638
311951366
249561094
187170822
124780550
124780550
62390278
6
935854087
873463815
811073543
748683271
686292999
623902727
561512455
561512455
499122183
436731911
374341639
311951367
249561095
187170823
124780551
62390279
7
7
935854088
873463816
811073544
748683272
686293000
623902728
561512456
499122184
436731912
436731912
374341640
311951368
249561096
187170824
124780552
62390280
8
935854089
873463817
124780547
62390275
3
935854084
873463812
811073540
748683268
686292996
623902724
561512452
561512452
499122180
436731908
374341636
311951364
249561092
187170820
124780548
62390276
4
4
935854085
873463813
811073541
748683269
686292997
623902725
561512453
499122181
436731909
436731909
374341637
311951365
249561093
187170821
124780549
62390277
5
935854086
873463814
873463814
811073542
748683270
686292998
623902726
561512454
499122182
436731910
374341638
311951366
311951366
249561094
187170822
124780550
62390278
6
935854087
873463815
811073543
748683271
748683271
686292999
623902727
561512455
499122183
436731911
374341639
311951367
249561095
187170823
187170823
124780551
62390279
7
935854088
873463816
811073544
748683272
686293000
623902728
623902728
561512456
499122184
436731912
374341640
311951368
249561096
187170824
124780552
62390280
62390280
8
935854089
873463817
811073545
748683273
686293001
623902729
561512457
499122185
748683268
686292996
623902724
561512452
499122180
436731908
374341636
311951364
249561092
187170820
187170820
124780548
62390276
4
935854085
873463813
811073541
748683269
686292997
623902725
623902725
561512453
499122181
436731909
374341637
311951365
249561093
187170821
124780549
62390277
62390277
5
935854086
873463814
811073542
748683270
686292998
623902726
561512454
499122182
499122182
436731910
374341638
311951366
249561094
187170822
124780550
62390278
6
935854087
935854087
873463815
811073543
748683271
686292999
623902727
561512455
499122183
436731911
374341639
374341639
311951367
249561095
187170823
124780551
62390279
7
935854088
873463816
811073544
811073544
748683272
686293000
623902728
561512456
499122184
436731912
374341640
311951368
249561096
249561096
187170824
124780552
62390280
8
935854089
873463817
811073545
748683273
686293001
686293001
623902729
561512457
499122185
436731913
374341641
311951369
249561097
187170825
124780553
374341636
311951364
249561092
187170820
124780548
62390276
4
935854085
873463813
811073541
811073541
748683269
686292997
623902725
561512453
499122181
436731909
374341637
311951365
249561093
249561093
187170821
124780549
62390277
5
935854086
873463814
811073542
748683270
686292998
686292998
623902726
561512454
499122182
436731910
374341638
311951366
249561094
187170822
124780550
124780550
62390278
6
935854087
873463815
811073543
748683271
686292999
623902727
561512455
561512455
499122183
436731911
374341639
311951367
249561095
187170823
124780551
62390279
7
7
935854088
873463816
811073544
748683272
686293000
623902728
561512456
499122184
436731912
436731912
374341640
311951368
249561096
187170824
124780552
62390280
8
935854089
873463817
873463817
811073545
748683273
686293001
623902729
561512457
499122185
436731913
374341641
311951369
311951369
249561097
187170825
124780553
62390281
9
935854090
873463818
811073546
748683274
4
935854085
873463813
811073541
748683269
686292997
623902725
561512453
499122181
436731909
436731909
374341637
311951365
249561093
187170821
124780549
62390277
5
935854086
873463814
873463814
811073542
748683270
686292998
623902726
561512454
499122182
436731910
374341638
311951366
311951366
249561094
187170822
124780550
62390278
6
935854087
873463815
811073543
748683271
748683271
686292999
623902727
561512455
499122183
436731911
374341639
311951367
249561095
187170823
187170823
124780551
62390279
7
935854088
873463816
811073544
748683272
686293000
623902728
623902728
561512456
499122184
436731912
374341640
311951368
249561096
187170824
124780552
62390280
62390280
8
935854089
873463817
811073545
748683273
686293001
623902729
561512457
499122185
499122185
436731913
374341641
311951369
249561097
187170825
124780553
62390281
9
935854090
935854090
873463818
811073546
748683274
686293002
623902730
561512458
499122186
436731914
374341642
623902725
561512453
499122181
436731909
374341637
311951365
249561093
187170821
124780549
62390277
62390277
5
935854086
873463814
811073542
748683270
686292998
623902726
561512454
499122182
499122182
436731910
374341638
311951366
249561094
187170822
124780550
62390278
6
935854087
935854087
873463815
811073543
748683271
686292999
623902727
561512455
499122183
436731911
374341639
374341639
311951367
249561095
187170823
124780551
62390279
7
935854088
873463816
811073544
811073544
748683272
686293000
623902728
561512456
499122184
436731912
374341640
311951368
249561096
249561096
187170824
124780552
62390280
8
935854089
873463817
811073545
748683273
686293001
686293001
623902729
561512457
499122185
436731913
374341641
311951369
249561097
187170825
124780553
124780553
62390281
9
935854090
873463818
811073546
748683274
686293002
623902730
561512458
561512458
499122186
436731914
374341642
311951370
249561098
187170826
124780554
62390282
10
1
319438194
638876387
958314580
279508420
598946613
918384806
239578646
559016839
878455032
838525258
159719098
479157291
798595484
119789324
439227517
758665710
79859550
399297743
718735936
678806162
2
319438195
638876388
958314581
279508421
598946614
918384807
239578647
559016840
519087066
838525259
159719099
479157292
798595485
119789325
439227518
758665711
79859551
399297744
359367970
678806163
3
319438196
638876389
958314582
279508422
598946615
918384808
239578648
199648874
519087067
838525260
159719100
479157293
798595486
119789326
439227519
758665712
79859552
39929778
359367971
678806164
4
319438197
638876390
958314583
279508423
598946616
918384809
878455035
199648875
519087068
838525261
159719101
479157294
798595487
119789327
439227520
758665713
718735939
39929779
359367972
678806165
5
319438198
638876391
958314584
279508424
598946617
559016843
878455036
199648876
519087069
838525262
159719102
479157295
798595488
119789328
439227521
838525258
159719098
479157291
798595484
119789324
439227517
758665710
79859550
399297743
718735936
678806162
2
319438195
638876388
958314581
279508421
598946614
918384807
239578647
559016840
519087066
838525259
159719099
479157292
798595485
119789325
439227518
758665711
79859551
399297744
359367970
678806163
3
319438196
638876389
958314582
279508422
598946615
918384808
239578648
199648874
519087067
838525260
159719100
479157293
798595486
119789326
439227519
758665712
79859552
39929778
359367971
678806164
4
319438197
638876390
958314583
279508423
598946616
918384809
878455035
199648875
519087068
838525261
159719101
479157294
798595487
119789327
439227520
758665713
718735939
39929779
359367972
678806165
5
319438198
638876391
958314584
279508424
598946617
559016843
878455036
199648876
519087069
838525262
159719102
479157295
798595488
119789328
439227521
399297747
718735940
39929780
359367973
678806166
6
319438199
638876392
958314585
279508425
678806162
2
319438195
638876388
958314581
279508421
598946614
918384807
239578647
559016840
519087066
838525259
159719099
479157292
798595485
119789325
439227518
758665711
79859551
399297744
359367970
678806163
3
319438196
638876389
958314582
279508422
598946615
918384808
239578648
199648874
519087067
838525260
159719100
479157293
798595486
119789326
439227519
758665712
79859552
39929778
359367971
678806164
4
319438197
638876390
958314583
279508423
598946616
918384809
878455035
199648875
519087068
838525261
159719101
479157294
798595487
119789327
439227520
758665713
718735939
39929779
359367972
678806165
5
319438198
638876391
958314584
279508424
598946617
559016843
878455036
199648876
519087069
838525262
159719102
479157295
798595488
119789328
439227521
399297747
718735940
39929780
359367973
678806166
6
319438199
638876392
958314585
279508425
239578651
559016844
878455037
199648877
519087070
838525263
159719103
479157296
798595489
119789329
519087066
838525259
159719099
479157292
798595485
119789325
439227518
758665711
79859551
399297744
359367970
678806163
3
319438196
638876389
958314582
279508422
598946615
918384808
239578648
199648874
519087067
838525260
159719100
479157293
798595486
119789326
439227519
758665712
79859552
39929778
359367971
678806164
4
319438197
638876390
958314583
279508423
598946616
918384809
878455035
199648875
519087068
838525261
159719101
479157294
798595487
119789327
439227520
758665713
718735939
39929779
359367972
678806165
5
319438198
638876391
958314584
279508424
598946617
559016843
878455036
199648876
519087069
838525262
159719102
479157295
798595488
119789328
439227521
399297747
718735940
39929780
359367973
678806166
6
319438199
638876392
958314585
279508425
239578651
559016844
878455037
199648877
519087070
838525263
159719103
479157296
798595489
119789329
79859555
399297748
718735941
39929781
359367974
678806167
7
319438200
638876393
958314586
359367970
678806163
3
319438196
638876389
958314582
279508422
598946615
918384808
239578648
199648874
519087067
838525260
159719100
479157293
798595486
119789326
439227519
758665712
79859552
39929778
359367971
678806164
4
319438197
638876390
958314583
279508423
598946616
918384809
878455035
199648875
519087068
838525261
159719101
479157294
798595487
119789327
439227520
758665713
718735939
39929779
359367972
678806165
5
319438198
638876391
958314584
279508424
598946617
559016843
878455036
199648876
519087069
838525262
159719102
479157295
798595488
119789328
439227521
399297747
718735940
39929780
359367973
678806166
6
319438199
638876392
958314585
279508425
239578651
559016844
878455037
199648877
519087070
838525263
159719103
479157296
798595489
119789329
79859555
399297748
718735941
39929781
359367974
678806167
7
319438200
638876393
958314586
918384812
239578652
559016845
878455038
199648878
519087071
838525264
159719104
479157297
798595490
199648874
519087067
838525260
159719100
479157293
798595486
119789326
439227519
758665712
79859552
39929778
359367971
678806164
4
319438197
638876390
958314583
279508423
598946616
918384809
878455035
199648875
519087068
838525261
159719101
479157294
798595487
119789327
439227520
758665713
718735939
39929779
359367972
678806165
5
319438198
638876391
958314584
279508424
598946617
559016843
878455036
199648876
519087069
838525262
159719102
479157295
798595488
119789328
439227521
399297747
718735940
39929780
359367973
678806166
6
319438199
638876392
958314585
279508425
239578651
559016844
878455037
199648877
519087070
838525263
159719103
479157296
798595489
119789329
79859555
399297748
718735941
39929781
359367974
678806167
7
319438200
638876393
958314586
918384812
239578652
559016845
878455038
199648878
519087071
838525264
159719104
479157297
798595490
758665716
79859556
399297749
718735942
39929782
359367975
678806168
8
319438201
638876394
39929778
359367971
678806164
4
319438197
638876390
958314583
279508423
598946616
918384809
878455035
199648875
519087068
838525261
159719101
479157294
798595487
119789327
439227520
758665713
718735939
39929779
359367972
678806165
5
319438198
638876391
958314584
279508424
598946617
559016843
878455036
199648876
519087069
838525262
159719102
479157295
798595488
119789328
439227521
399297747
718735940
39929780
359367973
678806166
6
319438199
638876392
958314585
279508425
239578651
559016844
878455037
199648877
519087070
838525263
159719103
479157296
798595489
119789329
79859555
399297748
718735941
39929781
359367974
678806167
7
319438200
638876393
958314586
918384812
239578652
559016845
878455038
199648878
519087071
838525264
159719104
479157297
798595490
758665716
79859556
399297749
718735942
39929782
359367975
678806168
8
319438201
638876394
598946620
918384813
239578653
559016846
878455039
199648879
519087072
838525265
159719105
479157298
878455035
199648875
519087068
838525261
159719101
479157294
798595487
119789327
439227520
758665713
718735939
39929779
359367972
678806165
5
319438198
638876391
958314584
279508424
598946617
559016843
878455036
199648876
519087069
838525262
159719102
479157295
798595488
119789328
439227521
399297747
718735940
39929780
359367973
678806166
6
319438199
638876392
958314585
279508425
239578651
559016844
878455037
199648877
519087070
838525263
159719103
479157296
798595489
119789329
79859555
399297748
718735941
39929781
359367974
678806167
7
319438200
638876393
958314586
918384812
239578652
559016845
878455038
199648878
519087071
838525264
159719104
479157297
798595490
758665716
79859556
399297749
718735942
39929782
359367975
678806168
8
319438201
638876394
598946620
918384813
239578653
559016846
878455039
199648879
519087072
838525265
159719105
479157298
439227524
758665717
79859557
399297750
718735943
39929783
359367976
678806169
9
319438202
718735939
39929779
359367972
678806165
5
319438198
638876391
958314584
279508424
598946617
559016843
878455036
199648876
519087069
838525262
159719102
479157295
798595488
119789328
439227521
399297747
718735940
39929780
359367973
678806166
6
319438199
638876392
958314585
279508425
239578651
559016844
878455037
199648877
519087070
838525263
159719103
479157296
798595489
119789329
79859555
399297748
718735941
39929781
359367974
678806167
7
319438200
638876393
958314586
918384812
239578652
559016845
878455038
199648878
519087071
838525264
159719104
479157297
798595490
758665716
79859556
399297749
718735942
39929782
359367975
678806168
8
319438201
638876394
598946620
918384813
239578653
559016846
878455039
199648879
519087072
838525265
159719105
479157298
439227524
758665717
79859557
399297750
718735943
39929783
359367976
678806169
9
319438202
279508428
598946621
918384814
239578654
559016847
878455040
199648880
519087073
838525266
159719106
559016843
878455036
199648876
519087069
838525262
159719102
479157295
798595488
119789328
439227521
399297747
718735940
39929780
359367973
678806166
6
319438199
638876392
958314585
279508425
239578651
559016844
878455037
199648877
519087070
838525263
159719103
479157296
798595489
119789329
79859555
399297748
718735941
39929781
359367974
678806167
7
319438200
638876393
958314586
918384812
239578652
559016845
878455038
199648878
519087071
838525264
159719104
479157297
798595490
758665716
79859556
399297749
718735942
39929782
359367975
678806168
8
319438201
638876394
598946620
918384813
239578653
559016846
878455039
199648879
519087072
838525265
159719105
479157298
439227524
758665717
79859557
399297750
718735943
39929783
359367976
678806169
9
319438202
279508428
598946621
918384814
239578654
559016847
878455040
199648880
519087073
838525266
159719106
119789332
439227525
758665718
79859558
399297751
718735944
39929784
359367977
678806170
10
1
859599305
720954256
582309207
443664158
305019109
166374060
27729011
887328315
748683266
915057325
776412276
637767227
499122178
360477129
221832080
83187031
942786335
804141286
665496237
831870296
693225247
554580198
415935149
277290100
138645051
2
859599306
720954257
582309208
748683267
610038218
471393169
332748120
194103071
55458022
915057326
776412277
637767228
499122179
665496238
526851189
388206140
249561091
110916042
970515346
831870297
693225248
554580199
415935150
582309209
443664160
305019111
166374062
27729013
887328317
748683268
610038219
471393170
332748121
499122180
360477131
221832082
83187033
942786337
804141288
665496239
526851190
388206141
249561092
415935151
277290102
138645053
4
859599308
720954259
582309210
443664161
305019112
166374063
332748122
194103073
55458024
915057328
776412279
637767230
499122181
360477132
221832083
83187034
249561093
110916044
970515348
831870299
693225250
554580201
415935152
277290103
138645054
5
221832080
83187031
942786335
804141286
665496237
526851188
388206139
249561090
110916041
970515345
138645051
2
859599306
720954257
582309208
443664159
305019110
166374061
27729012
887328316
55458022
915057326
776412277
637767228
499122179
360477130
221832081
83187032
942786336
804141287
970515346
831870297
693225248
554580199
415935150
277290101
138645052
3
859599307
720954258
887328317
748683268
610038219
471393170
332748121
194103072
55458023
915057327
776412278
637767229
804141288
665496239
526851190
388206141
249561092
110916043
970515347
831870298
693225249
554580200
720954259
582309210
443664161
305019112
166374063
27729014
887328318
748683269
610038220
471393171
637767230
499122181
360477132
221832083
83187034
942786338
804141289
665496240
526851191
388206142
554580201
415935152
277290103
138645054
5
859599309
720954260
582309211
443664162
305019113
471393172
332748123
194103074
55458025
915057329
776412280
637767231
499122182
360477133
221832084
443664159
305019110
166374061
27729012
887328316
748683267
610038218
471393169
332748120
194103071
360477130
221832081
83187032
942786336
804141287
665496238
526851189
388206140
249561091
110916042
277290101
138645052
3
859599307
720954258
582309209
443664160
305019111
166374062
27729013
194103072
55458023
915057327
776412278
637767229
499122180
360477131
221832082
83187033
942786337
110916043
970515347
831870298
693225249
554580200
415935151
277290102
138645053
4
859599308
27729014
887328318
748683269
610038220
471393171
332748122
194103073
55458024
915057328
776412279
942786338
804141289
665496240
526851191
388206142
249561093
110916044
970515348
831870299
693225250
859599309
720954260
582309211
443664162
305019113
166374064
27729015
887328319
748683270
610038221
776412280
637767231
499122182
360477133
221832084
83187035
942786339
804141290
665496241
526851192
693225251
554580202
415935153
277290104
138645055
6
859599310
720954261
582309212
443664163
665496238
526851189
388206140
249561091
110916042
970515346
831870297
693225248
554580199
415935150
582309209
443664160
305019111
166374062
27729013
887328317
748683268
610038219
471393170
332748121
499122180
360477131
221832082
83187033
942786337
804141288
665496239
526851190
388206141
249561092
415935151
277290102
138645053
4
859599308
720954259
582309210
443664161
305019112
166374063
332748122
194103073
55458024
915057328
776412279
637767230
499122181
360477132
221832083
83187034
249561093
110916044
970515348
831870299
693225250
554580201
415935152
277290103
138645054
5
166374064
27729015
887328319
748683270
610038221
471393172
332748123
194103074
55458025
915057329
83187035
942786339
804141290
665496241
526851192
388206143
249561094
110916045
970515349
831870300
6
859599310
720954261
582309212
443664163
305019114
166374065
27729016
887328320
748683271
915057330
776412281
637767232
499122183
360477134
221832085
83187036
942786340
804141291
665496242
887328317
748683268
610038219
471393170
332748121
194103072
55458023
915057327
776412278
637767229
804141288
665496239
526851190
388206141
249561092
110916043
970515347
831870298
693225249
554580200
720954259
582309210
443664161
305019112
166374063
27729014
887328318
748683269
610038220
471393171
637767230
499122181
360477132
221832083
83187034
942786338
804141289
665496240
526851191
388206142
554580201
415935152
277290103
138645054
5
859599309
720954260
582309211
443664162
305019113
471393172
332748123
194103074
55458025
915057329
776412280
637767231
499122182
360477133
221832084
388206143
249561094
110916045
970515349
831870300
693225251
554580202
415935153
277290104
138645055
305019114
166374065
27729016
887328320
748683271
610038222
471393173
332748124
194103075
55458026
221832085
83187036
942786340
804141291
665496242
526851193
388206144
249561095
110916046
970515350
138645056
7
859599311
720954262
582309213
443664164
305019115
166374066
27729017
887328321
110916043
970515347
831870298
693225249
554580200
415935151
277290102
138645053
4
859599308
27729014
887328318
748683269
610038220
471393171
332748122
194103073
55458024
915057328
776412279
942786338
804141289
665496240
526851191
388206142
249561093
110916044
970515348
831870299
693225250
859599309
720954260
582309211
443664162
305019113
166374064
27729015
887328319
748683270
610038221
776412280
637767231
499122182
360477133
221832084
83187035
942786339
804141290
665496241
526851192
693225251
554580202
415935153
277290104
138645055
6
859599310
720954261
582309212
443664163
610038222
471393173
332748124
194103075
55458026
915057330
776412281
637767232
499122183
360477134
526851193
388206144
249561095
110916046
970515350
831870301
693225252
554580203
415935154
277290105
443664164
305019115
166374066
27729017
887328321
748683272
610038223
471393174
332748125
194103076
360477135
221832086
83187037
942786341
804141292
665496243
526851194
388206145
249561096
110916047
332748122
194103073
55458024
915057328
776412279
637767230
499122181
360477132
221832083
83187034
249561093
110916044
970515348
831870299
693225250
554580201
415935152
277290103
138645054
5
166374064
27729015
887328319
748683270
610038221
471393172
332748123
194103074
55458025
915057329
83187035
942786339
804141290
665496241
526851192
388206143
249561094
110916045
970515349
831870300
6
859599310
720954261
582309212
443664163
305019114
166374065
27729016
887328320
748683271
915057330
776412281
637767232
499122183
360477134
221832085
83187036
942786340
804141291
665496242
831870301
693225252
554580203
415935154
277290105
138645056
7
859599311
720954262
582309213
748683272
610038223
471393174
332748125
194103076
55458027
915057331
776412282
637767233
499122184
665496243
526851194
388206145
249561096
110916047
970515351
831870302
693225253
554580204
415935155
582309214
443664165
305019116
166374067
27729018
887328322
748683273
610038224
471393175
332748126
554580201
415935152
277290103
138645054
5
859599309
720954260
582309211
443664162
305019113
471393172
332748123
194103074
55458025
915057329
776412280
637767231
499122182
360477133
221832084
388206143
249561094
110916045
970515349
831870300
693225251
554580202
415935153
277290104
138645055
305019114
166374065
27729016
887328320
748683271
610038222
471393173
332748124
194103075
55458026
221832085
83187036
942786340
804141291
665496242
526851193
388206144
249561095
110916046
970515350
138645056
7
859599311
720954262
582309213
443664164
305019115
166374066
27729017
887328321
55458027
915057331
776412282
637767233
499122184
360477135
221832086
83187037
942786341
804141292
970515351
831870302
693225253
554580204
415935155
277290106
138645057
8
859599312
720954263
887328322
748683273
610038224
471393175
332748126
194103077
55458028
915057332
776412283
637767234
804141293
665496244
526851195
388206146
249561097
110916048
970515352
831870303
693225254
554580205
776412280
637767231
499122182
360477133
221832084
83187035
942786339
804141290
665496241
526851192
693225251
554580202
415935153
277290104
138645055
6
859599310
720954261
582309212
443664163
610038222
471393173
332748124
194103075
55458026
915057330
776412281
637767232
499122183
360477134
526851193
388206144
249561095
110916046
970515350
831870301
693225252
554580203
415935154
277290105
443664164
305019115
166374066
27729017
887328321
748683272
610038223
471393174
332748125
194103076
360477135
221832086
83187037
942786341
804141292
665496243
526851194
388206145
249561096
110916047
277290106
138645057
8
859599312
720954263
582309214
443664165
305019116
166374067
27729018
194103077
55458028
915057332
776412283
637767234
499122185
360477136
221832087
83187038
942786342
110916048
970515352
831870303
693225254
554580205
415935156
277290107
138645058
9
859599313
27729019
887328323
748683274
610038225
471393176
332748127
194103078
55458029
915057333
776412284
6
859599310
720954261
582309212
443664163
305019114
166374065
27729016
887328320
748683271
915057330
776412281
637767232
499122183
360477134
221832085
83187036
942786340
804141291
665496242
831870301
693225252
554580203
415935154
277290105
138645056
7
859599311
720954262
582309213
748683272
610038223
471393174
332748125
194103076
55458027
915057331
776412282
637767233
499122184
665496243
526851194
388206145
249561096
110916047
970515351
831870302
693225253
554580204
415935155
582309214
443664165
305019116
166374067
27729018
887328322
748683273
610038224
471393175
332748126
499122185
360477136
221832087
83187038
942786342
804141293
665496244
526851195
388206146
249561097
415935156
277290107
138645058
9
859599313
720954264
582309215
443664166
305019117
166374068
332748127
194103078
55458029
915057333
776412284
637767235
499122186
360477137
221832088
83187039
249561098
110916049
970515353
831870304
693225255
554580206
415935157
277290108
138645059
10
1
692659348
387074342
81489336
774148683
468563677
162978671
855638018
550053012
244468006
488936011
183351005
876010352
570425346
264840340
957499687
651914681
346329675
40744669
733404016
977872021
672287015
366702009
61117003
753776350
448191344
142606338
835265685
529680679
224095673
468563678
162978672
855638019
550053013
244468007
937127354
631542348
325957342
20372336
713031683
957499688
651914682
346329676
40744670
733404017
427819011
122234005
814893352
509308346
203723340
448191345
142606339
835265686
529680680
224095674
916755021
611170015
305585009
3
692659350
937127355
631542349
325957343
20372337
713031684
407446678
101861672
794521019
488936013
183351007
427819012
122234006
814893353
509308347
203723341
896382688
590797682
285212676
977872023
672287017
916755022
611170016
305585010
4
692659351
387074345
81489339
774148686
468563680
162978674
407446679
101861673
794521020
488936014
183351008
876010355
570425349
264840343
957499690
651914684
814893351
509308345
203723339
896382686
590797680
285212674
977872021
672287015
366702009
61117003
305585008
2
692659349
387074343
81489337
774148684
468563678
162978672
855638019
550053013
794521018
488936012
183351006
876010353
570425347
264840341
957499688
651914682
346329676
40744670
285212675
977872022
672287016
366702010
61117004
753776351
448191345
142606339
835265686
529680680
774148685
468563679
162978673
855638020
550053014
244468008
937127355
631542349
325957343
20372337
264840342
957499689
651914683
346329677
40744671
733404018
427819012
122234006
814893353
509308347
753776352
448191346
142606340
835265687
529680681
224095675
916755022
611170016
305585010
4
244468009
937127356
631542350
325957344
20372338
713031685
407446679
101861673
794521020
488936014
733404019
427819013
122234007
814893354
509308348
203723342
896382689
590797683
285212677
977872024
224095676
916755023
611170017
305585011
5
692659352
387074346
81489340
774148687
468563681
631542348
325957342
20372336
713031683
407446677
101861671
794521018
488936012
183351006
876010353
122234005
814893352
509308346
203723340
896382687
590797681
285212675
977872022
672287016
366702010
611170015
305585009
3
692659350
387074344
81489338
774148685
468563679
162978673
855638020
101861672
794521019
488936013
183351007
876010354
570425348
264840342
957499689
651914683
346329677
590797682
285212676
977872023
672287017
366702011
61117005
753776352
448191346
142606340
835265687
81489339
774148686
468563680
162978674
855638021
550053015
244468009
937127356
631542350
325957344
570425349
264840343
957499690
651914684
346329678
40744672
733404019
427819013
122234007
814893354
61117006
753776353
448191347
142606341
835265688
529680682
224095676
916755023
611170017
305585011
550053016
244468010
937127357
631542351
325957345
20372339
713031686
407446680
101861674
794521021
40744673
733404020
427819014
122234008
814893355
509308349
203723343
896382690
590797684
285212678
448191345
142606339
835265686
529680680
224095674
916755021
611170015
305585009
3
692659350
937127355
631542349
325957343
20372337
713031684
407446678
101861672
794521019
488936013
183351007
427819012
122234006
814893353
509308347
203723341
896382688
590797682
285212676
977872023
672287017
916755022
611170016
305585010
4
692659351
387074345
81489339
774148686
468563680
162978674
407446679
101861673
794521020
488936014
183351008
876010355
570425349
264840343
957499690
651914684
896382689
590797683
285212677
977872024
672287018
366702012
61117006
753776353
448191347
142606341
387074346
81489340
774148687
468563681
162978675
855638022
550053016
244468010
937127357
631542351
876010356
570425350
264840344
957499691
651914685
346329679
40744673
733404020
427819014
122234008
366702013
61117007
753776354
448191348
142606342
835265689
529680683
224095677
916755024
611170018
855638023
550053017
244468011
937127358
631542352
325957346
20372340
713031687
407446681
101861675
264840342
957499689
651914683
346329677
40744671
733404018
427819012
122234006
814893353
509308347
753776352
448191346
142606340
835265687
529680681
224095675
916755022
611170016
305585010
4
244468009
937127356
631542350
325957344
20372338
713031685
407446679
101861673
794521020
488936014
733404019
427819013
122234007
814893354
509308348
203723342
896382689
590797683
285212677
977872024
224095676
916755023
611170017
305585011
5
692659352
387074346
81489340
774148687
468563681
713031686
407446680
101861674
794521021
488936015
183351009
876010356
570425350
264840344
957499691
203723343
896382690
590797684
285212678
977872025
672287019
366702013
61117007
753776354
448191348
692659353
387074347
81489341
774148688
468563682
162978676
855638023
550053017
244468011
937127358
183351010
876010357
570425351
264840345
957499692
651914686
346329680
40744674
733404021
427819015
672287020
366702014
61117008
753776355
448191349
142606343
835265690
529680684
224095678
916755025
81489339
774148686
468563680
162978674
855638021
550053015
244468009
937127356
631542350
325957344
570425349
264840343
957499690
651914684
346329678
40744672
733404019
427819013
122234007
814893354
61117006
753776353
448191347
142606341
835265688
529680682
224095676
916755023
611170017
305585011
550053016
244468010
937127357
631542351
325957345
20372339
713031686
407446680
101861674
794521021
40744673
733404020
427819014
122234008
814893355
509308349
203723343
896382690
590797684
285212678
529680683
224095677
916755024
611170018
305585012
6
692659353
387074347
81489341
774148688
20372340
713031687
407446681
101861675
794521022
488936016
183351010
876010357
570425351
264840345
509308350
203723344
896382691
590797685
285212679
977872026
672287020
366702014
61117008
753776355
7
692659354
387074348
81489342
774148689
468563683
162978677
855638024
550053018
244468012
488936017
183351011
876010358
570425352
264840346
957499693
651914687
346329681
40744675
733404022
896382689
590797683
285212677
977872024
672287018
366702012
61117006
753776353
448191347
142606341
387074346
81489340
774148687
468563681
162978675
855638022
550053016
244468010
937127357
631542351
876010356
570425350
264840344
957499691
651914685
346329679
40744673
733404020
427819014
122234008
366702013
61117007
753776354
448191348
142606342
835265689
529680683
224095677
916755024
611170018
855638023
550053017
244468011
937127358
631542352
325957346
20372340
713031687
407446681
101861675
346329680
40744674
733404021
427819015
122234009
814893356
509308350
203723344
896382691
590797685
835265690
529680684
224095678
916755025
611170019
305585013
7
692659354
387074348
81489342
325957347
20372341
713031688
407446682
101861676
794521023
488936017
183351011
876010358
570425352
814893357
509308351
203723345
896382692
590797686
285212680
977872027
672287021
366702015
61117009
305585014
8
692659355
387074349
81489343
774148690
468563684
162978678
855638025
550053019
713031686
407446680
101861674
794521021
488936015
183351009
876010356
570425350
264840344
957499691
203723343
896382690
590797684
285212678
977872025
672287019
366702013
61117007
753776354
448191348
692659353
387074347
81489341
774148688
468563682
162978676
855638023
550053017
244468011
937127358
183351010
876010357
570425351
264840345
957499692
651914686
346329680
40744674
733404021
427819015
672287020
366702014
61117008
753776355
448191349
142606343
835265690
529680684
224095678
916755025
162978677
855638024
550053018
244468012
937127359
631542353
325957347
20372341
713031688
407446682
651914687
346329681
40744675
733404022
427819016
122234010
814893357
509308351
203723345
896382692
142606344
835265691
529680685
224095679
916755026
611170020
305585014
8
692659355
387074349
631542354
325957348
20372342
713031689
407446683
101861677
794521024
488936018
183351012
876010359
122234011
814893358
509308352
203723346
896382693
590797687
285212681
977872028
672287022
366702016
529680683
224095677
916755024
611170018
305585012
6
692659353
387074347
81489341
774148688
20372340
713031687
407446681
101861675
794521022
488936016
183351010
876010357
570425351
264840345
509308350
203723344
896382691
590797685
285212679
977872026
672287020
366702014
61117008
753776355
7
692659354
387074348
81489342
774148689
468563683
162978677
855638024
550053018
244468012
488936017
183351011
876010358
570425352
264840346
957499693
651914687
346329681
40744675
733404022
977872027
672287021
366702015
61117009
753776356
448191350
142606344
835265691
529680685
224095679
468563684
162978678
855638025
550053019
244468013
937127360
631542354
325957348
20372342
713031689
957499694
651914688
346329682
40744676
733404023
427819017
122234011
814893358
509308352
203723346
448191351
142606345
835265692
529680686
224095680
916755027
611170021
305585015
9
692659356
937127361
631542355
325957349
20372343
713031690
407446684
101861678
794521025
488936019
183351013
346329680
40744674
733404021
427819015
122234009
814893356
509308350
203723344
896382691
590797685
835265690
529680684
224095678
916755025
611170019
305585013
7
692659354
387074348
81489342
325957347
20372341
713031688
407446682
101861676
794521023
488936017
183351011
876010358
570425352
814893357
509308351
203723345
896382692
590797686
285212680
977872027
672287021
366702015
61117009
305585014
8
692659355
387074349
81489343
774148690
468563684
162978678
855638025
550053019
794521024
488936018
183351012
876010359
570425353
264840347
957499694
651914688
346329682
40744676
285212681
977872028
672287022
366702016
61117010
753776357
448191351
142606345
835265692
529680686
774148691
468563685
162978679
855638026
550053020
244468014
937127361
631542355
325957349
20372343
264840348
957499695
651914689
346329683
40744677
733404024
427819018
122234012
814893359
509308353
753776358
448191352
142606346
835265693
529680687
224095681
916755028
611170022
305585016
10
1
982646786
967049218
951451650
935854082
920256514
904658946
889061378
873463810
857866242
670695426
655097858
639500290
623902722
608305154
592707586
577110018
561512450
545914882
530317314
343146498
327548930
311951362
296353794
280756226
265158658
249561090
233963522
218365954
202768386
15597570
2
982646787
967049219
951451651
935854083
920256515
904658947
889061379
873463811
686292995
670695427
655097859
639500291
623902723
608305155
592707587
577110019
561512451
545914883
358744067
343146499
327548931
311951363
296353795
280756227
265158659
249561091
233963523
218365955
31195139
15597571
3
982646788
967049220
951451652
935854084
920256516
904658948
889061380
701890564
686292996
670695428
655097860
639500292
623902724
608305156
592707588
577110020
561512452
374341636
358744068
343146500
327548932
311951364
296353796
280756228
265158660
249561092
233963524
46792708
31195140
15597572
4
982646789
967049221
951451653
935854085
920256517
904658949
343146498
327548930
311951362
296353794
280756226
265158658
249561090
233963522
218365954
202768386
15597570
2
982646787
967049219
951451651
935854083
920256515
904658947
889061379
873463811
686292995
670695427
655097859
639500291
623902723
608305155
592707587
577110019
561512451
545914883
358744067
343146499
327548931
311951363
296353795
280756227
265158659
249561091
233963523
218365955
31195139
15597571
3
982646788
967049220
951451652
935854084
920256516
904658948
889061380
701890564
686292996
670695428
655097860
639500292
623902724
608305156
592707588
577110020
561512452
374341636
358744068
343146500
327548932
311951364
296353796
280756228
265158660
249561092
233963524
46792708
31195140
15597572
4
982646789
967049221
951451653
935854085
920256517
904658949
717488133
701890565
686292997
670695429
655097861
639500293
623902725
608305157
592707589
577110021
389939205
374341637
358744069
343146501
327548933
311951365
296353797
280756229
265158661
249561093
686292995
670695427
655097859
639500291
623902723
608305155
592707587
577110019
561512451
545914883
358744067
343146499
327548931
311951363
296353795
280756227
265158659
249561091
233963523
218365955
31195139
15597571
3
982646788
967049220
951451652
935854084
920256516
904658948
889061380
701890564
686292996
670695428
655097860
639500292
623902724
608305156
592707588
577110020
561512452
374341636
358744068
343146500
327548932
311951364
296353796
280756228
265158660
249561092
233963524
46792708
31195140
15597572
4
982646789
967049221
951451653
935854085
920256517
904658949
717488133
701890565
686292997
670695429
655097861
639500293
623902725
608305157
592707589
577110021
389939205
374341637
358744069
343146501
327548933
311951365
296353797
280756229
265158661
249561093
62390277
46792709
31195141
15597573
5
982646790
967049222
951451654
935854086
920256518
733085702
717488134
701890566
686292998
670695430
655097862
639500294
623902726
608305158
592707590
31195139
15597571
3
982646788
967049220
951451652
935854084
920256516
904658948
889061380
701890564
686292996
670695428
655097860
639500292
623902724
608305156
592707588
577110020
561512452
374341636
358744068
343146500
327548932
311951364
296353796
280756228
265158660
249561092
233963524
46792708
31195140
15597572
4
982646789
967049221
951451653
935854085
920256517
904658949
717488133
701890565
686292997
670695429
655097861
639500293
623902725
608305157
592707589
577110021
389939205
374341637
358744069
343146501
327548933
311951365
296353797
280756229
265158661
249561093
62390277
46792709
31195141
15597573
5
982646790
967049222
951451654
935854086
920256518
733085702
717488134
701890566
686292998
670695430
655097862
639500294
623902726
608305158
592707590
405536774
389939206
374341638
358744070
343146502
327548934
311951366
296353798
280756230
265158662
77987846
62390278
46792710
31195142
15597574
6
982646791
967049223
951451655
935854087
374341636
358744068
343146500
327548932
311951364
296353796
280756228
265158660
249561092
233963524
46792708
31195140
15597572
4
982646789
967049221
951451653
935854085
920256517
904658949
717488133
701890565
686292997
670695429
655097861
639500293
623902725
608305157
592707589
577110021
389939205
374341637
358744069
343146501
327548933
311951365
296353797
280756229
265158661
249561093
62390277
46792709
31195141
15597573
5
982646790
967049222
951451654
935854086
920256518
733085702
717488134
701890566
686292998
670695430
655097862
639500294
623902726
608305158
592707590
405536774
389939206
374341638
358744070
343146502
327548934
311951366
296353798
280756230
265158662
77987846
62390278
46792710
31195142
15597574
6
982646791
967049223
951451655
935854087
748683271
733085703
717488135
701890567
686292999
670695431
655097863
639500295
623902727
608305159
421134343
405536775
389939207
374341639
358744071
343146503
327548935
311951367
296353799
280756231
717488133
701890565
686292997
670695429
655097861
639500293
623902725
608305157
592707589
577110021
389939205
374341637
358744069
343146501
327548933
311951365
296353797
280756229
265158661
249561093
62390277
46792709
31195141
15597573
5
982646790
967049222
951451654
935854086
920256518
733085702
717488134
701890566
686292998
670695430
655097862
639500294
623902726
608305158
592707590
405536774
389939206
374341638
358744070
343146502
327548934
311951366
296353798
280756230
265158662
77987846
62390278
46792710
31195142
15597574
6
982646791
967049223
951451655
935854087
748683271
733085703
717488135
701890567
686292999
670695431
655097863
639500295
623902727
608305159
421134343
405536775
389939207
374341639
358744071
343146503
327548935
311951367
296353799
280756231
93585415
77987847
62390279
46792711
31195143
15597575
7
982646792
967049224
951451656
764280840
748683272
733085704
717488136
701890568
686293000
670695432
655097864
639500296
623902728
62390277
46792709
31195141
15597573
5
982646790
967049222
951451654
935854086
920256518
733085702
717488134
701890566
686292998
670695430
655097862
639500294
623902726
608305158
592707590
405536774
389939206
374341638
358744070
343146502
327548934
311951366
296353798
280756230
265158662
77987846
62390278
46792710
31195142
15597574
6
982646791
967049223
951451655
935854087
748683271
733085703
717488135
701890567
686292999
670695431
655097863
639500295
623902727
608305159
421134343
405536775
389939207
374341639
358744071
343146503
327548935
311951367
296353799
280756231
93585415
77987847
62390279
46792711
31195143
15597575
7
982646792
967049224
951451656
764280840
748683272
733085704
717488136
701890568
686293000
670695432
655097864
639500296
623902728
436731912
421134344
405536776
389939208
374341640
358744072
343146504
327548936
311951368
296353800
109182984
93585416
77987848
62390280
46792712
31195144
15597576
8
982646793
967049225
405536774
389939206
374341638
358744070
343146502
327548934
311951366
296353798
280756230
265158662
77987846
62390278
46792710
31195142
15597574
6
982646791
967049223
951451655
935854087
748683271
733085703
717488135
701890567
686292999
670695431
655097863
639500295
623902727
608305159
421134343
405536775
389939207
374341639
358744071
343146503
327548935
311951367
296353799
280756231
93585415
77987847
62390279
46792711
31195143
15597575
7
982646792
967049224
951451656
764280840
748683272
733085704
717488136
701890568
686293000
670695432
655097864
639500296
623902728
436731912
421134344
405536776
389939208
374341640
358744072
343146504
327548936
311951368
296353800
109182984
93585416
77987848
62390280
46792712
31195144
15597576
8
982646793
967049225
779878409
764280841
748683273
733085705
717488137
701890569
686293001
670695433
655097865
639500297
452329481
436731913
421134345
405536777
389939209
374341641
358744073
343146505
327548937
311951369
748683271
733085703
717488135
701890567
686292999
670695431
655097863
639500295
623902727
608305159
421134343
405536775
389939207
374341639
358744071
343146503
327548935
311951367
296353799
280756231
93585415
77987847
62390279
46792711
31195143
15597575
7
982646792
967049224
951451656
764280840
748683272
733085704
717488136
701890568
686293000
670695432
655097864
639500296
623902728
436731912
421134344
405536776
389939208
374341640
358744072
343146504
327548936
311951368
296353800
109182984
93585416
77987848
62390280
46792712
31195144
15597576
8
982646793
967049225
779878409
764280841
748683273
733085705
717488137
701890569
686293001
670695433
655097865
639500297
452329481
436731913
421134345
405536777
389939209
374341641
358744073
343146505
327548937
311951369
124780553
109182985
93585417
77987849
62390281
46792713
31195145
15597577
9
982646794
795475978
779878410
764280842
748683274
733085706
717488138
701890570
686293002
670695434
655097866
93585415
77987847
62390279
46792711
31195143
15597575
7
982646792
967049224
951451656
764280840
748683272
733085704
717488136
701890568
686293000
670695432
655097864
639500296
623902728
436731912
421134344
405536776
389939208
374341640
358744072
343146504
327548936
311951368
296353800
109182984
93585416
77987848
62390280
46792712
31195144
15597576
8
982646793
967049225
779878409
764280841
748683273
733085705
717488137
701890569
686293001
670695433
655097865
639500297
452329481
436731913
421134345
405536777
389939209
374341641
358744073
343146505
327548937
311951369
124780553
109182985
93585417
77987849
62390281
46792713
31195145
15597577
9
982646794
795475978
779878410
764280842
748683274
733085706
717488138
701890570
686293002
670695434
655097866
467927050
452329482
436731914
421134346
405536778
389939210
374341642
358744074
343146506
327548938
140378122
124780554
109182986
93585418
77987850
62390282
46792714
31195146
15597578
10
1
825708293
653172232
480636171
308100110
135564049
961272341
788736280
616200219
443664158
850356302
677820241
505284180
332748119
160212058
985920350
813384289
640848228
468312167
295776106
702468250
529932189
357396128
184860067
12324006
838032298
665496237
492960176
320424115
147888054
554580198
382044137
209508076
36972015
862680307
690144246
517608185
345072124
172536063
2
406692146
234156085
61620024
887328316
714792255
542256194
369720133
197184072
24648011
850356303
258804094
86268033
911976325
739440264
566904203
394368142
221832081
49296020
875004312
702468251
110916042
936624334
764088273
591552212
419016151
246480090
73944029
899652321
727116260
554580199
961272343
788736282
616200221
443664160
271128099
98592038
924300330
751764269
579228208
406692147
813384291
640848230
468312169
295776108
123240047
948948339
776412278
603876217
431340156
258804095
665496239
492960178
320424117
147888056
973596348
801060287
628524226
455988165
283452104
110916043
320424115
147888054
973596346
801060285
628524224
455988163
283452102
110916041
936624333
764088272
172536063
2
825708294
653172233
480636172
308100111
135564050
961272342
788736281
616200220
24648011
850356303
677820242
505284181
332748120
160212059
985920351
813384290
640848229
468312168
875004312
702468251
529932190
357396129
184860068
12324007
838032299
665496238
492960177
320424116
727116260
554580199
382044138
209508077
36972016
862680308
690144247
517608186
345072125
172536064
579228208
406692147
234156086
61620025
887328317
714792256
542256195
369720134
197184073
24648012
431340156
258804095
86268034
911976326
739440265
566904204
394368143
221832082
49296021
875004313
283452104
110916043
936624335
764088274
591552213
419016152
246480091
73944030
899652322
727116261
135564052
961272344
788736283
616200222
443664161
271128100
98592039
924300331
751764270
579228209
985920353
813384292
640848231
468312170
295776109
123240048
948948340
776412279
603876218
431340157
640848229
468312168
295776107
123240046
948948338
776412277
603876216
431340155
258804094
86268033
492960177
320424116
147888055
973596347
801060286
628524225
455988164
283452103
110916042
936624334
345072125
172536064
3
825708295
653172234
480636173
308100112
135564051
961272343
788736282
197184073
24648012
850356304
677820243
505284182
332748121
160212060
985920352
813384291
640848230
49296021
875004313
702468252
529932191
357396130
184860069
12324008
838032300
665496239
492960178
899652322
727116261
554580200
382044139
209508078
36972017
862680309
690144248
517608187
345072126
751764270
579228209
406692148
234156087
61620026
887328318
714792257
542256196
369720135
197184074
603876218
431340157
258804096
86268035
911976327
739440266
566904205
394368144
221832083
49296022
455988166
283452105
110916044
936624336
764088275
591552214
419016153
246480092
73944031
899652323
308100114
135564053
961272345
788736284
616200223
443664162
271128101
98592040
924300332
751764271
961272343
788736282
616200221
443664160
271128099
98592038
924300330
751764269
579228208
406692147
813384291
640848230
468312169
295776108
123240047
948948339
776412278
603876217
431340156
258804095
665496239
492960178
320424117
147888056
973596348
801060287
628524226
455988165
283452104
110916043
517608187
345072126
172536065
4
825708296
653172235
480636174
308100113
135564052
961272344
369720135
197184074
24648013
850356305
677820244
505284183
332748122
160212061
985920353
813384292
221832083
49296022
875004314
702468253
529932192
357396131
184860070
12324009
838032301
665496240
73944031
899652323
727116262
554580201
382044140
209508079
36972018
862680310
690144249
517608188
924300332
751764271
579228210
406692149
234156088
61620027
887328319
714792258
542256197
369720136
776412280
603876219
431340158
258804097
86268036
911976328
739440267
566904206
394368145
221832084
628524228
455988167
283452106
110916045
936624337
764088276
591552215
419016154
246480093
73944032
283452104
110916043
936624335
764088274
591552213
419016152
246480091
73944030
899652322
727116261
135564052
961272344
788736283
616200222
443664161
271128100
98592039
924300331
751764270
579228209
985920353
813384292
640848231
468312170
295776109
123240048
948948340
776412279
603876218
431340157
838032301
665496240
492960179
320424118
147888057
973596349
801060288
628524227
455988166
283452105
690144249
517608188
345072127
172536066
5
825708297
653172236
480636175
308100114
135564053
542256197
369720136
197184075
24648014
850356306
677820245
505284184
332748123
160212062
985920354
394368145
221832084
49296023
875004315
702468254
529932193
357396132
184860071
12324010
838032302
246480093
73944032
899652324
727116263
554580202
382044141
209508080
36972019
862680311
690144250
98592041
924300333
751764272
579228211
406692150
234156089
61620028
887328320
714792259
542256198
948948342
776412281
603876220
431340159
258804098
86268037
911976329
739440268
566904207
394368146
603876218
431340157
258804096
86268035
911976327
739440266
566904205
394368144
221832083
49296022
455988166
283452105
110916044
936624336
764088275
591552214
419016153
246480092
73944031
899652323
308100114
135564053
961272345
788736284
616200223
443664162
271128101
98592040
924300332
751764271
160212062
985920354
813384293
640848232
468312171
295776110
123240049
948948341
776412280
603876219
12324010
838032302
665496241
492960180
320424119
147888058
973596350
801060289
628524228
455988167
862680311
690144250
517608189
345072128
172536067
6
825708298
653172237
480636176
308100115
714792259
542256198
369720137
197184076
24648015
850356307
677820246
505284185
332748124
160212063
566904207
394368146
221832085
49296024
875004316
702468255
529932194
357396133
184860072
12324011
419016155
246480094
73944033
899652325
727116264
554580203
382044142
209508081
36972020
862680312
271128103
98592042
924300334
751764273
579228212
406692151
234156090
61620029
887328321
714792260
924300332
751764271
579228210
406692149
234156088
61620027
887328319
714792258
542256197
369720136
776412280
603876219
431340158
258804097
86268036
911976328
739440267
566904206
394368145
221832084
628524228
455988167
283452106
110916045
936624337
764088276
591552215
419016154
246480093
73944032
480636176
308100115
135564054
961272346
788736285
616200224
443664163
271128102
98592041
924300333
332748124
160212063
985920355
813384294
640848233
468312172
295776111
123240050
948948342
776412281
184860072
12324011
838032303
665496242
492960181
320424120
147888059
973596351
801060290
628524229
36972020
862680312
690144251
517608190
345072129
172536068
7
825708299
653172238
480636177
887328321
714792260
542256199
369720138
197184077
24648016
850356308
677820247
505284186
332748125
739440269
566904208
394368147
221832086
49296025
875004317
702468256
529932195
357396134
184860073
591552217
419016156
246480095
73944034
899652326
727116265
554580204
382044143
209508082
36972021
246480093
73944032
899652324
727116263
554580202
382044141
209508080
36972019
862680311
690144250
98592041
924300333
751764272
579228211
406692150
234156089
61620028
887328320
714792259
542256198
948948342
776412281
603876220
431340159
258804098
86268037
911976329
739440268
566904207
394368146
801060290
628524229
455988168
283452107
110916046
936624338
764088277
591552216
419016155
246480094
653172238
480636177
308100116
135564055
961272347
788736286
616200225
443664164
271128103
98592042
505284186
332748125
160212064
985920356
813384295
640848234
468312173
295776112
123240051
948948343
357396134
184860073
12324012
838032304
665496243
492960182
320424121
147888060
973596352
801060291
209508082
36972021
862680313
690144252
517608191
345072130
172536069
8
825708300
653172239
61620030
887328322
714792261
542256200
369720139
197184078
24648017
850356309
677820248
505284187
911976331
739440270
566904209
394368148
221832087
49296026
875004318
702468257
529932196
357396135
566904207
394368146
221832085
49296024
875004316
702468255
529932194
357396133
184860072
12324011
419016155
246480094
73944033
899652325
727116264
554580203
382044142
209508081
36972020
862680312
271128103
98592042
924300334
751764273
579228212
406692151
234156090
61620029
887328321
714792260
123240051
948948343
776412282
603876221
431340160
258804099
86268038
911976330
739440269
566904208
973596352
801060291
628524230
455988169
283452108
110916047
936624339
764088278
591552217
419016156
825708300
653172239
480636178
308100117
135564056
961272348
788736287
616200226
443664165
271128104
677820248
505284187
332748126
160212065
985920357
813384296
640848235
468312174
295776113
123240052
529932196
357396135
184860074
12324013
838032305
665496244
492960183
320424122
147888061
973596353
382044144
209508083
36972022
862680314
690144253
517608192
345072131
172536070
9
825708301
234156092
61620031
887328323
714792262
542256201
369720140
197184079
24648018
850356310
677820249
887328321
714792260
542256199
369720138
197184077
24648016
850356308
677820247
505284186
332748125
739440269
566904208
394368147
221832086
49296025
875004317
702468256
529932195
357396134
184860073
591552217
419016156
246480095
73944034
899652326
727116265
554580204
382044143
209508082
36972021
443664165
271128104
98592043
924300335
751764274
579228213
406692152
234156091
61620030
887328322
295776113
123240052
948948344
776412283
603876222
431340161
258804100
86268039
911976331
739440270
147888061
973596353
801060292
628524231
455988170
283452109
110916048
936624340
764088279
591552218
9
825708301
653172240
480636179
308100118
135564057
961272349
788736288
616200227
443664166
850356310
677820249
505284188
332748127
160212066
985920358
813384297
640848236
468312175
295776114
702468258
529932197
357396136
184860075
12324014
838032306
665496245
492960184
320424123
147888062
554580206
382044145
209508084
36972023
862680315
690144254
517608193
345072132
172536071
10
1
828542814
658841274
489139734
319438194
149736654
978279467
808577927
638876387
469174847
409280186
239578646
69877106
898419919
728718379
559016839
389315299
219613759
49912219
878455032
818560371
648858831
479157291
309455751
139754211
968297024
798595484
628893944
459192404
289490864
229596203
59894663
888437476
718735936
549034396
379332856
209631316
39929776
868472589
698771049
638876388
469174848
299473308
129771768
958314581
788613041
618911501
449209961
279508421
109806881
49912220
878455033
708753493
539051953
369350413
199648873
29947333
858490146
688788606
519087066
459192405
289490865
119789325
948332138
778630598
608929058
439227518
269525978
99824438
928367251
868472590
698771050
529069510
359367970
189666430
19964890
848507703
678806163
509104623
339403083
279508422
109806882
938349695
768648155
598946615
429245075
259543535
89841995
918384808
748683268
688788607
519087067
349385527
179683987
9982447
838525260
668823720
499122180
329420640
159719100
758665710
588964170
419262630
249561090
79859550
908402363
738700823
568999283
399297743
229596203
169701542
2
828542815
658841275
489139735
319438195
149736655
978279468
808577928
638876388
578981727
409280187
239578647
69877107
898419920
728718380
559016840
389315300
219613760
49912220
988261912
818560372
648858832
479157292
309455752
139754212
968297025
798595485
628893945
459192405
399297744
229596204
59894664
888437477
718735937
549034397
379332857
209631317
39929777
868472590
808577929
638876389
469174849
299473309
129771769
958314582
788613042
618911502
449209962
279508422
219613761
49912221
878455034
708753494
539051954
369350414
199648874
29947334
858490147
688788607
628893946
459192406
289490866
119789326
948332139
778630599
608929059
439227519
269525979
99824439
39929778
868472591
698771051
529069511
359367971
189666431
19964891
848507704
678806164
509104624
449209963
279508423
109806883
938349696
768648156
598946616
429245076
259543536
89841996
918384809
519087066
349385526
179683986
9982446
838525259
668823719
499122179
329420639
159719099
988261912
928367251
758665711
588964171
419262631
249561091
79859551
908402364
738700824
568999284
399297744
339403083
169701543
3
828542816
658841276
489139736
319438196
149736656
978279469
808577929
748683268
578981728
409280188
239578648
69877108
898419921
728718381
559016841
389315301
219613761
159719100
988261913
818560373
648858833
479157293
309455753
139754213
968297026
798595486
628893946
568999285
399297745
229596205
59894665
888437478
718735938
549034398
379332858
209631318
39929778
978279470
808577930
638876390
469174850
299473310
129771770
958314583
788613043
618911503
449209963
389315302
219613762
49912222
878455035
708753495
539051955
369350415
199648875
29947335
858490148
798595487
628893947
459192407
289490867
119789327
948332140
778630600
608929060
439227520
269525980
209631319
39929779
868472592
698771052
529069512
359367972
189666432
19964892
848507705
678806165
279508422
109806882
938349695
768648155
598946615
429245075
259543535
89841995
918384808
748683268
688788607
519087067
349385527
179683987
9982447
838525260
668823720
499122180
329420640
159719100
99824439
928367252
758665712
588964172
419262632
249561092
79859552
908402365
738700825
568999285
509104624
339403084
169701544
4
828542817
658841277
489139737
319438197
149736657
978279470
918384809
748683269
578981729
409280189
239578649
69877109
898419922
728718382
559016842
389315302
329420641
159719101
988261914
818560374
648858834
479157294
309455754
139754214
968297027
798595487
738700826
568999286
399297746
229596206
59894666
888437479
718735939
549034399
379332859
209631319
149736658
978279471
808577931
638876391
469174851
299473311
129771771
958314584
788613044
618911504
559016843
389315303
219613763
49912223
878455036
708753496
539051956
369350416
199648876
29947336
968297028
798595488
628893948
459192408
289490868
119789328
948332141
778630601
608929061
439227521
39929778
868472591
698771051
529069511
359367971
189666431
19964891
848507704
678806164
509104624
449209963
279508423
109806883
938349696
768648156
598946616
429245076
259543536
89841996
918384809
858490148
688788608
519087068
349385528
179683988
9982448
838525261
668823721
499122181
329420641
269525980
99824440
928367253
758665713
588964173
419262633
249561093
79859553
908402366
738700826
678806165
509104625
339403085
169701545
5
828542818
658841278
489139738
319438198
149736658
89841997
918384810
748683270
578981730
409280190
239578650
69877110
898419923
728718383
559016843
499122182
329420642
159719102
988261915
818560375
648858835
479157295
309455755
139754215
968297028
908402367
738700827
568999287
399297747
229596207
59894667
888437480
718735940
549034400
379332860
319438199
149736659
978279472
808577932
638876392
469174852
299473312
129771772
958314585
788613045
728718384
559016844
389315304
219613764
49912224
878455037
708753497
539051957
369350417
199648877
798595487
628893947
459192407
289490867
119789327
948332140
778630600
608929060
439227520
269525980
209631319
39929779
868472592
698771052
529069512
359367972
189666432
19964892
848507705
678806165
618911504
449209964
279508424
109806884
938349697
768648157
598946617
429245077
259543537
89841997
29947336
858490149
688788609
519087069
349385529
179683989
9982449
838525262
668823722
499122182
439227521
269525981
99824441
928367254
758665714
588964174
419262634
249561094
79859554
908402367
848507706
678806166
509104626
339403086
169701546
6
828542819
658841279
489139739
319438199
259543538
89841998
918384811
748683271
578981731
409280191
239578651
69877111
898419924
728718384
668823723
499122183
329420643
159719103
988261916
818560376
648858836
479157296
309455756
139754216
79859555
908402368
738700828
568999288
399297748
229596208
59894668
888437481
718735941
549034401
489139740
319438200
149736660
978279473
808577933
638876393
469174853
299473313
129771773
958314586
559016843
389315303
219613763
49912223
878455036
708753496
539051956
369350416
199648876
29947336
968297028
798595488
628893948
459192408
289490868
119789328
948332141
778630601
608929061
439227521
379332860
209631320
39929780
868472593
698771053
529069513
359367973
189666433
19964893
848507706
788613045
618911505
449209965
279508425
109806885
938349698
768648158
598946618
429245078
259543538
199648877
29947337
858490150
688788610
519087070
349385530
179683990
9982450
838525263
668823723
608929062
439227522
269525982
99824442
928367255
758665715
588964175
419262635
249561095
79859555
19964894
848507707
678806167
509104627
339403087
169701547
7
828542820
658841280
489139740
429245079
259543539
89841999
918384812
748683272
578981732
409280192
239578652
69877112
898419925
838525264
668823724
499122184
329420644
159719104
988261917
818560377
648858837
479157297
309455757
249561096
79859556
908402369
738700829
568999289
399297749
229596209
59894669
888437482
718735942
319438199
149736659
978279472
808577932
638876392
469174852
299473312
129771772
958314585
788613045
728718384
559016844
389315304
219613764
49912224
878455037
708753497
539051957
369350417
199648877
139754216
968297029
798595489
628893949
459192409
289490869
119789329
948332142
778630602
608929062
549034401
379332861
209631321
39929781
868472594
698771054
529069514
359367974
189666434
19964894
958314586
788613046
618911506
449209966
279508426
109806886
938349699
768648159
598946619
429245079
369350418
199648878
29947338
858490151
688788611
519087071
349385531
179683991
9982451
838525264
778630603
608929063
439227523
269525983
99824443
928367256
758665716
588964176
419262636
249561096
189666435
19964895
848507708
678806168
509104628
339403088
169701548
8
828542821
658841281
598946620
429245080
259543540
89842000
918384813
748683273
578981733
409280193
239578653
69877113
9982452
838525265
668823725
499122185
329420645
159719105
988261918
818560378
648858838
479157298
79859555
908402368
738700828
568999288
399297748
229596208
59894668
888437481
718735941
549034401
489139740
319438200
149736660
978279473
808577933
638876393
469174853
299473313
129771773
958314586
898419925
728718385
559016845
389315305
219613765
49912225
878455038
708753498
539051958
369350418
309455757
139754217
968297030
798595490
628893950
459192410
289490870
119789330
948332143
778630603
718735942
549034402
379332862
209631322
39929782
868472595
698771055
529069515
359367975
189666435
129771774
958314587
788613047
618911507
449209967
279508427
109806887
938349700
768648160
598946620
539051959
369350419
199648879
29947339
858490152
688788612
519087072
349385532
179683992
9982452
948332144
778630604
608929064
439227524
269525984
99824444
928367257
758665717
588964177
419262637
359367976
189666436
19964896
848507709
678806169
509104629
339403089
169701549
9
828542822
768648161
598946621
429245081
259543541
89842001
918384814
748683274
578981734
409280194
239578654
838525264
668823724
499122184
329420644
159719104
988261917
818560377
648858837
479157297
309455757
249561096
79859556
908402369
738700829
568999289
399297749
229596209
59894669
888437482
718735942
658841281
489139741
319438201
149736661
978279474
808577934
638876394
469174854
299473314
129771774
69877113
898419926
728718386
559016846
389315306
219613766
49912226
878455039
708753499
539051959
479157298
309455758
139754218
968297031
798595491
628893951
459192411
289490871
119789331
948332144
888437483
718735943
549034403
379332863
209631323
39929783
868472596
698771056
529069516
359367976
299473315
129771775
958314588
788613048
618911508
449209968
279508428
109806888
938349701
768648161
708753500
539051960
369350420
199648880
29947340
858490153
688788613
519087073
349385533
179683993
119789332
948332145
778630605
608929065
439227525
269525985
99824445
928367258
758665718
588964178
529069517
359367977
189666437
19964897
848507710
678806170
509104630
339403090
169701550
10
