8
10834
122
338
360
7601
3740
24317
14204
10579
7554
16367
47783
3513
3994
1901
428
32161
42
2732
50
0
1796
69
286
20244
3302
2271
20
56
506
2998
1852
3938
674
61
22
15
14013
256
4534
10822
15
11202
294
15418
21
3
1487
193
61170
76310
69830
64810
67607
50583
55392
63056
61180
69119
53614
56894
72182
56662
63379
52884
76634
57234
55588
80957
56894
53115
54883
78854
76634
58434
69636
59283
57234
51688
74026
72021
55235
57234
74348
47643
61078
53614
67032
83760
60887
54883
47643
58879
53614
69119
56662
56662
47376
53443
