933
254
11
144
13598
1979
4121
5450
2197
29474
19693
5890
9497
14148
10
33726
18134
285
66824
1368
951
308
232
4
411
63
15810
784
23499
39028
26
197
13039
1585
23791
47440
1509
14096
4195
269
58042
0
36706
0
496
896
4006
35
2956
17189
80647
58665
57875
50486
66325
62737
59032
68746
62100
64648
62598
69273
71205
64648
66325
60865
52534
54619
49474
68746
56312
52534
66824
62598
56326
54786
51081
62542
56754
49474
68760
60865
52963
64428
68746
66173
47821
68041
71205
64258
51081
60709
64648
45917
58554
60879
68662
44464
68746
45917
