1120
112
25638
18158
5493
18
604
2960
13727
17697
25656
2338
2075
23247
14199
21481
15242
128
14009
3
82
37347
1275
1042
1344
2530
7322
14792
6164
24
197
38604
61436
11274
10890
300
190
5098
576
22194
190
40235
61301
42810
13
3978
87
9
4629
19728
55259
63367
61367
63271
59393
57394
57474
61301
49958
67820
49916
69763
55433
67754
61436
51656
78958
48212
71817
69778
63523
71817
61301
74152
51746
76423
63367
49916
63367
48217
67754
74038
57338
67502
55433
55259
53571
61076
67587
67568
63356
69637
74278
67587
65418
51733
53555
59317
61317
61436
