106
48780
460
435
14229
1
1
13
3989
37389
2026
7678
5054
30
31913
714
0
3024
5362
45226
23741
342
14544
58
18548
4014
1727
4238
4006
9349
2077
34649
44
274
23743
6538
46
18366
0
29191
4339
6
1514
6839
307
0
405
3050
16
3080
68090
67676
48501
52236
58212
70381
59640
51942
49741
84892
64264
67676
57777
74508
62089
62843
62089
74804
55551
57293
59332
68632
81980
84216
65486
50664
65457
80576
68080
50073
68090
47955
84216
59970
66094
69714
61162
55321
55794
81356
68090
74128
84892
55794
71996
68090
68394
69714
61440
65689
