3834
8350
773
0
19357
33398
492
85
11799
13584
3364
21404
21385
1888
18
791
1117
6864
7911
1476
1330
20
7134
35988
0
3593
756
6
65430
142
28220
13099
0
1022
524
614
198
9345
13550
19917
336
87
92
198
336
83
182
41561
627
3604
65430
52154
70044
64339
55680
72302
76907
79642
74590
76907
57558
57976
54235
77198
59304
50578
76907
67551
55680
52487
66542
54235
59482
64339
49043
64521
55854
77198
65716
49043
68016
60291
66318
74940
60054
57558
66542
70410
60469
79299
63595
68016
61317
62633
57558
56183
57558
63534
72246
56183
